










































































































































































































































































































































































































































































































































































































































































































































































































































































































































































































































































































































































































































































































































































































































































































































































































































































































































































































































































































































































































































































































































































































































































































































































































































































































































































































































































































































































































































































































































































































































































































































































































































































































































































































































































































































































































































































































































































































































































































































































































































































































































































































































































































































































































































































































































































































































































































































































































































































































































































































































































































































































































































































































































































































































































































































































































































































































































































































































































































































































































































































































































































































































































































































































































































































































































































































































































































































































































































































































































































































































































































































































































































































































































































































































































































































































































































































































































































































































































































































































































































































































































































































































































































































































































































































































































































































































































































































































































































































































































































































































































































































































































































































































































































































































































































































































































































































[core0] Executing from 0x84AD0
[core1] Executing from 0x84B7C!
[interrupt] releasing core 0
[core2] Executing from 0x84B7C!
[interrupt] releasing core 1
[core3] Executing from 0x84B7C!
[interrupt] releasing core 2
[interrupt] releasing core 3
perf_root - begin (410557534)
thread_pool
single_worker
single_worker
single_worker
single_worker
single_worker
single_worker
single_worker
single_worker
single_worker
single_worker
single_worker
single_worker
single_worker
single_worker
single_worker
single_worker
single_worker
single_worker
waiting (0/64)
single_worker
single_worker
single_worker
single_worker
single_worker
single_worker
single_worker
single_worker
single_worker
single_worker
single_worker
single_worker
single_worker
single_worker
single_worker
single_worker
single_worker
single_worker
single_worker
single_worker
single_worker
single_worker
single_worker
single_worker
single_worker
single_worker
single_worker
single_worker
single_worker
single_worker
single_worker
single_worker
single_worker
single_worker
single_worker
single_worker
single_worker
single_worker
single_worker
single_worker
single_worker
single_worker
single_worker
single_worker
single_worker
single_worker
29  [core 1] exiting
MODE     instrs     cycles l1d access l1d refill l1i access l1i refill
USR           0          0          0          0          0          0
USR     7856688   11683202    4444226        617    4352721          2
USR           0          0          0          0          0          0
USR           0          0          0          0          0          0
SYS           0          0          0          0          0          0
SYS       92269     673073      22802        203      65526          8
SYS           0          0          0          0          0          0
SYS           0          0          0          0          0          0
14  [core 2] exiting
MODE     instrs     cycles l1d access l1d refill l1i access l1i refill
USR           0          0          0          0          0          0
USR           0          0          0          0          0          0
USR    11832856   17654575    6693289       4161    6554694         19
USR           0          0          0          0          0          0
SYS           0          0          0          0          0          0
SYS           0          0          0          0          0          0
SYS      250124    1610042      80835       7348     269779         45
SYS           0          0          0          0          0          0
13  [core 1] exiting
MODE     instrs     cycles l1d access l1d refill l1i access l1i refill
USR           0          0          0          0          0          0
USR    11832968   17600049    6693295        966    6554913         20
USR           0          0          0          0          0          0
USR           0          0          0          0          0          0
SYS           0          0          0          0          0          0
SYS      116793     820941      30527        237      85509         46
SYS           0          0          0          0          0          0
SYS           0          0          0          0          0          0
10  [core 3] exiting
MODE     instrs     cycles l1d access l1d refill l1i access l1i refill
USR         381       1292        292          5        987          4
USR           0          0          0          0          0          0
USR           0          0          0          0          0          0
USR    11831352   17702519    6692393       6950    6553140         18
SYS      438295    1576839     130508         11     246250         15
SYS           0          0          0          0          0          0
SYS           0          0          0          0          0          0
SYS       37927      62923      18963        659      39429          6
waiting (1/64)
18  [core 2] exiting
MODE     instrs     cycles l1d access l1d refill l1i access l1i refill
USR           0          0          0          0          0          0
USR           0          0          0          0          0          0
USR    11828863   17627870    6691063       2950    6553483          0
USR           0          0          0          0          0          0
SYS           0          0          0          0          0          0
SYS           0          0          0          0          0          0
SYS      108979     782011      29551        355      81473         18
SYS           0          0          0          0          0          0
11  [core 3] exiting
MODE     instrs     cycles l1d access l1d refill l1i access l1i refill
USR      201431     300474     114015         20     112440          4
USR           0          0          0          0          0          0
USR           0          0          0          0          0          0
USR    11631625   17381535    6579458       5645    6444090          2
SYS       85145     788298      12971         11      50321          5
SYS           0          0          0          0          0          0
SYS           0          0          0          0          0          0
SYS       37543      59000      18846        306      40072          8
waiting (2/64)
26  [core 2] exiting
MODE     instrs     cycles l1d access l1d refill l1i access l1i refill
USR           0          0          0          0          0          0
USR           0          0          0          0          0          0
USR    11832993   17637285    6693350       3296    6554040          1
USR           0          0          0          0          0          0
SYS           0          0          0          0          0          0
SYS           0          0          0          0          0          0
SYS      280783    2127712      97050      11462     324599         11
SYS           0          0          0          0          0          0
19  [core 3] exiting
MODE     instrs     cycles l1d access l1d refill l1i access l1i refill
USR           0          0          0          0          0          0
USR           0          0          0          0          0          0
USR           0          0          0          0          0          0
USR    11833017   17704328    6693402       7275    6554487          6
SYS           0          0          0          0          0          0
SYS           0          0          0          0          0          0
SYS           0          0          0          0          0          0
SYS      415300    3766238     155781      24691     536403         34
15  [core 0] exiting
MODE     instrs     cycles l1d access l1d refill l1i access l1i refill
USR    11832973   17644072    6693344       3530    6554512          2
USR           0          0          0          0          0          0
USR           0          0          0          0          0          0
USR           0          0          0          0          0          0
SYS      349785    2615534     122636      15523     418199         20
SYS           0          0          0          0          0          0
SYS           0          0          0          0          0          0
SYS           0          0          0          0          0          0
17  [core 1] exiting
MODE     instrs     cycles l1d access l1d refill l1i access l1i refill
USR           0          0          0          0          0          0
USR    11833233   17597695    6693536        933    6556315          2
USR           0          0          0          0          0          0
USR           0          0          0          0          0          0
SYS           0          0          0          0          0          0
SYS      174632    1449251      55615       4979     179307         16
SYS           0          0          0          0          0          0
SYS           0          0          0          0          0          0
22  [core 2] exiting
MODE     instrs     cycles l1d access l1d refill l1i access l1i refill
USR           0          0          0          0          0          0
USR           0          0          0          0          0          0
USR    11833022   17624202    6693398       2555    6554940          3
USR           0          0          0          0          0          0
SYS           0          0          0          0          0          0
SYS           0          0          0          0          0          0
SYS      185815    1638974      61236       7106     193692         18
SYS           0          0          0          0          0          0
23  [core 3] exiting
MODE     instrs     cycles l1d access l1d refill l1i access l1i refill
USR           0          0          0          0          0          0
USR           0          0          0          0          0          0
USR           0          0          0          0          0          0
USR    11832802   17688156    6693272       6129    6554828          3
SYS           0          0          0          0          0          0
SYS           0          0          0          0          0          0
SYS           0          0          0          0          0          0
SYS      688166    3219259     233938      13839     587194         12
25  [core 1] exiting
MODE     instrs     cycles l1d access l1d refill l1i access l1i refill
USR           0          0          0          0          0          0
USR    11833547   17594010    6693671        709    6554631          1
USR           0          0          0          0          0          0
USR           0          0          0          0          0          0
SYS           0          0          0          0          0          0
SYS      314883    2425801     109838      13513     369757         10
SYS           0          0          0          0          0          0
SYS           0          0          0          0          0          0
27  [core 0] exiting
MODE     instrs     cycles l1d access l1d refill l1i access l1i refill
USR    11833114   17650390    6694172       3990    6554189          0
USR           0          0          0          0          0          0
USR           0          0          0          0          0          0
USR           0          0          0          0          0          0
SYS      122078     852467      31258        833      88441         10
SYS           0          0          0          0          0          0
SYS           0          0          0          0          0          0
SYS           0          0          0          0          0          0
21  [core 1] exiting
MODE     instrs     cycles l1d access l1d refill l1i access l1i refill
USR           0          0          0          0          0          0
USR    11832685   17593522    6693199        781    6554851          2
USR           0          0          0          0          0          0
USR           0          0          0          0          0          0
SYS           0          0          0          0          0          0
SYS      190510    1636015      62198       6607     201774          7
SYS           0          0          0          0          0          0
SYS           0          0          0          0          0          0
24  [core 0] exiting
MODE     instrs     cycles l1d access l1d refill l1i access l1i refill
USR    11832669   17681698    6693210       6072    6554397          2
USR           0          0          0          0          0          0
USR           0          0          0          0          0          0
USR           0          0          0          0          0          0
SYS      122630     853942      31539        900      89012         20
SYS           0          0          0          0          0          0
SYS           0          0          0          0          0          0
SYS           0          0          0          0          0          0
12  [core 2] exiting
MODE     instrs     cycles l1d access l1d refill l1i access l1i refill
USR      402779     599902     227907         52     223953          0
USR           0          0          0          0          0          0
USR    11431924   17079896    6466488       5537    6332431          4
USR           0          0          0          0          0          0
SYS       86109     789783      13333         19      51307          8
SYS           0          0          0          0          0          0
SYS       36583      59618      18298        417      38080          4
SYS           0          0          0          0          0          0
35  [core 0] exiting
MODE     instrs     cycles l1d access l1d refill l1i access l1i refill
USR    11832446   17648952    6693054       4109    6553991          1
USR           0          0          0          0          0          0
USR           0          0          0          0          0          0
USR           0          0          0          0          0          0
SYS      808202    7961619     324255      58951    1139987         11
SYS           0          0          0          0          0          0
SYS           0          0          0          0          0          0
SYS           0          0          0          0          0          0
37  [core 1] exiting
MODE     instrs     cycles l1d access l1d refill l1i access l1i refill
USR           0          0          0          0          0          0
USR    11833140   17593392    6693414        667    6554857          5
USR           0          0          0          0          0          0
USR           0          0          0          0          0          0
SYS           0          0          0          0          0          0
SYS      186378    1636378      61322       6712     194744         19
SYS           0          0          0          0          0          0
SYS           0          0          0          0          0          0
43  [core 0] exiting
MODE     instrs     cycles l1d access l1d refill l1i access l1i refill
USR    11832801   17643685    6693236       3685    6554053          1
USR           0          0          0          0          0          0
USR           0          0          0          0          0          0
USR           0          0          0          0          0          0
SYS      188196    1639165      61433       7146     195358         12
SYS           0          0          0          0          0          0
SYS           0          0          0          0          0          0
SYS           0          0          0          0          0          0
34  [core 2] exiting
MODE     instrs     cycles l1d access l1d refill l1i access l1i refill
USR           0          0          0          0          0          0
USR           0          0          0          0          0          0
USR    11833108   17616507    6693423       2118    6554607          1
USR           0          0          0          0          0          0
SYS           0          0          0          0          0          0
SYS           0          0          0          0          0          0
SYS      487657    4799777     189575      32745     656584         13
SYS           0          0          0          0          0          0
51  [core 0] exiting
MODE     instrs     cycles l1d access l1d refill l1i access l1i refill
USR    11832913   17656160    6693314       4223    6554260          2
USR           0          0          0          0          0          0
USR           0          0          0          0          0          0
USR           0          0          0          0          0          0
SYS      334619    3218777     124753      20126     427571         10
SYS           0          0          0          0          0          0
SYS           0          0          0          0          0          0
SYS           0          0          0          0          0          0
36  [core 3] exiting
MODE     instrs     cycles l1d access l1d refill l1i access l1i refill
USR           0          0          0          0          0          0
USR           0          0          0          0          0          0
USR           0          0          0          0          0          0
USR    11832624   17647109    6693144       4173    6554517          2
SYS           0          0          0          0          0          0
SYS           0          0          0          0          0          0
SYS           0          0          0          0          0          0
SYS      278934    2429558      99202      13633     334444         10
42  [core 2] exiting
MODE     instrs     cycles l1d access l1d refill l1i access l1i refill
USR           0          0          0          0          0          0
USR           0          0          0          0          0          0
USR    11831820   17616965    6692690       2244    6554157          3
USR           0          0          0          0          0          0
SYS           0          0          0          0          0          0
SYS           0          0          0          0          0          0
SYS      260750    2428697      93142      13512     308019         17
SYS           0          0          0          0          0          0
58  [core 0] exiting
MODE     instrs     cycles l1d access l1d refill l1i access l1i refill
USR    11833062   17646455    6693392       3803    6554156          0
USR           0          0          0          0          0          0
USR           0          0          0          0          0          0
USR           0          0          0          0          0          0
SYS      253396    1640814      82411       7792     274557         11
SYS           0          0          0          0          0          0
SYS           0          0          0          0          0          0
SYS           0          0          0          0          0          0
49  [core 1] exiting
MODE     instrs     cycles l1d access l1d refill l1i access l1i refill
USR           0          0          0          0          0          0
USR    11832970   17594132    6693349        826    6554340          1
USR           0          0          0          0          0          0
USR           0          0          0          0          0          0
SYS           0          0          0          0          0          0
SYS      188964    1636320      62107       6648     198149         11
SYS           0          0          0          0          0          0
SYS           0          0          0          0          0          0
66  [core 0] exiting
MODE     instrs     cycles l1d access l1d refill l1i access l1i refill
USR    11832634   17644117    6693147       3570    6554005          2
USR           0          0          0          0          0          0
USR           0          0          0          0          0          0
USR           0          0          0          0          0          0
SYS      475903    1640619     149150        618     284784         11
SYS           0          0          0          0          0          0
SYS           0          0          0          0          0          0
SYS           0          0          0          0          0          0
53  [core 1] exiting
MODE     instrs     cycles l1d access l1d refill l1i access l1i refill
USR           0          0          0          0          0          0
USR    11832498   17593632    6693081        798    6553995          2
USR           0          0          0          0          0          0
USR           0          0          0          0          0          0
SYS           0          0          0          0          0          0
SYS      260732    2426504      93057      13278     311144         11
SYS           0          0          0          0          0          0
SYS           0          0          0          0          0          0
50  [core 2] exiting
MODE     instrs     cycles l1d access l1d refill l1i access l1i refill
USR           0          0          0          0          0          0
USR           0          0          0          0          0          0
USR    11820736   17604789    6686409       2479    6547646          2
USR           0          0          0          0          0          0
SYS           0          0          0          0          0          0
SYS           0          0          0          0          0          0
SYS      186900    1638280      61519       6976     196384         13
SYS           0          0          0          0          0          0
44  [core 3] exiting
MODE     instrs     cycles l1d access l1d refill l1i access l1i refill
USR           0          0          0          0          0          0
USR           0          0          0          0          0          0
USR           0          0          0          0          0          0
USR    11833200   17650596    6693473       4331    6554605          2
SYS           0          0          0          0          0          0
SYS           0          0          0          0          0          0
SYS           0          0          0          0          0          0
SYS      190781    1638607      62352       6836     199452         12
61  [core 1] exiting
MODE     instrs     cycles l1d access l1d refill l1i access l1i refill
USR           0          0          0          0          0          0
USR    11833212   17594521    6693488        762    6554470          2
USR           0          0          0          0          0          0
USR           0          0          0          0          0          0
SYS           0          0          0          0          0          0
SYS      189180    1635957      62135       6575     198561         14
SYS           0          0          0          0          0          0
SYS           0          0          0          0          0          0
16  [core 0] exiting
MODE     instrs     cycles l1d access l1d refill l1i access l1i refill
USR    11833060   17689688    6693473       6267    6554927          5
USR           0          0          0          0          0          0
USR           0          0          0          0          0          0
USR           0          0          0          0          0          0
SYS      476690    1640699     149506        639     285850         14
SYS           0          0          0          0          0          0
SYS           0          0          0          0          0          0
SYS           0          0          0          0          0          0
48  [core 3] exiting
MODE     instrs     cycles l1d access l1d refill l1i access l1i refill
USR           0          0          0          0          0          0
USR           0          0          0          0          0          0
USR           0          0          0          0          0          0
USR    11831775   17648342    6692655       4353    6553634          1
SYS           0          0          0          0          0          0
SYS           0          0          0          0          0          0
SYS           0          0          0          0          0          0
SYS      187118    1638766      61565       7009     196454          7
59  [core 2] exiting
MODE     instrs     cycles l1d access l1d refill l1i access l1i refill
USR           0          0          0          0          0          0
USR           0          0          0          0          0          0
USR    11832245   17656708    6692929       4189    6554201          1
USR           0          0          0          0          0          0
SYS           0          0          0          0          0          0
SYS           0          0          0          0          0          0
SYS      336673    3220639     125406      20107     427586         15
SYS           0          0          0          0          0          0
31  [core 0] exiting
MODE     instrs     cycles l1d access l1d refill l1i access l1i refill
USR    11832622   17651404    6693178       4152    6554389          4
USR           0          0          0          0          0          0
USR           0          0          0          0          0          0
USR           0          0          0          0          0          0
SYS      263649    2431351      93897      13473     312908         24
SYS           0          0          0          0          0          0
SYS           0          0          0          0          0          0
SYS           0          0          0          0          0          0
69  [core 1] exiting
MODE     instrs     cycles l1d access l1d refill l1i access l1i refill
USR           0          0          0          0          0          0
USR    11828341   17588061    6690741        871    6551752          1
USR           0          0          0          0          0          0
USR           0          0          0          0          0          0
SYS           0          0          0          0          0          0
SYS      261144    2426229      93213      13199     309557         11
SYS           0          0          0          0          0          0
SYS           0          0          0          0          0          0
47  [core 0] exiting
MODE     instrs     cycles l1d access l1d refill l1i access l1i refill
USR    11833155   17656637    6693421       4543    6554681          2
USR           0          0          0          0          0          0
USR           0          0          0          0          0          0
USR           0          0          0          0          0          0
SYS      190052    1639633      62230       6964     198961         10
SYS           0          0          0          0          0          0
SYS           0          0          0          0          0          0
SYS           0          0          0          0          0          0
41  [core 1] exiting
MODE     instrs     cycles l1d access l1d refill l1i access l1i refill
USR           0          0          0          0          0          0
USR    11833173   17592303    6693505        640    6555128          1
USR           0          0          0          0          0          0
USR           0          0          0          0          0          0
SYS           0          0          0          0          0          0
SYS      260700    2426022      93078      13240     310995          6
SYS           0          0          0          0          0          0
SYS           0          0          0          0          0          0
71  [core 2] exiting
MODE     instrs     cycles l1d access l1d refill l1i access l1i refill
USR           0          0          0          0          0          0
USR           0          0          0          0          0          0
USR    11832183   17649795    6692896       3900    6553916          2
USR           0          0          0          0          0          0
SYS           0          0          0          0          0          0
SYS           0          0          0          0          0          0
SYS      254959    1639349      82880       7514     272516         14
SYS           0          0          0          0          0          0
62  [core 0] exiting
MODE     instrs     cycles l1d access l1d refill l1i access l1i refill
USR    11833190   17651803    6693515       3994    6554587          2
USR           0          0          0          0          0          0
USR           0          0          0          0          0          0
USR           0          0          0          0          0          0
SYS      258239    1639772      83418       7475     274982         11
SYS           0          0          0          0          0          0
SYS           0          0          0          0          0          0
SYS           0          0          0          0          0          0
30  [core 2] exiting
MODE     instrs     cycles l1d access l1d refill l1i access l1i refill
USR           0          0          0          0          0          0
USR           0          0          0          0          0          0
USR    11833520   17624877    6693649       2656    6555441          4
USR           0          0          0          0          0          0
SYS           0          0          0          0          0          0
SYS           0          0          0          0          0          0
SYS      340735    2160578     116815      12015     395694         15
SYS           0          0          0          0          0          0
56  [core 3] exiting
MODE     instrs     cycles l1d access l1d refill l1i access l1i refill
USR           0          0          0          0          0          0
USR           0          0          0          0          0          0
USR           0          0          0          0          0          0
USR    11832727   17638879    6693205       3578    6554115          1
SYS           0          0          0          0          0          0
SYS           0          0          0          0          0          0
SYS           0          0          0          0          0          0
SYS      486615    4799287     189232      32694     657204         11
46  [core 2] exiting
MODE     instrs     cycles l1d access l1d refill l1i access l1i refill
USR           0          0          0          0          0          0
USR           0          0          0          0          0          0
USR    11832695   17622049    6693215       2534    6554586          3
USR           0          0          0          0          0          0
SYS           0          0          0          0          0          0
SYS           0          0          0          0          0          0
SYS      187608    1638493      61656       6993     196585         11
SYS           0          0          0          0          0          0
57  [core 1] exiting
MODE     instrs     cycles l1d access l1d refill l1i access l1i refill
USR           0          0          0          0          0          0
USR    11832374   17593348    6693041        766    6554433          1
USR           0          0          0          0          0          0
USR           0          0          0          0          0          0
SYS           0          0          0          0          0          0
SYS      341011    3216516     126495      19410     432274          8
SYS           0          0          0          0          0          0
SYS           0          0          0          0          0          0
63  [core 2] exiting
MODE     instrs     cycles l1d access l1d refill l1i access l1i refill
USR           0          0          0          0          0          0
USR           0          0          0          0          0          0
USR    11832743   17655985    6693244       4051    6554349          1
USR           0          0          0          0          0          0
SYS           0          0          0          0          0          0
SYS           0          0          0          0          0          0
SYS      269497    2429149      94718      13416     318439         11
SYS           0          0          0          0          0          0
64  [core 3] exiting
MODE     instrs     cycles l1d access l1d refill l1i access l1i refill
USR           0          0          0          0          0          0
USR           0          0          0          0          0          0
USR           0          0          0          0          0          0
USR    11821255   17625967    6686660       3979    6548005          3
SYS           0          0          0          0          0          0
SYS           0          0          0          0          0          0
SYS           0          0          0          0          0          0
SYS      262838    2429615      93629      13299     312584         16
73  [core 1] exiting
MODE     instrs     cycles l1d access l1d refill l1i access l1i refill
USR           0          0          0          0          0          0
USR    11824873   17581849    6688801        726    6550151          3
USR           0          0          0          0          0          0
USR           0          0          0          0          0          0
SYS           0          0          0          0          0          0
SYS      409444    4006490     156801      26127     541590         13
SYS           0          0          0          0          0          0
SYS           0          0          0          0          0          0
38  [core 2] exiting
MODE     instrs     cycles l1d access l1d refill l1i access l1i refill
USR           0          0          0          0          0          0
USR           0          0          0          0          0          0
USR    11829927   17620650    6691684       2669    6553420          2
USR           0          0          0          0          0          0
SYS           0          0          0          0          0          0
SYS           0          0          0          0          0          0
SYS      580275    5589444     227790      39632     796551         14
SYS           0          0          0          0          0          0
waiting (3/64)
72  [core 3] exiting
MODE     instrs     cycles l1d access l1d refill l1i access l1i refill
USR           0          0          0          0          0          0
USR           0          0          0          0          0          0
USR           0          0          0          0          0          0
USR    11833190   17640870    6693471       3636    6554620          0
SYS           0          0          0          0          0          0
SYS           0          0          0          0          0          0
SYS           0          0          0          0          0          0
SYS      475481    1638699     149152        467     284571         11
39  [core 0] exiting
MODE     instrs     cycles l1d access l1d refill l1i access l1i refill
USR    11832974   17650375    6693415       3868    6555105          4
USR           0          0          0          0          0          0
USR           0          0          0          0          0          0
USR           0          0          0          0          0          0
SYS      638936    6380589     253912      45831     884490         12
SYS           0          0          0          0          0          0
SYS           0          0          0          0          0          0
SYS           0          0          0          0          0          0
33  [core 1] exiting
MODE     instrs     cycles l1d access l1d refill l1i access l1i refill
USR           0          0          0          0          0          0
USR    11833230   17593721    6693570        669    6555685          7
USR           0          0          0          0          0          0
USR           0          0          0          0          0          0
SYS           0          0          0          0          0          0
SYS      488252    4007568     182895      26740     637237         17
SYS           0          0          0          0          0          0
SYS           0          0          0          0          0          0
67  [core 2] exiting
MODE     instrs     cycles l1d access l1d refill l1i access l1i refill
USR           0          0          0          0          0          0
USR           0          0          0          0          0          0
USR    11832928   17646544    6693396       3662    6555268          6
USR           0          0          0          0          0          0
SYS           0          0          0          0          0          0
SYS           0          0          0          0          0          0
SYS      204367    1337667      63257       4637     202951         16
SYS           0          0          0          0          0          0
65  [core 1] exiting
MODE     instrs     cycles l1d access l1d refill l1i access l1i refill
USR           0          0          0          0          0          0
USR    11828522   17588512    6690880        827    6552680          1
USR           0          0          0          0          0          0
USR           0          0          0          0          0          0
SYS           0          0          0          0          0          0
SYS      357229    3216088     132398      19954     448701          9
SYS           0          0          0          0          0          0
SYS           0          0          0          0          0          0
70  [core 0] exiting
MODE     instrs     cycles l1d access l1d refill l1i access l1i refill
USR    11826882   17632940    6689970       3260    6551897          5
USR           0          0          0          0          0          0
USR           0          0          0          0          0          0
USR           0          0          0          0          0          0
SYS      476109    1640122     149193        618     284929         10
SYS           0          0          0          0          0          0
SYS           0          0          0          0          0          0
SYS           0          0          0          0          0          0
55  [core 2] exiting
MODE     instrs     cycles l1d access l1d refill l1i access l1i refill
USR           0          0          0          0          0          0
USR           0          0          0          0          0          0
USR    11832678   17657999    6693278       4254    6555326          7
USR           0          0          0          0          0          0
SYS           0          0          0          0          0          0
SYS           0          0          0          0          0          0
SYS      580450    5589658     227814      39578     791312         13
SYS           0          0          0          0          0          0
45  [core 1] exiting
MODE     instrs     cycles l1d access l1d refill l1i access l1i refill
USR           0          0          0          0          0          0
USR    11832996   17594412    6693450        763    6555774          7
USR           0          0          0          0          0          0
USR           0          0          0          0          0          0
SYS           0          0          0          0          0          0
SYS      158998    1334965      49559       4204     153693         13
SYS           0          0          0          0          0          0
SYS           0          0          0          0          0          0
32  [core 3] exiting
MODE     instrs     cycles l1d access l1d refill l1i access l1i refill
USR           0          0          0          0          0          0
USR           0          0          0          0          0          0
USR           0          0          0          0          0          0
USR    11832746   17643184    6693238       3872    6555049          6
SYS           0          0          0          0          0          0
SYS           0          0          0          0          0          0
SYS           0          0          0          0          0          0
SYS      227483    1413228      71413       5281     221010         17
waiting (4/64)
20  [core 1] exiting
MODE     instrs     cycles l1d access l1d refill l1i access l1i refill
USR     9208649   13776674    5208881       5695    5100499          1
USR     2620350    3899330    1482336        273    1453123          5
USR           0          0          0          0          0          0
USR           0          0          0          0          0          0
SYS      113907     837772      27165        677      79747          8
SYS        8875      14835       4466         35       9995         13
SYS           0          0          0          0          0          0
SYS           0          0          0          0          0          0
52  [core 3] exiting
MODE     instrs     cycles l1d access l1d refill l1i access l1i refill
USR           0          0          0          0          0          0
USR           0          0          0          0          0          0
USR           0          0          0          0          0          0
USR    11834454   17647175    6694210       3877    6555682          4
SYS           0          0          0          0          0          0
SYS           0          0          0          0          0          0
SYS           0          0          0          0          0          0
SYS      485645    4800409     189144      32904     656638         17
40  [core 2] exiting
MODE     instrs     cycles l1d access l1d refill l1i access l1i refill
USR           0          0          0          0          0          0
USR           0          0          0          0          0          0
USR      185491     277546     104973        111     103145          1
USR    11647645   17374947    6588533       4325    6452062          2
SYS           0          0          0          0          0          0
SYS           0          0          0          0          0          0
SYS         732       1197        386          5        968          0
SYS      410115    4007229     156801      26466     537048          3
68  [core 3] exiting
MODE     instrs     cycles l1d access l1d refill l1i access l1i refill
USR           0          0          0          0          0          0
USR           0          0          0          0          0          0
USR           0          0          0          0          0          0
USR    11833189   17635154    6693541       3199    6555271          4
SYS           0          0          0          0          0          0
SYS           0          0          0          0          0          0
SYS           0          0          0          0          0          0
SYS     1318388    6379260     468877      38666    1342996         10
54  [core 0] exiting
MODE     instrs     cycles l1d access l1d refill l1i access l1i refill
USR    11833323   17647065    6693650       3794    6555569          7
USR           0          0          0          0          0          0
USR           0          0          0          0          0          0
USR           0          0          0          0          0          0
SYS      478252    4009438     178167      26965     619651          8
SYS           0          0          0          0          0          0
SYS           0          0          0          0          0          0
SYS           0          0          0          0          0          0
60  [core 0] exiting
MODE     instrs     cycles l1d access l1d refill l1i access l1i refill
USR      377314     563087     213479        112     209575          5
USR           0          0          0          0          0          0
USR           0          0          0          0          0          0
USR    11448577   17075030    6475930       3941    6341766          3
SYS        1433       3232        739         18       1974          9
SYS           0          0          0          0          0          0
SYS           0          0          0          0          0          0
SYS      457323    4496758     176641      30381     612086          5
28  [core 3] exiting
MODE     instrs     cycles l1d access l1d refill l1i access l1i refill
USR    10213584   15276950    5777381       5938    5657689          5
USR           0          0          0          0          0          0
USR           0          0          0          0          0          0
USR     1622539    2418174     917894        414     899839          2
SYS      161682    1401047      50084       5070     160683         18
SYS           0          0          0          0          0          0
SYS           0          0          0          0          0          0
SYS        5832       9617       2937         40       6482          0
waiting (5/64)
waiting (6/64)
waiting (7/64)
waiting (8/64)
waiting (9/64)
waiting (10/64)
waiting (11/64)
waiting (12/64)
waiting (13/64)
waiting (14/64)
waiting (15/64)
waiting (16/64)
waiting (17/64)
waiting (18/64)
waiting (19/64)
waiting (20/64)
waiting (21/64)
waiting (22/64)
waiting (23/64)
waiting (24/64)
waiting (25/64)
waiting (26/64)
waiting (27/64)
waiting (28/64)
waiting (29/64)
waiting (30/64)
waiting (31/64)
waiting (32/64)
waiting (33/64)
waiting (34/64)
waiting (35/64)
waiting (36/64)
waiting (37/64)
waiting (38/64)
waiting (39/64)
waiting (40/64)
waiting (41/64)
waiting (42/64)
waiting (43/64)
waiting (44/64)
waiting (45/64)
waiting (46/64)
waiting (47/64)
waiting (48/64)
waiting (49/64)
waiting (50/64)
waiting (51/64)
waiting (52/64)
waiting (53/64)
waiting (54/64)
waiting (55/64)
waiting (56/64)
waiting (57/64)
waiting (58/64)
waiting (59/64)
waiting (60/64)
waiting (61/64)
waiting (62/64)
waiting (63/64)
thread_pool - done
9   [core 0] exiting
MODE     instrs     cycles l1d access l1d refill l1i access l1i refill
USR      167812     301751      80842        243     246028        565
USR           0          0          0          0          0          0
USR           0          0          0          0          0          0
USR           0          0          0          0          0          0
SYS    84713836  626225963   31810399    4430973  103711260       1574
SYS           0          0          0          0          0          0
SYS           0          0          0          0          0          0
SYS           0          0          0          0          0          0
perf_root - death (576045168)

