



























































































































































































































































































































































































































































































































































































































































































































































































































































































































































































































































































































































































































































































































































































































































































































































































































































































































































































































































































































































































































































































































































































































































































































































































































































































































































































































































































































































































































































































































































































































































































































































































































































































































































































































































































































































































































































































































































































































































































































































































































































































































































































































































































































































































































































































































































































































































































































































































































































































































































































































































































































































































































































































































































































































































































































































































































































































































































































































































































































































































































































































































































































































































































































































































































































































































































































































































































































































































































































































































































































































































































































































































































































































































































































































































































































































































































































































































































































































































































































































































































































































































































































































































































































































































































































































































































































































































































































































































































































































































































































































































































































































































































































































































































































































































































































































































































































[core0] Executing from 0x84AD0
[core2] Executing from 0x84B7C!
[core1] Executing from 0x84B7C!
[core3] Executing from 0x84B7C!
[interrupt] releasing core 2
[interrupt] releasing core 1
[interrupt] releasing core 3
[interrupt] releasing core 0
perf_root - begin (357836046)
thread_pool
single_worker
single_worker
single_worker
single_worker
single_worker
single_worker
single_worker
single_worker
single_worker
single_worker
waiting (0/64)
single_worker
single_worker
single_worker
single_worker
single_worker
single_worker
single_worker
single_worker
single_worker
single_worker
single_worker
single_worker
single_worker
single_worker
single_worker
single_worker
single_worker
single_worker
single_worker
single_worker
single_worker
single_worker
single_worker
single_worker
single_worker
single_worker
single_worker
single_worker
single_worker
single_worker
single_worker
single_worker
single_worker
single_worker
single_worker
single_worker
single_worker
single_worker
single_worker
single_worker
single_worker
single_worker
single_worker
single_worker
single_worker
single_worker
single_worker
single_worker
single_worker
single_worker
single_worker
single_worker
single_worker
single_worker
13  [core 1] exiting
MODE     instrs     cycles l1d access l1d refill l1i access l1i refill
USR           0          0          0          0          0          0
USR    11832705   17601433    6693367       1507    6555296         21
USR           0          0          0          0          0          0
USR           0          0          0          0          0          0
SYS           0          0          0          0          0          0
SYS      116792     821878      30954        503      86991         43
SYS           0          0          0          0          0          0
SYS           0          0          0          0          0          0
14  [core 2] exiting
MODE     instrs     cycles l1d access l1d refill l1i access l1i refill
USR           0          0          0          0          0          0
USR           0          0          0          0          0          0
USR    11831835   17615218    6692897       2468    6553591         22
USR           0          0          0          0          0          0
SYS           0          0          0          0          0          0
SYS           0          0          0          0          0          0
SYS      250080    1609396      81159       7316     270032         48
SYS           0          0          0          0          0          0
18  [core 3] exiting
MODE     instrs     cycles l1d access l1d refill l1i access l1i refill
USR           0          0          0          0          0          0
USR           0          0          0          0          0          0
USR           0          0          0          0          0          0
USR    11835346   17621882    6694885       2301    6557885         19
SYS           0          0          0          0          0          0
SYS           0          0          0          0          0          0
SYS           0          0          0          0          0          0
SYS      117333     825302      31021        362      87150         48
waiting (1/64)
10  [core 1] exiting
MODE     instrs     cycles l1d access l1d refill l1i access l1i refill
USR         381       1404        298          5        989          5
USR    11832223   17596330    6693028       1280    6554069          0
USR           0          0          0          0          0          0
USR           0          0          0          0          0          0
SYS       84440     787349      12672         11      49497         30
SYS       37229      61612      18965        418      39901          6
SYS           0          0          0          0          0          0
SYS           0          0          0          0          0          0
19  [core 3] exiting
MODE     instrs     cycles l1d access l1d refill l1i access l1i refill
USR           0          0          0          0          0          0
USR           0          0          0          0          0          0
USR           0          0          0          0          0          0
USR    11825127   17602778    6689093       2126    6551789          5
SYS           0          0          0          0          0          0
SYS           0          0          0          0          0          0
SYS           0          0          0          0          0          0
SYS      423648    1634858     133814       2053     281679         31
57  [core 1] exiting
MODE     instrs     cycles l1d access l1d refill l1i access l1i refill
USR           0          0          0          0          0          0
USR    10271032   15277585    5810042       1383    5690188          0
USR           0          0          0          0          0          0
USR           0          0          0          0          0          0
SYS           0          0          0          0          0          0
SYS      329740    3212114     122834      19984     419658         17
SYS           0          0          0          0          0          0
SYS           0          0          0          0          0          0
15  [core 0] exiting
MODE     instrs     cycles l1d access l1d refill l1i access l1i refill
USR    11833019   17612596    6693550       2275    6556415          5
USR           0          0          0          0          0          0
USR           0          0          0          0          0          0
USR           0          0          0          0          0          0
SYS      508336    1826569     162129       2199     330732         34
SYS           0          0          0          0          0          0
SYS           0          0          0          0          0          0
SYS           0          0          0          0          0          0
23  [core 3] exiting
MODE     instrs     cycles l1d access l1d refill l1i access l1i refill
USR           0          0          0          0          0          0
USR           0          0          0          0          0          0
USR           0          0          0          0          0          0
USR    11832569   17613976    6693335       2167    6558102          5
SYS           0          0          0          0          0          0
SYS           0          0          0          0          0          0
SYS           0          0          0          0          0          0
SYS      382282    2730721     136379      16101     467485         33
11  [core 1] exiting
MODE     instrs     cycles l1d access l1d refill l1i access l1i refill
USR      201569     300709     114102         15     112517          7
USR    11624485   17298675    6575492       1877    6440762          3
USR           0          0          0          0          0          0
USR           0          0          0          0          0          0
SYS       85067     787738      12993         10      50220         16
SYS       35948      57218      18424        245      40354          6
SYS           0          0          0          0          0          0
SYS           0          0          0          0          0          0
waiting (2/64)
32  [core 3] exiting
MODE     instrs     cycles l1d access l1d refill l1i access l1i refill
USR           0          0          0          0          0          0
USR           0          0          0          0          0          0
USR           0          0          0          0          0          0
USR    11832933   17607877    6693508       2003    6556329          2
SYS           0          0          0          0          0          0
SYS           0          0          0          0          0          0
SYS           0          0          0          0          0          0
SYS      186273    1638572      61715       6930     195491         23
21  [core 0] exiting
MODE     instrs     cycles l1d access l1d refill l1i access l1i refill
USR    11832723   17612980    6693376       2023    6556315          5
USR           0          0          0          0          0          0
USR           0          0          0          0          0          0
USR           0          0          0          0          0          0
SYS      190393    1639501      62572       7052     199132         25
SYS           0          0          0          0          0          0
SYS           0          0          0          0          0          0
SYS           0          0          0          0          0          0
16  [core 1] exiting
MODE     instrs     cycles l1d access l1d refill l1i access l1i refill
USR    10862155   16175116    6144315       2447    6018062          0
USR      969356    1442322     548383        131     537432          1
USR           0          0          0          0          0          0
USR           0          0          0          0          0          0
SYS      118826     843029      30025        473      86080         14
SYS        3322       5733       1709         16       3722          6
SYS           0          0          0          0          0          0
SYS           0          0          0          0          0          0
27  [core 0] exiting
MODE     instrs     cycles l1d access l1d refill l1i access l1i refill
USR    11832902   17610485    6693501       2002    6555912          4
USR           0          0          0          0          0          0
USR           0          0          0          0          0          0
USR           0          0          0          0          0          0
SYS      407837    4011104     156903      26773     534943         28
SYS           0          0          0          0          0          0
SYS           0          0          0          0          0          0
SYS           0          0          0          0          0          0
40  [core 3] exiting
MODE     instrs     cycles l1d access l1d refill l1i access l1i refill
USR           0          0          0          0          0          0
USR           0          0          0          0          0          0
USR           0          0          0          0          0          0
USR    11832930   17608915    6693497       1993    6556436          3
SYS           0          0          0          0          0          0
SYS           0          0          0          0          0          0
SYS           0          0          0          0          0          0
SYS      587161    5589535     230183      39249     804253         23
29  [core 1] exiting
MODE     instrs     cycles l1d access l1d refill l1i access l1i refill
USR           0          0          0          0          0          0
USR    11832932   17613002    6693500       2375    6555006          3
USR           0          0          0          0          0          0
USR           0          0          0          0          0          0
SYS           0          0          0          0          0          0
SYS      431867    4009462     164716      26798     563048         27
SYS           0          0          0          0          0          0
SYS           0          0          0          0          0          0
17  [core 2] exiting
MODE     instrs     cycles l1d access l1d refill l1i access l1i refill
USR           0          0          0          0          0          0
USR           0          0          0          0          0          0
USR    11832466   17600466    6693253       1442    6553985          1
USR           0          0          0          0          0          0
SYS           0          0          0          0          0          0
SYS           0          0          0          0          0          0
SYS      245704    1575841      79363       6830     259577         23
SYS           0          0          0          0          0          0
37  [core 1] exiting
MODE     instrs     cycles l1d access l1d refill l1i access l1i refill
USR           0          0          0          0          0          0
USR    11832597   17617550    6693306       2723    6554755          4
USR           0          0          0          0          0          0
USR           0          0          0          0          0          0
SYS           0          0          0          0          0          0
SYS      186387    1638884      61790       7013     196152         21
SYS           0          0          0          0          0          0
SYS           0          0          0          0          0          0
35  [core 0] exiting
MODE     instrs     cycles l1d access l1d refill l1i access l1i refill
USR    11832540   17614093    6693274       2298    6555943          2
USR           0          0          0          0          0          0
USR           0          0          0          0          0          0
USR           0          0          0          0          0          0
SYS      730230    7171277     292261      52824    1019152         23
SYS           0          0          0          0          0          0
SYS           0          0          0          0          0          0
SYS           0          0          0          0          0          0
12  [core 2] exiting
MODE     instrs     cycles l1d access l1d refill l1i access l1i refill
USR      402880     600267     227977         36     224055          2
USR           0          0          0          0          0          0
USR    11430094   17015663    6465586       2239    6331672          4
USR           0          0          0          0          0          0
SYS       86074     789309      13369         20      51176         19
SYS           0          0          0          0          0          0
SYS       36146      58138      18436        375      39590          9
SYS           0          0          0          0          0          0
48  [core 3] exiting
MODE     instrs     cycles l1d access l1d refill l1i access l1i refill
USR           0          0          0          0          0          0
USR           0          0          0          0          0          0
USR           0          0          0          0          0          0
USR    11833025   17612978    6693561       2340    6556299          1
SYS           0          0          0          0          0          0
SYS           0          0          0          0          0          0
SYS           0          0          0          0          0          0
SYS      334466    3219047     125331      20030     424423         21
26  [core 2] exiting
MODE     instrs     cycles l1d access l1d refill l1i access l1i refill
USR           0          0          0          0          0          0
USR           0          0          0          0          0          0
USR    11833275   17609260    6693699       2149    6554040          2
USR           0          0          0          0          0          0
SYS           0          0          0          0          0          0
SYS           0          0          0          0          0          0
SYS      345416    3219809     128731      20109     440439         27
SYS           0          0          0          0          0          0
45  [core 1] exiting
MODE     instrs     cycles l1d access l1d refill l1i access l1i refill
USR           0          0          0          0          0          0
USR    11827475   17595610    6690379       1940    6551982          4
USR           0          0          0          0          0          0
USR           0          0          0          0          0          0
SYS           0          0          0          0          0          0
SYS      261258    2429033      93769      13488     313415         20
SYS           0          0          0          0          0          0
SYS           0          0          0          0          0          0
56  [core 3] exiting
MODE     instrs     cycles l1d access l1d refill l1i access l1i refill
USR           0          0          0          0          0          0
USR           0          0          0          0          0          0
USR           0          0          0          0          0          0
USR    11833225   17608251    6693664       1993    6556218          2
SYS           0          0          0          0          0          0
SYS           0          0          0          0          0          0
SYS           0          0          0          0          0          0
SYS      417836    4009007     158657      26299     546496         20
43  [core 0] exiting
MODE     instrs     cycles l1d access l1d refill l1i access l1i refill
USR    11832932   17614408    6693508       2212    6556270          2
USR           0          0          0          0          0          0
USR           0          0          0          0          0          0
USR           0          0          0          0          0          0
SYS      709739    7172395     285349      52564     999192         20
SYS           0          0          0          0          0          0
SYS           0          0          0          0          0          0
SYS           0          0          0          0          0          0
64  [core 3] exiting
MODE     instrs     cycles l1d access l1d refill l1i access l1i refill
USR           0          0          0          0          0          0
USR           0          0          0          0          0          0
USR           0          0          0          0          0          0
USR    11832769   17610496    6693412       2116    6556424          2
SYS           0          0          0          0          0          0
SYS           0          0          0          0          0          0
SYS           0          0          0          0          0          0
SYS      256525    1638398      83353       7285     277393         18
51  [core 0] exiting
MODE     instrs     cycles l1d access l1d refill l1i access l1i refill
USR    11836036   17621660    6695257       2482    6557786          2
USR           0          0          0          0          0          0
USR           0          0          0          0          0          0
USR           0          0          0          0          0          0
SYS      188206    1640438      62298       6997     199666         22
SYS           0          0          0          0          0          0
SYS           0          0          0          0          0          0
SYS           0          0          0          0          0          0
38  [core 2] exiting
MODE     instrs     cycles l1d access l1d refill l1i access l1i refill
USR           0          0          0          0          0          0
USR           0          0          0          0          0          0
USR    11832669   17619567    6693350       2871    6553765          2
USR           0          0          0          0          0          0
SYS           0          0          0          0          0          0
SYS           0          0          0          0          0          0
SYS      411501    4010914     157873      26531     539391         23
SYS           0          0          0          0          0          0
53  [core 1] exiting
MODE     instrs     cycles l1d access l1d refill l1i access l1i refill
USR           0          0          0          0          0          0
USR    11832877   17617913    6693474       2657    6554902          4
USR           0          0          0          0          0          0
USR           0          0          0          0          0          0
SYS           0          0          0          0          0          0
SYS      185355    1641861      61526       7361     196137         25
SYS           0          0          0          0          0          0
SYS           0          0          0          0          0          0
46  [core 2] exiting
MODE     instrs     cycles l1d access l1d refill l1i access l1i refill
USR           0          0          0          0          0          0
USR           0          0          0          0          0          0
USR    11832797   17620621    6693432       3059    6553863          4
USR           0          0          0          0          0          0
SYS           0          0          0          0          0          0
SYS           0          0          0          0          0          0
SYS      188069    1639923      61980       7251     197556         24
SYS           0          0          0          0          0          0
72  [core 3] exiting
MODE     instrs     cycles l1d access l1d refill l1i access l1i refill
USR           0          0          0          0          0          0
USR           0          0          0          0          0          0
USR           0          0          0          0          0          0
USR    11832302   17608139    6693150       2065    6555698          3
SYS           0          0          0          0          0          0
SYS           0          0          0          0          0          0
SYS           0          0          0          0          0          0
SYS      476065    1638588     149633        386     286280         23
65  [core 1] exiting
MODE     instrs     cycles l1d access l1d refill l1i access l1i refill
USR           0          0          0          0          0          0
USR    11833648   17662017    6693914       4660    6555709          3
USR           0          0          0          0          0          0
USR           0          0          0          0          0          0
SYS           0          0          0          0          0          0
SYS      189744    1639229      62681       6816     200809         24
SYS           0          0          0          0          0          0
SYS           0          0          0          0          0          0
55  [core 2] exiting
MODE     instrs     cycles l1d access l1d refill l1i access l1i refill
USR           0          0          0          0          0          0
USR           0          0          0          0          0          0
USR    11824410   17601602    6688700       2288    6549053          2
USR           0          0          0          0          0          0
SYS           0          0          0          0          0          0
SYS           0          0          0          0          0          0
SYS      261054    2430365      93706      13653     310502         22
SYS           0          0          0          0          0          0
28  [core 3] exiting
MODE     instrs     cycles l1d access l1d refill l1i access l1i refill
USR           0          0          0          0          0          0
USR           0          0          0          0          0          0
USR           0          0          0          0          0          0
USR    11832502   17612206    6693271       2326    6556675          6
SYS           0          0          0          0          0          0
SYS           0          0          0          0          0          0
SYS           0          0          0          0          0          0
SYS      514357    4800794     198733      32744     695943         26
58  [core 0] exiting
MODE     instrs     cycles l1d access l1d refill l1i access l1i refill
USR    11824836   17596287    6688932       1882    6551730          4
USR           0          0          0          0          0          0
USR           0          0          0          0          0          0
USR           0          0          0          0          0          0
SYS      884929    4010457     306651      21175     848458         25
SYS           0          0          0          0          0          0
SYS           0          0          0          0          0          0
SYS           0          0          0          0          0          0
73  [core 1] exiting
MODE     instrs     cycles l1d access l1d refill l1i access l1i refill
USR           0          0          0          0          0          0
USR    11833295   17602338    6693707       1711    6555556          2
USR           0          0          0          0          0          0
USR           0          0          0          0          0          0
SYS           0          0          0          0          0          0
SYS      254574    1639025      83131       7398     275908         20
SYS           0          0          0          0          0          0
SYS           0          0          0          0          0          0
63  [core 2] exiting
MODE     instrs     cycles l1d access l1d refill l1i access l1i refill
USR           0          0          0          0          0          0
USR           0          0          0          0          0          0
USR    11831740   17614824    6692823       2281    6553193          4
USR           0          0          0          0          0          0
SYS           0          0          0          0          0          0
SYS           0          0          0          0          0          0
SYS      262643    2429862      94072      13364     311554         22
SYS           0          0          0          0          0          0
66  [core 0] exiting
MODE     instrs     cycles l1d access l1d refill l1i access l1i refill
USR    11832608   17612403    6693317       2179    6556158          5
USR           0          0          0          0          0          0
USR           0          0          0          0          0          0
USR           0          0          0          0          0          0
SYS      476158    1640033     149684        552     286369         25
SYS           0          0          0          0          0          0
SYS           0          0          0          0          0          0
SYS           0          0          0          0          0          0
25  [core 1] exiting
MODE     instrs     cycles l1d access l1d refill l1i access l1i refill
USR           0          0          0          0          0          0
USR    11833352   17605095    6694533       1824    6556068          7
USR           0          0          0          0          0          0
USR           0          0          0          0          0          0
SYS           0          0          0          0          0          0
SYS      254603    1722393      85328       8190     281867         29
SYS           0          0          0          0          0          0
SYS           0          0          0          0          0          0
44  [core 3] exiting
MODE     instrs     cycles l1d access l1d refill l1i access l1i refill
USR           0          0          0          0          0          0
USR           0          0          0          0          0          0
USR           0          0          0          0          0          0
USR    11832595   17607652    6693356       1975    6556591          8
SYS           0          0          0          0          0          0
SYS           0          0          0          0          0          0
SYS           0          0          0          0          0          0
SYS      412324    4008682     157958      26192     540094         24
41  [core 1] exiting
MODE     instrs     cycles l1d access l1d refill l1i access l1i refill
USR           0          0          0          0          0          0
USR    11832534   17604117    6693325       1849    6555721          8
USR           0          0          0          0          0          0
USR           0          0          0          0          0          0
SYS           0          0          0          0          0          0
SYS      189112    1640004      62555       7004     198713         19
SYS           0          0          0          0          0          0
SYS           0          0          0          0          0          0
71  [core 2] exiting
MODE     instrs     cycles l1d access l1d refill l1i access l1i refill
USR           0          0          0          0          0          0
USR           0          0          0          0          0          0
USR    11826189   17604651    6689696       2360    6550449          2
USR           0          0          0          0          0          0
SYS           0          0          0          0          0          0
SYS           0          0          0          0          0          0
SYS      188831    1640329      62435       7008     198054         22
SYS           0          0          0          0          0          0
47  [core 1] exiting
MODE     instrs     cycles l1d access l1d refill l1i access l1i refill
USR    11674204   17372829    6603705       2049    6467864          3
USR      158927     236738      89959         20      88591          4
USR           0          0          0          0          0          0
USR           0          0          0          0          0          0
SYS      185187    1637662      61217       7040     193853         11
SYS         743       1992        392          8       1102          9
SYS           0          0          0          0          0          0
SYS           0          0          0          0          0          0
waiting (3/64)
69  [core 1] exiting
MODE     instrs     cycles l1d access l1d refill l1i access l1i refill
USR           0          0          0          0          0          0
USR    11833012   17606819    6693589       1920    6555794          6
USR           0          0          0          0          0          0
USR           0          0          0          0          0          0
SYS           0          0          0          0          0          0
SYS      982351    8751930     389216      66728    1370274         21
SYS           0          0          0          0          0          0
SYS           0          0          0          0          0          0
22  [core 2] exiting
MODE     instrs     cycles l1d access l1d refill l1i access l1i refill
USR           0          0          0          0          0          0
USR           0          0          0          0          0          0
USR    11832922   17620976    6693519       2747    6554542          9
USR           0          0          0          0          0          0
SYS           0          0          0          0          0          0
SYS           0          0          0          0          0          0
SYS      248299    1339500      76941       3325     198681         27
SYS           0          0          0          0          0          0
52  [core 3] exiting
MODE     instrs     cycles l1d access l1d refill l1i access l1i refill
USR           0          0          0          0          0          0
USR           0          0          0          0          0          0
USR           0          0          0          0          0          0
USR    11832055   17607201    6693051       1988    6556148          6
SYS           0          0          0          0          0          0
SYS           0          0          0          0          0          0
SYS           0          0          0          0          0          0
SYS      261969    2427874      93849      13305     311970         20
20  [core 0] exiting
MODE     instrs     cycles l1d access l1d refill l1i access l1i refill
USR    11832903   17617574    6693513       2489    6556539         13
USR           0          0          0          0          0          0
USR           0          0          0          0          0          0
USR           0          0          0          0          0          0
SYS      249705    2315266      88818      12728     294743         35
SYS           0          0          0          0          0          0
SYS           0          0          0          0          0          0
SYS           0          0          0          0          0          0
33  [core 1] exiting
MODE     instrs     cycles l1d access l1d refill l1i access l1i refill
USR           0          0          0          0          0          0
USR    11833255   17604375    6693784       1769    6556654         12
USR           0          0          0          0          0          0
USR           0          0          0          0          0          0
SYS           0          0          0          0          0          0
SYS      559511    5589716     221327      39318     768058         28
SYS           0          0          0          0          0          0
SYS           0          0          0          0          0          0
31  [core 0] exiting
MODE     instrs     cycles l1d access l1d refill l1i access l1i refill
USR    11829997   17606323    6691889       2097    6555395          4
USR           0          0          0          0          0          0
USR           0          0          0          0          0          0
USR           0          0          0          0          0          0
SYS      189489    1639473      62636       6807     198412         25
SYS           0          0          0          0          0          0
SYS           0          0          0          0          0          0
SYS           0          0          0          0          0          0
36  [core 3] exiting
MODE     instrs     cycles l1d access l1d refill l1i access l1i refill
USR           0          0          0          0          0          0
USR           0          0          0          0          0          0
USR           0          0          0          0          0          0
USR    11833675   17610813    6693992       1989    6557445         10
SYS           0          0          0          0          0          0
SYS           0          0          0          0          0          0
SYS           0          0          0          0          0          0
SYS      634775    6380253     253260      45743     882075         22
24  [core 1] exiting
MODE     instrs     cycles l1d access l1d refill l1i access l1i refill
USR    11663428   17373978    6597629       2946    6462545         10
USR      169030     251687      95672         20      94137          1
USR           0          0          0          0          0          0
USR           0          0          0          0          0          0
SYS      187859    1637079      61934       6962     198935         11
SYS         716       1628        381          4        999          7
SYS           0          0          0          0          0          0
SYS           0          0          0          0          0          0
60  [core 3] exiting
MODE     instrs     cycles l1d access l1d refill l1i access l1i refill
USR           0          0          0          0          0          0
USR           0          0          0          0          0          0
USR           0          0          0          0          0          0
USR    11821598   17593213    6687173       2059    6550981         12
SYS           0          0          0          0          0          0
SYS           0          0          0          0          0          0
SYS           0          0          0          0          0          0
SYS      391405    2427871     135530      14047     463093         18
61  [core 1] exiting
MODE     instrs     cycles l1d access l1d refill l1i access l1i refill
USR           0          0          0          0          0          0
USR    11825660   17602633    6689513       2343    6552298         16
USR           0          0          0          0          0          0
USR           0          0          0          0          0          0
SYS           0          0          0          0          0          0
SYS      262547    2428923      94112      13437     312171         24
SYS           0          0          0          0          0          0
SYS           0          0          0          0          0          0
54  [core 0] exiting
MODE     instrs     cycles l1d access l1d refill l1i access l1i refill
USR    11831697   17608747    6692853       2074    6555876          7
USR           0          0          0          0          0          0
USR           0          0          0          0          0          0
USR           0          0          0          0          0          0
SYS      331457    2430436     115596      13788     391520         25
SYS           0          0          0          0          0          0
SYS           0          0          0          0          0          0
SYS           0          0          0          0          0          0
50  [core 1] exiting
MODE     instrs     cycles l1d access l1d refill l1i access l1i refill
USR           0          0          0          0          0          0
USR    11834034   17668724    6694354       4685    6558386         27
USR           0          0          0          0          0          0
USR           0          0          0          0          0          0
SYS           0          0          0          0          0          0
SYS      161103    1337945      50521       4382     156729         23
SYS           0          0          0          0          0          0
SYS           0          0          0          0          0          0
68  [core 3] exiting
MODE     instrs     cycles l1d access l1d refill l1i access l1i refill
USR           0          0          0          0          0          0
USR           0          0          0          0          0          0
USR           0          0          0          0          0          0
USR    11833418   17607247    6693893       1710    6557779         15
SYS           0          0          0          0          0          0
SYS           0          0          0          0          0          0
SYS           0          0          0          0          0          0
SYS      340192    1337468     104372        527     210863         19
42  [core 2] exiting
MODE     instrs     cycles l1d access l1d refill l1i access l1i refill
USR           0          0          0          0          0          0
USR           0          0          0          0          0          0
USR    11832515   17600943    6693313       1619    6554293          5
USR           0          0          0          0          0          0
SYS           0          0          0          0          0          0
SYS           0          0          0          0          0          0
SYS      263491    2429629      94356      13408     313272         26
SYS           0          0          0          0          0          0
30  [core 3] exiting
MODE     instrs     cycles l1d access l1d refill l1i access l1i refill
USR           0          0          0          0          0          0
USR           0          0          0          0          0          0
USR    10667685   15876689    6034353       2004    5908234          5
USR     1165527    1733767     659424         51     647257         11
SYS           0          0          0          0          0          0
SYS           0          0          0          0          0          0
SYS      379129    3700972     143744      23950     493237         19
SYS        3940       6717       2017         13       4684         12
59  [core 2] exiting
MODE     instrs     cycles l1d access l1d refill l1i access l1i refill
USR           0          0          0          0          0          0
USR           0          0          0          0          0          0
USR    11832824   17610738    6693482       1966    6554579          6
USR           0          0          0          0          0          0
SYS           0          0          0          0          0          0
SYS           0          0          0          0          0          0
SYS      262966    2430780      94246      13526     313839         25
SYS           0          0          0          0          0          0
70  [core 0] exiting
MODE     instrs     cycles l1d access l1d refill l1i access l1i refill
USR    11832482   17611066    6693287       2181    6556419          4
USR           0          0          0          0          0          0
USR           0          0          0          0          0          0
USR           0          0          0          0          0          0
SYS      121439     849619      31617        591      89173         22
SYS           0          0          0          0          0          0
SYS           0          0          0          0          0          0
SYS           0          0          0          0          0          0
34  [core 2] exiting
MODE     instrs     cycles l1d access l1d refill l1i access l1i refill
USR           0          0          0          0          0          0
USR           0          0          0          0          0          0
USR    11831249   17663717    6692628       4896    6553651         10
USR           0          0          0          0          0          0
SYS           0          0          0          0          0          0
SYS           0          0          0          0          0          0
SYS      188969    1638795      62404       6956     199490         27
SYS           0          0          0          0          0          0
39  [core 0] exiting
MODE     instrs     cycles l1d access l1d refill l1i access l1i refill
USR    11832530   17620333    6693343       2528    6556662         10
USR           0          0          0          0          0          0
USR           0          0          0          0          0          0
USR           0          0          0          0          0          0
SYS      338954    3220691     126484      19883     431745         22
SYS           0          0          0          0          0          0
SYS           0          0          0          0          0          0
SYS           0          0          0          0          0          0
67  [core 2] exiting
MODE     instrs     cycles l1d access l1d refill l1i access l1i refill
USR           0          0          0          0          0          0
USR           0          0          0          0          0          0
USR    11832737   17617712    6693505       2317    6555582         12
USR           0          0          0          0          0          0
SYS           0          0          0          0          0          0
SYS           0          0          0          0          0          0
SYS      337310    3220192     126218      19865     429306         22
SYS           0          0          0          0          0          0
waiting (4/64)
49  [core 1] exiting
MODE     instrs     cycles l1d access l1d refill l1i access l1i refill
USR           0          0          0          0          0          0
USR      195802     291465     110811         40     108945          0
USR    11637691   17375689    6583076       5042    6446312          9
USR           0          0          0          0          0          0
SYS           0          0          0          0          0          0
SYS         716       1527        382          9        966          3
SYS      409656    4007904     157193      26507     537357         12
SYS           0          0          0          0          0          0
62  [core 0] exiting
MODE     instrs     cycles l1d access l1d refill l1i access l1i refill
USR    11833297   17615087    6693803       2295    6557563         15
USR           0          0          0          0          0          0
USR           0          0          0          0          0          0
USR           0          0          0          0          0          0
SYS      476071    1639938     149656        582     286514         20
SYS           0          0          0          0          0          0
SYS           0          0          0          0          0          0
SYS           0          0          0          0          0          0
waiting (5/64)
waiting (6/64)
waiting (7/64)
waiting (8/64)
waiting (9/64)
waiting (10/64)
waiting (11/64)
waiting (12/64)
waiting (13/64)
waiting (14/64)
waiting (15/64)
waiting (16/64)
waiting (17/64)
waiting (18/64)
waiting (19/64)
waiting (20/64)
waiting (21/64)
waiting (22/64)
waiting (23/64)
waiting (24/64)
waiting (25/64)
waiting (26/64)
waiting (27/64)
waiting (28/64)
waiting (29/64)
waiting (30/64)
waiting (31/64)
waiting (32/64)
waiting (33/64)
waiting (34/64)
waiting (35/64)
waiting (36/64)
waiting (37/64)
waiting (38/64)
waiting (39/64)
waiting (40/64)
waiting (41/64)
waiting (42/64)
waiting (43/64)
waiting (44/64)
waiting (45/64)
waiting (46/64)
waiting (47/64)
waiting (48/64)
waiting (49/64)
waiting (50/64)
waiting (51/64)
waiting (52/64)
waiting (53/64)
waiting (54/64)
waiting (55/64)
waiting (56/64)
waiting (57/64)
waiting (58/64)
waiting (59/64)
waiting (60/64)
waiting (61/64)
waiting (62/64)
waiting (63/64)
thread_pool - done
9   [core 0] exiting
MODE     instrs     cycles l1d access l1d refill l1i access l1i refill
USR      167565     304976      81714        290     244832        546
USR           0          0          0          0          0          0
USR           0          0          0          0          0          0
USR           0          0          0          0          0          0
SYS    42485846  379031770   15872999    2662894   57041655       1594
SYS           0          0          0          0          0          0
SYS           0          0          0          0          0          0
SYS           0          0          0          0          0          0
perf_root - death (524979208)

