



























































































































































































































































































































































































































































































































































































































































































































































































































































































































































































































































































































































































































































































































































































































































































































































































































































































































































































































































































































































































































































































































































































































































































































































































































































































































































































































































































































































































































































































































































































































































































































































































































































































































































































































































































































































































































































































































































































































































































































































































































































































































































































































































































































































































































































































































































































































































































































































































































































































































































































































































































































































































































































































































































































































































































































































































































































































































































































































































































































































































































































































































































































































































































































































































































































































































































































































































































































































































































































































































































































































































































































































































































































































































































































































































































































































































































































































































































































































































































































































































































































































































































































































































































































































































































































































































































































































































































































































































































































































































































































































































































































































































































































































































































































































































































































































































































































[core0] Executing from 0x84AD0
[core2] Executing from 0x84B7C!
[core1] Executing from 0x84B7C!
[core3] Executing from 0x84B7C!
[interrupt] releasing core 0
[interrupt] releasing core 1
[interrupt] releasing core 3
[interrupt] releasing core 2
perf_root - begin (434256759)
thread_pool
single_worker
single_worker
single_worker
single_worker
single_worker
single_worker
single_worker
single_worker
single_worker
single_worker
single_worker
single_worker
single_worker
single_worker
single_worker
single_worker
single_worker
single_worker
waiting (0/64)
single_worker
single_worker
single_worker
single_worker
single_worker
single_worker
single_worker
single_worker
single_worker
single_worker
single_worker
single_worker
single_worker
single_worker
single_worker
single_worker
single_worker
single_worker
single_worker
single_worker
single_worker
single_worker
single_worker
single_worker
single_worker
single_worker
single_worker
single_worker
single_worker
single_worker
single_worker
single_worker
single_worker
single_worker
single_worker
single_worker
single_worker
single_worker
single_worker
single_worker
single_worker
single_worker
single_worker
single_worker
single_worker
single_worker
71  [core 2] exiting
MODE     instrs     cycles l1d access l1d refill l1i access l1i refill
USR           0          0          0          0          0          0
USR           0          0          0          0          0          0
USR      201958     302291     114412         78     113396          8
USR           0          0          0          0          0          0
SYS           0          0          0          0          0          0
SYS           0          0          0          0          0          0
SYS      355966    2370542     117454      13770     422427         21
SYS           0          0          0          0          0          0
13  [core 1] exiting
MODE     instrs     cycles l1d access l1d refill l1i access l1i refill
USR           0          0          0          0          0          0
USR    11832497   17607907    6693281       1739    6556332         24
USR           0          0          0          0          0          0
USR           0          0          0          0          0          0
SYS           0          0          0          0          0          0
SYS      116935     822282      30908        493      86706         47
SYS           0          0          0          0          0          0
SYS           0          0          0          0          0          0
waiting (1/64)
14  [core 2] exiting
MODE     instrs     cycles l1d access l1d refill l1i access l1i refill
USR           0          0          0          0          0          0
USR           0          0          0          0          0          0
USR    11832904   17633859    6693502       3009    6555542         17
USR           0          0          0          0          0          0
SYS           0          0          0          0          0          0
SYS           0          0          0          0          0          0
SYS      251957    1609268      81600       7085     268118         53
SYS           0          0          0          0          0          0
10  [core 3] exiting
MODE     instrs     cycles l1d access l1d refill l1i access l1i refill
USR         381       1391        297          6        950          5
USR           0          0          0          0          0          0
USR           0          0          0          0          0          0
USR    11833035   17683500    6693522       5469    6555091         20
SYS       84349     787072      12659         13      49426         27
SYS           0          0          0          0          0          0
SYS           0          0          0          0          0          0
SYS       37949      62293      19331        416      40724          6
18  [core 2] exiting
MODE     instrs     cycles l1d access l1d refill l1i access l1i refill
USR           0          0          0          0          0          0
USR           0          0          0          0          0          0
USR    11832320   17622508    6693160       2630    6554308          1
USR           0          0          0          0          0          0
SYS           0          0          0          0          0          0
SYS           0          0          0          0          0          0
SYS      108928     787360      29855        627      82687         27
SYS           0          0          0          0          0          0
15  [core 0] exiting
MODE     instrs     cycles l1d access l1d refill l1i access l1i refill
USR    11830702   17642742    6692247       3883    6552914          6
USR           0          0          0          0          0          0
USR           0          0          0          0          0          0
USR           0          0          0          0          0          0
SYS      208150    1827632      70079       8549     227702         37
SYS           0          0          0          0          0          0
SYS           0          0          0          0          0          0
SYS           0          0          0          0          0          0
17  [core 1] exiting
MODE     instrs     cycles l1d access l1d refill l1i access l1i refill
USR           0          0          0          0          0          0
USR    11832807   17602905    6693438       1572    6556139          1
USR           0          0          0          0          0          0
USR           0          0          0          0          0          0
SYS           0          0          0          0          0          0
SYS      178501    1454578      56609       5547     180329         24
SYS           0          0          0          0          0          0
SYS           0          0          0          0          0          0
11  [core 3] exiting
MODE     instrs     cycles l1d access l1d refill l1i access l1i refill
USR      201498     300742     114063         16     112476          6
USR           0          0          0          0          0          0
USR           0          0          0          0          0          0
USR    11621992   17328194    6574132       3584    6438985          5
SYS       85291     787878      13035          9      50362         14
SYS           0          0          0          0          0          0
SYS           0          0          0          0          0          0
SYS       36909      57955      18817        197      40268          9
21  [core 1] exiting
MODE     instrs     cycles l1d access l1d refill l1i access l1i refill
USR           0          0          0          0          0          0
USR    11829807   17599876    6691730       1585    6554241          4
USR           0          0          0          0          0          0
USR           0          0          0          0          0          0
SYS           0          0          0          0          0          0
SYS      776032    5589497     291532      40603    1028101         26
SYS           0          0          0          0          0          0
SYS           0          0          0          0          0          0
20  [core 0] exiting
MODE     instrs     cycles l1d access l1d refill l1i access l1i refill
USR    11831712   17658286    6692817       4955    6553219          6
USR           0          0          0          0          0          0
USR           0          0          0          0          0          0
USR           0          0          0          0          0          0
SYS      255793    1640838      83390       7496     275625         23
SYS           0          0          0          0          0          0
SYS           0          0          0          0          0          0
SYS           0          0          0          0          0          0
22  [core 2] exiting
MODE     instrs     cycles l1d access l1d refill l1i access l1i refill
USR           0          0          0          0          0          0
USR           0          0          0          0          0          0
USR    11833286   17633907    6693749       3223    6555136          6
USR           0          0          0          0          0          0
SYS           0          0          0          0          0          0
SYS           0          0          0          0          0          0
SYS      233550    1639630      77428       7421     254549         27
SYS           0          0          0          0          0          0
25  [core 1] exiting
MODE     instrs     cycles l1d access l1d refill l1i access l1i refill
USR           0          0          0          0          0          0
USR    11825555   17601607    6689373       2130    6552685          6
USR           0          0          0          0          0          0
USR           0          0          0          0          0          0
SYS           0          0          0          0          0          0
SYS      256072    1638441      83261       7374     274319         26
SYS           0          0          0          0          0          0
SYS           0          0          0          0          0          0
27  [core 0] exiting
MODE     instrs     cycles l1d access l1d refill l1i access l1i refill
USR    11832583   17644583    6693310       3682    6553982          1
USR           0          0          0          0          0          0
USR           0          0          0          0          0          0
USR           0          0          0          0          0          0
SYS      122034     850798      31640        676      89390         21
SYS           0          0          0          0          0          0
SYS           0          0          0          0          0          0
SYS           0          0          0          0          0          0
26  [core 2] exiting
MODE     instrs     cycles l1d access l1d refill l1i access l1i refill
USR           0          0          0          0          0          0
USR           0          0          0          0          0          0
USR    11833171   17627099    6693713       2757    6555191          9
USR           0          0          0          0          0          0
SYS           0          0          0          0          0          0
SYS           0          0          0          0          0          0
SYS      159770    1337742      50125       4448     156212         18
SYS           0          0          0          0          0          0
23  [core 3] exiting
MODE     instrs     cycles l1d access l1d refill l1i access l1i refill
USR           0          0          0          0          0          0
USR           0          0          0          0          0          0
USR           0          0          0          0          0          0
USR    11832919   17687668    6693541       6046    6555571          1
SYS           0          0          0          0          0          0
SYS           0          0          0          0          0          0
SYS           0          0          0          0          0          0
SYS      393015    2430002     136177      14202     462399         21
29  [core 1] exiting
MODE     instrs     cycles l1d access l1d refill l1i access l1i refill
USR           0          0          0          0          0          0
USR    11832850   17607578    6693498       1823    6558090          3
USR           0          0          0          0          0          0
USR           0          0          0          0          0          0
SYS           0          0          0          0          0          0
SYS      421157    2129594     140946       8752     395891         25
SYS           0          0          0          0          0          0
SYS           0          0          0          0          0          0
12  [core 2] exiting
MODE     instrs     cycles l1d access l1d refill l1i access l1i refill
USR      402774     599989     227915         45     223908          2
USR           0          0          0          0          0          0
USR    11430042   17089762    6465600       6211    6332794          4
USR           0          0          0          0          0          0
SYS       86088     789564      13381         23      51179         16
SYS           0          0          0          0          0          0
SYS       36013      58065      18426        284      40218          7
SYS           0          0          0          0          0          0
36  [core 1] exiting
MODE     instrs     cycles l1d access l1d refill l1i access l1i refill
USR           0          0          0          0          0          0
USR    11829246   17670057    6691421       5412    6554091          3
USR           0          0          0          0          0          0
USR           0          0          0          0          0          0
SYS           0          0          0          0          0          0
SYS      188167    1638718      62200       6776     198830         16
SYS           0          0          0          0          0          0
SYS           0          0          0          0          0          0
38  [core 2] exiting
MODE     instrs     cycles l1d access l1d refill l1i access l1i refill
USR           0          0          0          0          0          0
USR           0          0          0          0          0          0
USR    11832780   17621263    6693428       2377    6554514          2
USR           0          0          0          0          0          0
SYS           0          0          0          0          0          0
SYS           0          0          0          0          0          0
SYS      413631    4009261     158435      26281     545727         18
SYS           0          0          0          0          0          0
waiting (2/64)
41  [core 1] exiting
MODE     instrs     cycles l1d access l1d refill l1i access l1i refill
USR           0          0          0          0          0          0
USR    11827706   17599343    6690550       1833    6553359          2
USR           0          0          0          0          0          0
USR           0          0          0          0          0          0
SYS           0          0          0          0          0          0
SYS      260656    2432209      93541      13767     309684         21
SYS           0          0          0          0          0          0
SYS           0          0          0          0          0          0
19  [core 3] exiting
MODE     instrs     cycles l1d access l1d refill l1i access l1i refill
USR           0          0          0          0          0          0
USR           0          0          0          0          0          0
USR           0          0          0          0          0          0
USR    11833656   17674344    6693995       5477    6556534          6
SYS           0          0          0          0          0          0
SYS           0          0          0          0          0          0
SYS           0          0          0          0          0          0
SYS      671034    5346911     255333      38538     890297         43
46  [core 2] exiting
MODE     instrs     cycles l1d access l1d refill l1i access l1i refill
USR           0          0          0          0          0          0
USR           0          0          0          0          0          0
USR    11830502   17639426    6692135       3601    6553101          1
USR           0          0          0          0          0          0
SYS           0          0          0          0          0          0
SYS           0          0          0          0          0          0
SYS      785975    7964236     317503      59048    1110569         19
SYS           0          0          0          0          0          0
16  [core 0] exiting
MODE     instrs     cycles l1d access l1d refill l1i access l1i refill
USR    11820962   17664964    6686778       6413    6547884          9
USR           0          0          0          0          0          0
USR           0          0          0          0          0          0
USR           0          0          0          0          0          0
SYS      193897    1639315      62961       7091     200275         22
SYS           0          0          0          0          0          0
SYS           0          0          0          0          0          0
SYS           0          0          0          0          0          0
55  [core 2] exiting
MODE     instrs     cycles l1d access l1d refill l1i access l1i refill
USR           0          0          0          0          0          0
USR           0          0          0          0          0          0
USR    11832842   17661875    6693455       4648    6554609          2
USR           0          0          0          0          0          0
SYS           0          0          0          0          0          0
SYS           0          0          0          0          0          0
SYS      409336    4010273     157546      26454     541972         24
SYS           0          0          0          0          0          0
40  [core 3] exiting
MODE     instrs     cycles l1d access l1d refill l1i access l1i refill
USR           0          0          0          0          0          0
USR           0          0          0          0          0          0
USR           0          0          0          0          0          0
USR    11824344   17624313    6688643       3453    6550321          2
SYS           0          0          0          0          0          0
SYS           0          0          0          0          0          0
SYS           0          0          0          0          0          0
SYS      338208    3220892     126091      19919     429460         20
39  [core 0] exiting
MODE     instrs     cycles l1d access l1d refill l1i access l1i refill
USR    11832455   17641473    6693233       3578    6554136          2
USR           0          0          0          0          0          0
USR           0          0          0          0          0          0
USR           0          0          0          0          0          0
SYS      261846    2430869      93857      13598     311621         24
SYS           0          0          0          0          0          0
SYS           0          0          0          0          0          0
SYS           0          0          0          0          0          0
49  [core 1] exiting
MODE     instrs     cycles l1d access l1d refill l1i access l1i refill
USR           0          0          0          0          0          0
USR    11833087   17605356    6693562       1757    6556529          2
USR           0          0          0          0          0          0
USR           0          0          0          0          0          0
SYS           0          0          0          0          0          0
SYS      263540    2429394      94285      13398     313733         21
SYS           0          0          0          0          0          0
SYS           0          0          0          0          0          0
47  [core 0] exiting
MODE     instrs     cycles l1d access l1d refill l1i access l1i refill
USR    11833111   17648200    6693599       4103    6554387          5
USR           0          0          0          0          0          0
USR           0          0          0          0          0          0
USR           0          0          0          0          0          0
SYS      187205    1639320      61872       7026     198183         19
SYS           0          0          0          0          0          0
SYS           0          0          0          0          0          0
SYS           0          0          0          0          0          0
48  [core 3] exiting
MODE     instrs     cycles l1d access l1d refill l1i access l1i refill
USR           0          0          0          0          0          0
USR           0          0          0          0          0          0
USR           0          0          0          0          0          0
USR    11832879   17639753    6693478       3800    6554793          2
SYS           0          0          0          0          0          0
SYS           0          0          0          0          0          0
SYS           0          0          0          0          0          0
SYS      335331    3218931     125449      19806     425687         21
63  [core 2] exiting
MODE     instrs     cycles l1d access l1d refill l1i access l1i refill
USR           0          0          0          0          0          0
USR           0          0          0          0          0          0
USR    11828612   17648832    6691059       4183    6552219          2
USR           0          0          0          0          0          0
SYS           0          0          0          0          0          0
SYS           0          0          0          0          0          0
SYS      390480    2431493     135339      14457     465322         20
SYS           0          0          0          0          0          0
60  [core 3] exiting
MODE     instrs     cycles l1d access l1d refill l1i access l1i refill
USR           0          0          0          0          0          0
USR           0          0          0          0          0          0
USR           0          0          0          0          0          0
USR    11833173   17636253    6693645       3584    6555135          0
SYS           0          0          0          0          0          0
SYS           0          0          0          0          0          0
SYS           0          0          0          0          0          0
SYS      341299    3221178     126997      19703     431964         17
54  [core 0] exiting
MODE     instrs     cycles l1d access l1d refill l1i access l1i refill
USR    11832365   17662505    6693178       4980    6553826          4
USR           0          0          0          0          0          0
USR           0          0          0          0          0          0
USR           0          0          0          0          0          0
SYS      186261    1639537      61746       7078     196959         22
SYS           0          0          0          0          0          0
SYS           0          0          0          0          0          0
SYS           0          0          0          0          0          0
30  [core 2] exiting
MODE     instrs     cycles l1d access l1d refill l1i access l1i refill
USR           0          0          0          0          0          0
USR           0          0          0          0          0          0
USR    11831887   17626531    6692951       3123    6554462          5
USR           0          0          0          0          0          0
SYS           0          0          0          0          0          0
SYS           0          0          0          0          0          0
SYS      111518     766778      30198        830      84072         16
SYS           0          0          0          0          0          0
62  [core 0] exiting
MODE     instrs     cycles l1d access l1d refill l1i access l1i refill
USR    11832591   17658085    6693318       4423    6553928          2
USR           0          0          0          0          0          0
USR           0          0          0          0          0          0
USR           0          0          0          0          0          0
SYS      526559    3220841     187595      21214     652091         20
SYS           0          0          0          0          0          0
SYS           0          0          0          0          0          0
SYS           0          0          0          0          0          0
57  [core 1] exiting
MODE     instrs     cycles l1d access l1d refill l1i access l1i refill
USR           0          0          0          0          0          0
USR    11831987   17601716    6692971       1530    6555982          2
USR           0          0          0          0          0          0
USR           0          0          0          0          0          0
SYS           0          0          0          0          0          0
SYS      255784    1638894      83437       7284     273151         23
SYS           0          0          0          0          0          0
SYS           0          0          0          0          0          0
70  [core 0] exiting
MODE     instrs     cycles l1d access l1d refill l1i access l1i refill
USR    11833131   17654532    6693611       4143    6554376          1
USR           0          0          0          0          0          0
USR           0          0          0          0          0          0
USR           0          0          0          0          0          0
SYS      393042    2430765     135657      14281     464851         23
SYS           0          0          0          0          0          0
SYS           0          0          0          0          0          0
SYS           0          0          0          0          0          0
42  [core 2] exiting
MODE     instrs     cycles l1d access l1d refill l1i access l1i refill
USR           0          0          0          0          0          0
USR           0          0          0          0          0          0
USR    11832424   17652655    6693254       4094    6554721          8
USR           0          0          0          0          0          0
SYS           0          0          0          0          0          0
SYS           0          0          0          0          0          0
SYS      186257    1639209      61744       7039     195520         18
SYS           0          0          0          0          0          0
65  [core 1] exiting
MODE     instrs     cycles l1d access l1d refill l1i access l1i refill
USR           0          0          0          0          0          0
USR    11823540   17588157    6688191       1424    6551213          3
USR           0          0          0          0          0          0
USR           0          0          0          0          0          0
SYS           0          0          0          0          0          0
SYS      612418    2429103     201974       7360     473254         23
SYS           0          0          0          0          0          0
SYS           0          0          0          0          0          0
67  [core 2] exiting
MODE     instrs     cycles l1d access l1d refill l1i access l1i refill
USR           0          0          0          0          0          0
USR           0          0          0          0          0          0
USR    11832786   17644865    6693441       3643    6554652          6
USR           0          0          0          0          0          0
SYS           0          0          0          0          0          0
SYS           0          0          0          0          0          0
SYS      392041    2431262     135776      14332     461451         23
SYS           0          0          0          0          0          0
68  [core 3] exiting
MODE     instrs     cycles l1d access l1d refill l1i access l1i refill
USR           0          0          0          0          0          0
USR           0          0          0          0          0          0
USR           0          0          0          0          0          0
USR    11832872   17633145    6693463       3408    6554658          1
SYS           0          0          0          0          0          0
SYS           0          0          0          0          0          0
SYS           0          0          0          0          0          0
SYS      341205    3218457     127031      19548     430118         23
34  [core 2] exiting
MODE     instrs     cycles l1d access l1d refill l1i access l1i refill
USR           0          0          0          0          0          0
USR           0          0          0          0          0          0
USR    11832719   17617871    6693459       2259    6555132          9
USR           0          0          0          0          0          0
SYS           0          0          0          0          0          0
SYS           0          0          0          0          0          0
SYS      505508    3709931     184473      22526     571704         23
SYS           0          0          0          0          0          0
33  [core 1] exiting
MODE     instrs     cycles l1d access l1d refill l1i access l1i refill
USR           0          0          0          0          0          0
USR    11832293   17603340    6693173       1579    6556743          3
USR           0          0          0          0          0          0
USR           0          0          0          0          0          0
SYS           0          0          0          0          0          0
SYS      928127    9540597     379525      72053    1337903         17
SYS           0          0          0          0          0          0
SYS           0          0          0          0          0          0
43  [core 0] exiting
MODE     instrs     cycles l1d access l1d refill l1i access l1i refill
USR    11832107   17636706    6693074       3465    6553871          3
USR           0          0          0          0          0          0
USR           0          0          0          0          0          0
USR           0          0          0          0          0          0
SYS      557311    5590619     220464      39585     764370         18
SYS           0          0          0          0          0          0
SYS           0          0          0          0          0          0
SYS           0          0          0          0          0          0
32  [core 3] exiting
MODE     instrs     cycles l1d access l1d refill l1i access l1i refill
USR           0          0          0          0          0          0
USR           0          0          0          0          0          0
USR           0          0          0          0          0          0
USR    11833074   17654159    6693598       4598    6555646         10
SYS           0          0          0          0          0          0
SYS           0          0          0          0          0          0
SYS           0          0          0          0          0          0
SYS      288782    1530055      91802       4864     249979         27
24  [core 2] exiting
MODE     instrs     cycles l1d access l1d refill l1i access l1i refill
USR    11626839   17374021    6576951       6171    6440222          7
USR           0          0          0          0          0          0
USR      205553     306212     116359         26     114728          3
USR           0          0          0          0          0          0
SYS      746268    3219165     253438      14589     662635         15
SYS           0          0          0          0          0          0
SYS        1372       2848        712         11       1841          8
SYS           0          0          0          0          0          0
58  [core 0] exiting
MODE     instrs     cycles l1d access l1d refill l1i access l1i refill
USR    11833331   17649370    6693767       3850    6554628          7
USR           0          0          0          0          0          0
USR           0          0          0          0          0          0
USR           0          0          0          0          0          0
SYS      403483    3221557     146809      20597     502391         21
SYS           0          0          0          0          0          0
SYS           0          0          0          0          0          0
SYS           0          0          0          0          0          0
45  [core 1] exiting
MODE     instrs     cycles l1d access l1d refill l1i access l1i refill
USR           0          0          0          0          0          0
USR    11824569   17595340    6688808       1754    6552196          8
USR           0          0          0          0          0          0
USR           0          0          0          0          0          0
SYS           0          0          0          0          0          0
SYS      336068    3219129     125688      19930     426735         21
SYS           0          0          0          0          0          0
SYS           0          0          0          0          0          0
waiting (3/64)
61  [core 1] exiting
MODE     instrs     cycles l1d access l1d refill l1i access l1i refill
USR           0          0          0          0          0          0
USR    11817386   17579867    6684753       1490    6548062          5
USR           0          0          0          0          0          0
USR           0          0          0          0          0          0
SYS           0          0          0          0          0          0
SYS      527700    3218585     187907      21084     647167         18
SYS           0          0          0          0          0          0
SYS           0          0          0          0          0          0
44  [core 3] exiting
MODE     instrs     cycles l1d access l1d refill l1i access l1i refill
USR           0          0          0          0          0          0
USR           0          0          0          0          0          0
USR           0          0          0          0          0          0
USR    11833296   17639540    6693751       3725    6555281          5
SYS           0          0          0          0          0          0
SYS           0          0          0          0          0          0
SYS           0          0          0          0          0          0
SYS      190399    1638582      62824       6694     201156         25
73  [core 1] exiting
MODE     instrs     cycles l1d access l1d refill l1i access l1i refill
USR           0          0          0          0          0          0
USR    11830427   17602660    6692125       1685    6555521          7
USR           0          0          0          0          0          0
USR           0          0          0          0          0          0
SYS           0          0          0          0          0          0
SYS       90030     547057      27070        462      71196         25
SYS           0          0          0          0          0          0
SYS           0          0          0          0          0          0
72  [core 2] exiting
MODE     instrs     cycles l1d access l1d refill l1i access l1i refill
USR           0          0          0          0          0          0
USR           0          0          0          0          0          0
USR      164556     244977      93141         22      91725          0
USR    11656325   17374344    6593561       3504    6457236          5
SYS           0          0          0          0          0          0
SYS           0          0          0          0          0          0
SYS         732       1738        388          9       1011          7
SYS      262942    2427056      94047      13196     313594         13
56  [core 3] exiting
MODE     instrs     cycles l1d access l1d refill l1i access l1i refill
USR           0          0          0          0          0          0
USR           0          0          0          0          0          0
USR           0          0          0          0          0          0
USR    11831626   17677605    6693542       5874    6554946          3
SYS           0          0          0          0          0          0
SYS           0          0          0          0          0          0
SYS           0          0          0          0          0          0
SYS      189807    1640009      62857       6904     199059         21
59  [core 2] exiting
MODE     instrs     cycles l1d access l1d refill l1i access l1i refill
USR           0          0          0          0          0          0
USR           0          0          0          0          0          0
USR    11828896   17677497    6691342       5646    6553276          8
USR           0          0          0          0          0          0
SYS           0          0          0          0          0          0
SYS           0          0          0          0          0          0
SYS      195157    1642257      63485       7121     205070         21
SYS           0          0          0          0          0          0
52  [core 3] exiting
MODE     instrs     cycles l1d access l1d refill l1i access l1i refill
USR           0          0          0          0          0          0
USR           0          0          0          0          0          0
USR           0          0          0          0          0          0
USR    11825230   17662801    6689219       5927    6551122          9
SYS           0          0          0          0          0          0
SYS           0          0          0          0          0          0
SYS           0          0          0          0          0          0
SYS      186079    1638549      61737       7004     195928         18
50  [core 2] exiting
MODE     instrs     cycles l1d access l1d refill l1i access l1i refill
USR           0          0          0          0          0          0
USR           0          0          0          0          0          0
USR    11832913   17632752    6693657       2942    6556084         16
USR           0          0          0          0          0          0
SYS           0          0          0          0          0          0
SYS           0          0          0          0          0          0
SYS      262480    2430772      94055      13613     311946         19
SYS           0          0          0          0          0          0
28  [core 0] exiting
MODE     instrs     cycles l1d access l1d refill l1i access l1i refill
USR    11833009   17696508    6694365       7005    6554765          9
USR           0          0          0          0          0          0
USR           0          0          0          0          0          0
USR           0          0          0          0          0          0
SYS      246527    2202562      86856      11684     287620         32
SYS           0          0          0          0          0          0
SYS           0          0          0          0          0          0
SYS           0          0          0          0          0          0
37  [core 3] exiting
MODE     instrs     cycles l1d access l1d refill l1i access l1i refill
USR           0          0          0          0          0          0
USR           0          0          0          0          0          0
USR           0          0          0          0          0          0
USR    11833456   17704623    6693915       7101    6556257         10
SYS           0          0          0          0          0          0
SYS           0          0          0          0          0          0
SYS           0          0          0          0          0          0
SYS      160862    1339439      50551       4632     155087         29
31  [core 2] exiting
MODE     instrs     cycles l1d access l1d refill l1i access l1i refill
USR    12051062   17972941    6816885       4185    6674858          6
USR           0          0          0          0          0          0
USR     7425687   11036545    4200461        168    4115492          0
USR           0          0          0          0          0          0
SYS      190671    1640591      63071       6943     200936         18
SYS           0          0          0          0          0          0
SYS       22980      34559      11766         10      25082          2
SYS           0          0          0          0          0          0
51  [core 0] exiting
MODE     instrs     cycles l1d access l1d refill l1i access l1i refill
USR    11831479   17651581    6692761       4197    6553884         13
USR           0          0          0          0          0          0
USR           0          0          0          0          0          0
USR           0          0          0          0          0          0
SYS      560334    5591522     221392      39583     769798         22
SYS           0          0          0          0          0          0
SYS           0          0          0          0          0          0
SYS           0          0          0          0          0          0
64  [core 3] exiting
MODE     instrs     cycles l1d access l1d refill l1i access l1i refill
USR           0          0          0          0          0          0
USR           0          0          0          0          0          0
USR           0          0          0          0          0          0
USR    11834129   17635981    6694325       3230    6557493         16
SYS           0          0          0          0          0          0
SYS           0          0          0          0          0          0
SYS           0          0          0          0          0          0
SYS      262271    2428686      94007      13381     312829         24
waiting (4/64)
53  [core 1] exiting
MODE     instrs     cycles l1d access l1d refill l1i access l1i refill
USR           0          0          0          0          0          0
USR    11832633   17603346    6693408       1553    6556903          8
USR           0          0          0          0          0          0
USR           0          0          0          0          0          0
SYS           0          0          0          0          0          0
SYS      759845    6380047     293872      46973    1033317         17
SYS           0          0          0          0          0          0
SYS           0          0          0          0          0          0
66  [core 0] exiting
MODE     instrs     cycles l1d access l1d refill l1i access l1i refill
USR    11821916   17641633    6687398       4335    6549225         16
USR           0          0          0          0          0          0
USR           0          0          0          0          0          0
USR           0          0          0          0          0          0
SYS      253747    1640090      82859       7460     274882         21
SYS           0          0          0          0          0          0
SYS           0          0          0          0          0          0
SYS           0          0          0          0          0          0
35  [core 1] exiting
MODE     instrs     cycles l1d access l1d refill l1i access l1i refill
USR     8839500   13179323    5000188       2775    4895192          2
USR     2992730    4466819    1692983       1249    1659299         10
USR           0          0          0          0          0          0
USR           0          0          0          0          0          0
SYS      177284    1624135      57034       6997     187137         16
SYS        9450      16101       4818        111      10550          9
SYS           0          0          0          0          0          0
SYS           0          0          0          0          0          0
waiting (5/64)
69  [core 2] exiting
MODE     instrs     cycles l1d access l1d refill l1i access l1i refill
USR           0          0          0          0          0          0
USR    11679219   17375752    6606608       1506    6471920         11
USR      148718     221441      84184         22      82908          1
USR           0          0          0          0          0          0
SYS           0          0          0          0          0          0
SYS      121222     846958      31240        489      88261         15
SYS         732       1801        389         11        967          6
SYS           0          0          0          0          0          0
waiting (6/64)
waiting (7/64)
waiting (8/64)
waiting (9/64)
waiting (10/64)
waiting (11/64)
waiting (12/64)
waiting (13/64)
waiting (14/64)
waiting (15/64)
waiting (16/64)
waiting (17/64)
waiting (18/64)
waiting (19/64)
waiting (20/64)
waiting (21/64)
waiting (22/64)
waiting (23/64)
waiting (24/64)
waiting (25/64)
waiting (26/64)
waiting (27/64)
waiting (28/64)
waiting (29/64)
waiting (30/64)
waiting (31/64)
waiting (32/64)
waiting (33/64)
waiting (34/64)
waiting (35/64)
waiting (36/64)
waiting (37/64)
waiting (38/64)
waiting (39/64)
waiting (40/64)
waiting (41/64)
waiting (42/64)
waiting (43/64)
waiting (44/64)
waiting (45/64)
waiting (46/64)
waiting (47/64)
waiting (48/64)
waiting (49/64)
waiting (50/64)
waiting (51/64)
waiting (52/64)
waiting (53/64)
waiting (54/64)
waiting (55/64)
waiting (56/64)
waiting (57/64)
waiting (58/64)
waiting (59/64)
waiting (60/64)
waiting (61/64)
waiting (62/64)
waiting (63/64)
thread_pool - done
9   [core 0] exiting
MODE     instrs     cycles l1d access l1d refill l1i access l1i refill
USR      167631     306808      81689        317     245073        563
USR           0          0          0          0          0          0
USR           0          0          0          0          0          0
USR           0          0          0          0          0          0
SYS    62381961  438154630   22707849    2874533   71316741       1552
SYS           0          0          0          0          0          0
SYS           0          0          0          0          0          0
SYS           0          0          0          0          0          0
perf_root - death (599533565)

