










































































































































































































































































































































































































































































































































































































































































































































































































































































































































































































































































































































































































































































































































































































































































































































































































































































































































































































































































































































































































































































































































































































































































































































































































































































































































































































































































































































































































































































































































































































































































































































































































































































































































































































































































































































































































































































































































































































































































































































































































































































































































































































































































































































































































































































































































































































































































































































































































































































































































































































































































































































































































































































































































































































































































































































































































































































































































































































































































































































































































































































































































































































































































































































































































































































































































































































































































































































































































































































































































































































































































































































































































































































































































































































































































































































































































































































































































































































































































































































































































































































































































































































































































































































































































































































































































































































































































































































































































































































































































































































































































































































































































































































































































































































































































































































































































































































[core0] Executing from 0x84AD0
[core3] Executing from 0x84B7C!
[core1] Executing from 0x84B7C!
[core2] Executing from 0x84B7C!
[interrupt] releasing core 0
[interrupt] releasing core 2
[interrupt] releasing core 1
[interrupt] releasing core 3
perf_root - begin (302173425)
thread_pool
single_worker
single_worker
single_worker
single_worker
single_worker
single_worker
single_worker
single_worker
single_worker
waiting (0/64)
single_worker
single_worker
single_worker
single_worker
single_worker
single_worker
single_worker
single_worker
single_worker
single_worker
single_worker
single_worker
single_worker
single_worker
single_worker
single_worker
single_worker
single_worker
single_worker
single_worker
single_worker
single_worker
single_worker
single_worker
single_worker
single_worker
single_worker
single_worker
single_worker
single_worker
single_worker
single_worker
single_worker
single_worker
single_worker
single_worker
single_worker
single_worker
single_worker
single_worker
single_worker
single_worker
single_worker
single_worker
single_worker
single_worker
single_worker
single_worker
single_worker
single_worker
single_worker
single_worker
single_worker
single_worker
single_worker
14  [core 3] exiting
MODE     instrs     cycles l1d access l1d refill l1i access l1i refill
USR           0          0          0          0          0          0
USR           0          0          0          0          0          0
USR           0          0          0          0          0          0
USR    11832434   17616335    6693042       2315    6554191         23
SYS           0          0          0          0          0          0
SYS           0          0          0          0          0          0
SYS           0          0          0          0          0          0
SYS      120876     847555      31186        368      87949         41
13  [core 1] exiting
MODE     instrs     cycles l1d access l1d refill l1i access l1i refill
USR           0          0          0          0          0          0
USR    11832839   17601168    6693256       1444    6554284         22
USR           0          0          0          0          0          0
USR           0          0          0          0          0          0
SYS           0          0          0          0          0          0
SYS      118646     823808      30825        441      86693         38
SYS           0          0          0          0          0          0
SYS           0          0          0          0          0          0
17  [core 2] exiting
MODE     instrs     cycles l1d access l1d refill l1i access l1i refill
USR           0          0          0          0          0          0
USR           0          0          0          0          0          0
USR    11832545   17634495    6693110       3134    6554088         22
USR           0          0          0          0          0          0
SYS           0          0          0          0          0          0
SYS           0          0          0          0          0          0
SYS      119265     831177      30912        689      86723         38
SYS           0          0          0          0          0          0
10  [core 1] exiting
MODE     instrs     cycles l1d access l1d refill l1i access l1i refill
USR         381       1418        292          5        951          5
USR    11831569   17597209    6692477       1274    6553253          1
USR           0          0          0          0          0          0
USR           0          0          0          0          0          0
SYS      437639    1575534     130286         13     245810         22
SYS       37301      60028      18671        284      38994          3
SYS           0          0          0          0          0          0
SYS           0          0          0          0          0          0
11  [core 3] exiting
MODE     instrs     cycles l1d access l1d refill l1i access l1i refill
USR      201635     300567     114133         12     112552          4
USR           0          0          0          0          0          0
USR           0          0          0          0          0          0
USR    11631641   17319063    6579398       2297    6442154          1
SYS       85207     788235      12970          6      50261         11
SYS           0          0          0          0          0          0
SYS           0          0          0          0          0          0
SYS       36701      59786      18350        437      38025          3
waiting (1/64)
18  [core 2] exiting
MODE     instrs     cycles l1d access l1d refill l1i access l1i refill
USR           0          0          0          0          0          0
USR           0          0          0          0          0          0
USR    11833010   17603732    6693373       1615    6554456          4
USR           0          0          0          0          0          0
SYS           0          0          0          0          0          0
SYS           0          0          0          0          0          0
SYS      120966     845874      31142        614      87518         20
SYS           0          0          0          0          0          0
15  [core 0] exiting
MODE     instrs     cycles l1d access l1d refill l1i access l1i refill
USR    11832751   17606378    6693184       1729    6554091          3
USR           0          0          0          0          0          0
USR           0          0          0          0          0          0
USR           0          0          0          0          0          0
SYS      203154    1034443      58394        573     133545         22
SYS           0          0          0          0          0          0
SYS           0          0          0          0          0          0
SYS           0          0          0          0          0          0
20  [core 3] exiting
MODE     instrs     cycles l1d access l1d refill l1i access l1i refill
USR    11267177   16773762    6373222       2264    6240387          0
USR           0          0          0          0          0          0
USR           0          0          0          0          0          0
USR      559216     831725     316372         55     310167          0
SYS      184871    1634643      60479       7064     194447          4
SYS           0          0          0          0          0          0
SYS           0          0          0          0          0          0
SYS        2001       3625       1017         19       2309          4
waiting (2/64)
21  [core 1] exiting
MODE     instrs     cycles l1d access l1d refill l1i access l1i refill
USR           0          0          0          0          0          0
USR    11833092   17602327    6693417       1570    6555426          4
USR           0          0          0          0          0          0
USR           0          0          0          0          0          0
SYS           0          0          0          0          0          0
SYS      363177    2133274     122777       9825     365347         23
SYS           0          0          0          0          0          0
SYS           0          0          0          0          0          0
12  [core 2] exiting
MODE     instrs     cycles l1d access l1d refill l1i access l1i refill
USR      402896     599946     227974         34     224027          1
USR           0          0          0          0          0          0
USR    11429963   17015530    6465337       2178    6331495          2
USR           0          0          0          0          0          0
SYS       86236     789886      13350         24      51248         11
SYS           0          0          0          0          0          0
SYS       36226      57645      18188        324      38295          9
SYS           0          0          0          0          0          0
16  [core 0] exiting
MODE     instrs     cycles l1d access l1d refill l1i access l1i refill
USR    11832554   17614348    6693145       2147    6554650          4
USR           0          0          0          0          0          0
USR           0          0          0          0          0          0
USR           0          0          0          0          0          0
SYS      122323     849285      31395        527      88526          7
SYS           0          0          0          0          0          0
SYS           0          0          0          0          0          0
SYS           0          0          0          0          0          0
26  [core 2] exiting
MODE     instrs     cycles l1d access l1d refill l1i access l1i refill
USR           0          0          0          0          0          0
USR           0          0          0          0          0          0
USR    11823815   17592564    6688084       1801    6549372          1
USR           0          0          0          0          0          0
SYS           0          0          0          0          0          0
SYS           0          0          0          0          0          0
SYS      271022    2429678      96451      13562     321379         15
SYS           0          0          0          0          0          0
33  [core 1] exiting
MODE     instrs     cycles l1d access l1d refill l1i access l1i refill
USR           0          0          0          0          0          0
USR    11832721   17650373    6693184       4468    6554698          3
USR           0          0          0          0          0          0
USR           0          0          0          0          0          0
SYS           0          0          0          0          0          0
SYS      263511    2427891      93960      13330     310833         10
SYS           0          0          0          0          0          0
SYS           0          0          0          0          0          0
34  [core 2] exiting
MODE     instrs     cycles l1d access l1d refill l1i access l1i refill
USR           0          0          0          0          0          0
USR           0          0          0          0          0          0
USR    11832191   17603189    6692893       1653    6553991          2
USR           0          0          0          0          0          0
SYS           0          0          0          0          0          0
SYS           0          0          0          0          0          0
SYS      188194    1639660      61823       7038     196465         12
SYS           0          0          0          0          0          0
waiting (3/64)
23  [core 3] exiting
MODE     instrs     cycles l1d access l1d refill l1i access l1i refill
USR           0          0          0          0          0          0
USR           0          0          0          0          0          0
USR           0          0          0          0          0          0
USR    11825077   17605275    6688907       2339    6551373          2
SYS           0          0          0          0          0          0
SYS           0          0          0          0          0          0
SYS           0          0          0          0          0          0
SYS      365401    2731728     130450      16001     442982         22
41  [core 1] exiting
MODE     instrs     cycles l1d access l1d refill l1i access l1i refill
USR           0          0          0          0          0          0
USR    11832784   17602158    6693233       1658    6554462          2
USR           0          0          0          0          0          0
USR           0          0          0          0          0          0
SYS           0          0          0          0          0          0
SYS      186191    1637963      61314       6987     193440         12
SYS           0          0          0          0          0          0
SYS           0          0          0          0          0          0
32  [core 3] exiting
MODE     instrs     cycles l1d access l1d refill l1i access l1i refill
USR           0          0          0          0          0          0
USR           0          0          0          0          0          0
USR           0          0          0          0          0          0
USR    11833025   17604393    6693369       1661    6554668          1
SYS           0          0          0          0          0          0
SYS           0          0          0          0          0          0
SYS           0          0          0          0          0          0
SYS      187678    1638872      61751       6928     198349         19
42  [core 2] exiting
MODE     instrs     cycles l1d access l1d refill l1i access l1i refill
USR           0          0          0          0          0          0
USR           0          0          0          0          0          0
USR    11833341   17604982    6693533       1735    6554517          2
USR           0          0          0          0          0          0
SYS           0          0          0          0          0          0
SYS           0          0          0          0          0          0
SYS      857524    8750940     348268      65326    1229026         11
SYS           0          0          0          0          0          0
24  [core 0] exiting
MODE     instrs     cycles l1d access l1d refill l1i access l1i refill
USR    11832035   17620302    6692806       2713    6554073          3
USR           0          0          0          0          0          0
USR           0          0          0          0          0          0
USR           0          0          0          0          0          0
SYS      660959    6381877     261316      46185     915401         15
SYS           0          0          0          0          0          0
SYS           0          0          0          0          0          0
SYS           0          0          0          0          0          0
50  [core 2] exiting
MODE     instrs     cycles l1d access l1d refill l1i access l1i refill
USR           0          0          0          0          0          0
USR           0          0          0          0          0          0
USR    11828187   17601383    6690632       1958    6551922          2
USR           0          0          0          0          0          0
SYS           0          0          0          0          0          0
SYS           0          0          0          0          0          0
SYS      334567    3219361     124831      20042     421793         12
SYS           0          0          0          0          0          0
40  [core 3] exiting
MODE     instrs     cycles l1d access l1d refill l1i access l1i refill
USR           0          0          0          0          0          0
USR           0          0          0          0          0          0
USR           0          0          0          0          0          0
USR    11832262   17607683    6692927       1875    6554332          2
SYS           0          0          0          0          0          0
SYS           0          0          0          0          0          0
SYS           0          0          0          0          0          0
SYS      415195    4008818     158425      26083     549061         10
59  [core 2] exiting
MODE     instrs     cycles l1d access l1d refill l1i access l1i refill
USR           0          0          0          0          0          0
USR           0          0          0          0          0          0
USR    11820988   17601629    6686551       2332    6547537          2
USR           0          0          0          0          0          0
SYS           0          0          0          0          0          0
SYS           0          0          0          0          0          0
SYS      586723    5591680     229528      39501     801425          9
SYS           0          0          0          0          0          0
48  [core 3] exiting
MODE     instrs     cycles l1d access l1d refill l1i access l1i refill
USR           0          0          0          0          0          0
USR           0          0          0          0          0          0
USR           0          0          0          0          0          0
USR    11831762   17606547    6692645       1914    6553604          2
SYS           0          0          0          0          0          0
SYS           0          0          0          0          0          0
SYS           0          0          0          0          0          0
SYS      336162    3219105     125278      19805     424771         11
67  [core 2] exiting
MODE     instrs     cycles l1d access l1d refill l1i access l1i refill
USR           0          0          0          0          0          0
USR           0          0          0          0          0          0
USR    11833226   17625623    6693477       2801    6554224          3
USR           0          0          0          0          0          0
SYS           0          0          0          0          0          0
SYS           0          0          0          0          0          0
SYS      260200    2430072      93038      13669     308110         12
SYS           0          0          0          0          0          0
49  [core 1] exiting
MODE     instrs     cycles l1d access l1d refill l1i access l1i refill
USR           0          0          0          0          0          0
USR    11832173   17599455    6692883       1409    6554130          1
USR           0          0          0          0          0          0
USR           0          0          0          0          0          0
SYS           0          0          0          0          0          0
SYS      334396    3217508     124839      19776     425869         11
SYS           0          0          0          0          0          0
SYS           0          0          0          0          0          0
22  [core 2] exiting
MODE     instrs     cycles l1d access l1d refill l1i access l1i refill
USR           0          0          0          0          0          0
USR           0          0          0          0          0          0
USR    11833470   17612966    6693663       1971    6555092          3
USR           0          0          0          0          0          0
SYS           0          0          0          0          0          0
SYS           0          0          0          0          0          0
SYS      147326    1153489      42842       3192     129896          9
SYS           0          0          0          0          0          0
56  [core 3] exiting
MODE     instrs     cycles l1d access l1d refill l1i access l1i refill
USR           0          0          0          0          0          0
USR           0          0          0          0          0          0
USR           0          0          0          0          0          0
USR    11832820   17607113    6693236       1868    6554302          1
SYS           0          0          0          0          0          0
SYS           0          0          0          0          0          0
SYS           0          0          0          0          0          0
SYS      412112    4009127     157624      26294     542019         15
31  [core 0] exiting
MODE     instrs     cycles l1d access l1d refill l1i access l1i refill
USR    11823268   17593551    6687849       1846    6549084          2
USR           0          0          0          0          0          0
USR           0          0          0          0          0          0
USR           0          0          0          0          0          0
SYS      188696    1638960      61971       6875     198150         11
SYS           0          0          0          0          0          0
SYS           0          0          0          0          0          0
SYS           0          0          0          0          0          0
57  [core 1] exiting
MODE     instrs     cycles l1d access l1d refill l1i access l1i refill
USR           0          0          0          0          0          0
USR    11832868   17599732    6693281       1520    6554271          2
USR           0          0          0          0          0          0
USR           0          0          0          0          0          0
SYS           0          0          0          0          0          0
SYS      757186    7169598     300405      52436    1055647         13
SYS           0          0          0          0          0          0
SYS           0          0          0          0          0          0
39  [core 0] exiting
MODE     instrs     cycles l1d access l1d refill l1i access l1i refill
USR    11833094   17622054    6693408       2585    6554330          1
USR           0          0          0          0          0          0
USR           0          0          0          0          0          0
USR           0          0          0          0          0          0
SYS      261507    2429485      93376      13534     310330         10
SYS           0          0          0          0          0          0
SYS           0          0          0          0          0          0
SYS           0          0          0          0          0          0
68  [core 3] exiting
MODE     instrs     cycles l1d access l1d refill l1i access l1i refill
USR           0          0          0          0          0          0
USR           0          0          0          0          0          0
USR           0          0          0          0          0          0
USR    11832881   17610237    6693291       2124    6554134          2
SYS           0          0          0          0          0          0
SYS           0          0          0          0          0          0
SYS           0          0          0          0          0          0
SYS      189735    1638518      61990       6885     198063         16
38  [core 2] exiting
MODE     instrs     cycles l1d access l1d refill l1i access l1i refill
USR           0          0          0          0          0          0
USR           0          0          0          0          0          0
USR    11832456   17608706    6693086       1902    6554300          3
USR           0          0          0          0          0          0
SYS           0          0          0          0          0          0
SYS           0          0          0          0          0          0
SYS      436416    4009659     165449      26380     574086         13
SYS           0          0          0          0          0          0
28  [core 3] exiting
MODE     instrs     cycles l1d access l1d refill l1i access l1i refill
USR           0          0          0          0          0          0
USR           0          0          0          0          0          0
USR           0          0          0          0          0          0
USR    11833014   17613527    6693399       2201    6555089          0
SYS           0          0          0          0          0          0
SYS           0          0          0          0          0          0
SYS           0          0          0          0          0          0
SYS      561883    5591329     221020      39444     768444         16
65  [core 1] exiting
MODE     instrs     cycles l1d access l1d refill l1i access l1i refill
USR           0          0          0          0          0          0
USR    11832601   17600580    6693108       1554    6554375          2
USR           0          0          0          0          0          0
USR           0          0          0          0          0          0
SYS           0          0          0          0          0          0
SYS      262623    2427728      93579      13273     312655          9
SYS           0          0          0          0          0          0
SYS           0          0          0          0          0          0
44  [core 3] exiting
MODE     instrs     cycles l1d access l1d refill l1i access l1i refill
USR           0          0          0          0          0          0
USR           0          0          0          0          0          0
USR           0          0          0          0          0          0
USR    11832942   17607829    6693358       1873    6554812          3
SYS           0          0          0          0          0          0
SYS           0          0          0          0          0          0
SYS           0          0          0          0          0          0
SYS      188581    1638304      61928       6752     198443         12
27  [core 2] exiting
MODE     instrs     cycles l1d access l1d refill l1i access l1i refill
USR    11663590   17372441    6598254       2516    6460209          1
USR           0          0          0          0          0          0
USR      169301     252259      95817         34      94298          2
USR           0          0          0          0          0          0
SYS      261436    2428491      93121      13480     311766          6
SYS           0          0          0          0          0          0
SYS         743       1810        388          7       1144          6
SYS           0          0          0          0          0          0
60  [core 3] exiting
MODE     instrs     cycles l1d access l1d refill l1i access l1i refill
USR           0          0          0          0          0          0
USR           0          0          0          0          0          0
USR           0          0          0          0          0          0
USR    11833360   17610974    6693534       2136    6554673          1
SYS           0          0          0          0          0          0
SYS           0          0          0          0          0          0
SYS           0          0          0          0          0          0
SYS      188012    1638277      61812       6777     198366         13
47  [core 0] exiting
MODE     instrs     cycles l1d access l1d refill l1i access l1i refill
USR    11832630   17602053    6693160       1540    6554228          1
USR           0          0          0          0          0          0
USR           0          0          0          0          0          0
USR           0          0          0          0          0          0
SYS      339434    3219275     126229      19778     430069         11
SYS           0          0          0          0          0          0
SYS           0          0          0          0          0          0
SYS           0          0          0          0          0          0
73  [core 1] exiting
MODE     instrs     cycles l1d access l1d refill l1i access l1i refill
USR           0          0          0          0          0          0
USR    11834747   17601995    6694332       1423    6555349          2
USR           0          0          0          0          0          0
USR           0          0          0          0          0          0
SYS           0          0          0          0          0          0
SYS      122287     847327      31385        372      88286         11
SYS           0          0          0          0          0          0
SYS           0          0          0          0          0          0
54  [core 0] exiting
MODE     instrs     cycles l1d access l1d refill l1i access l1i refill
USR    11832554   17615831    6693107       2388    6553762          1
USR           0          0          0          0          0          0
USR           0          0          0          0          0          0
USR           0          0          0          0          0          0
SYS      187744    1639696      61437       7192     195393         14
SYS           0          0          0          0          0          0
SYS           0          0          0          0          0          0
SYS           0          0          0          0          0          0
72  [core 3] exiting
MODE     instrs     cycles l1d access l1d refill l1i access l1i refill
USR           0          0          0          0          0          0
USR           0          0          0          0          0          0
USR           0          0          0          0          0          0
USR    11832044   17611191    6692803       2172    6554255          3
SYS           0          0          0          0          0          0
SYS           0          0          0          0          0          0
SYS           0          0          0          0          0          0
SYS      791248    7960069     317727      58433    1124271         14
62  [core 0] exiting
MODE     instrs     cycles l1d access l1d refill l1i access l1i refill
USR    11835316   17623003    6694674       2501    6555317          2
USR           0          0          0          0          0          0
USR           0          0          0          0          0          0
USR           0          0          0          0          0          0
SYS      339945    3220501     126121      19852     429978         10
SYS           0          0          0          0          0          0
SYS           0          0          0          0          0          0
SYS           0          0          0          0          0          0
36  [core 3] exiting
MODE     instrs     cycles l1d access l1d refill l1i access l1i refill
USR           0          0          0          0          0          0
USR           0          0          0          0          0          0
USR           0          0          0          0          0          0
USR    11856714   17642960    6706841       1873    6568510          4
SYS           0          0          0          0          0          0
SYS           0          0          0          0          0          0
SYS           0          0          0          0          0          0
SYS      335695    3219275     125094      19883     426905         10
70  [core 0] exiting
MODE     instrs     cycles l1d access l1d refill l1i access l1i refill
USR    11834457   17619241    6694196       2425    6554861          3
USR           0          0          0          0          0          0
USR           0          0          0          0          0          0
USR           0          0          0          0          0          0
SYS      330294    2429817     114744      14009     390442         11
SYS           0          0          0          0          0          0
SYS           0          0          0          0          0          0
SYS           0          0          0          0          0          0
25  [core 1] exiting
MODE     instrs     cycles l1d access l1d refill l1i access l1i refill
USR           0          0          0          0          0          0
USR    11832465   17599887    6693083       1556    6555549          3
USR           0          0          0          0          0          0
USR           0          0          0          0          0          0
SYS           0          0          0          0          0          0
SYS      559766    5589372     220793      39267     774519         13
SYS           0          0          0          0          0          0
SYS           0          0          0          0          0          0
71  [core 2] exiting
MODE     instrs     cycles l1d access l1d refill l1i access l1i refill
USR           0          0          0          0          0          0
USR           0          0          0          0          0          0
USR    11832899   17614580    6693320       2283    6554521          1
USR           0          0          0          0          0          0
SYS           0          0          0          0          0          0
SYS           0          0          0          0          0          0
SYS      261248    2430074      93347      13595     310430         10
SYS           0          0          0          0          0          0
51  [core 3] exiting
MODE     instrs     cycles l1d access l1d refill l1i access l1i refill
USR    11674758   17371920    6603828       1878    6466492          1
USR           0          0          0          0          0          0
USR           0          0          0          0          0          0
USR      158308     235665      89601         24      88206          0
SYS      411454    4008667     157162      26415     540490          5
SYS           0          0          0          0          0          0
SYS           0          0          0          0          0          0
SYS         743       1760        389          5       1095          6
waiting (4/64)
37  [core 1] exiting
MODE     instrs     cycles l1d access l1d refill l1i access l1i refill
USR           0          0          0          0          0          0
USR    11833631   17607551    6693706       2004    6555369          3
USR           0          0          0          0          0          0
USR           0          0          0          0          0          0
SYS           0          0          0          0          0          0
SYS      258857    2428811      92701      13559     308086         10
SYS           0          0          0          0          0          0
SYS           0          0          0          0          0          0
43  [core 0] exiting
MODE     instrs     cycles l1d access l1d refill l1i access l1i refill
USR    11832692   17615061    6693144       2317    6554620          3
USR           0          0          0          0          0          0
USR           0          0          0          0          0          0
USR           0          0          0          0          0          0
SYS      260969    2431050      93247      13730     307517          9
SYS           0          0          0          0          0          0
SYS           0          0          0          0          0          0
SYS           0          0          0          0          0          0
53  [core 1] exiting
MODE     instrs     cycles l1d access l1d refill l1i access l1i refill
USR           0          0          0          0          0          0
USR    11833058   17604214    6693441       1762    6554775          2
USR           0          0          0          0          0          0
USR           0          0          0          0          0          0
SYS           0          0          0          0          0          0
SYS      189001    1637847      62065       6771     198369          6
SYS           0          0          0          0          0          0
SYS           0          0          0          0          0          0
52  [core 3] exiting
MODE     instrs     cycles l1d access l1d refill l1i access l1i refill
USR           0          0          0          0          0          0
USR           0          0          0          0          0          0
USR           0          0          0          0          0          0
USR    11833485   17614123    6693746       2169    6555594          8
SYS           0          0          0          0          0          0
SYS           0          0          0          0          0          0
SYS           0          0          0          0          0          0
SYS      335466    3219329     125093      19878     426560         15
66  [core 0] exiting
MODE     instrs     cycles l1d access l1d refill l1i access l1i refill
USR    11835488   17622117    6694793       2342    6556114          1
USR           0          0          0          0          0          0
USR           0          0          0          0          0          0
USR           0          0          0          0          0          0
SYS      263154    2429856      93754      13465     311963         16
SYS           0          0          0          0          0          0
SYS           0          0          0          0          0          0
SYS           0          0          0          0          0          0
69  [core 1] exiting
MODE     instrs     cycles l1d access l1d refill l1i access l1i refill
USR           0          0          0          0          0          0
USR    11832649   17601813    6693198       1605    6555031          2
USR           0          0          0          0          0          0
USR           0          0          0          0          0          0
SYS           0          0          0          0          0          0
SYS      760747    4008406     265241      20269     702431         16
SYS           0          0          0          0          0          0
SYS           0          0          0          0          0          0
30  [core 2] exiting
MODE     instrs     cycles l1d access l1d refill l1i access l1i refill
USR           0          0          0          0          0          0
USR           0          0          0          0          0          0
USR    11832433   17606075    6693108       1741    6555000          4
USR           0          0          0          0          0          0
SYS           0          0          0          0          0          0
SYS           0          0          0          0          0          0
SYS      187513    1639534      61613       7105     197982         13
SYS           0          0          0          0          0          0
45  [core 1] exiting
MODE     instrs     cycles l1d access l1d refill l1i access l1i refill
USR           0          0          0          0          0          0
USR    11833260   17600597    6693571       1375    6555205          5
USR           0          0          0          0          0          0
USR           0          0          0          0          0          0
SYS           0          0          0          0          0          0
SYS      781123    7959480     315857      58869    1107444         11
SYS           0          0          0          0          0          0
SYS           0          0          0          0          0          0
29  [core 3] exiting
MODE     instrs     cycles l1d access l1d refill l1i access l1i refill
USR           0          0          0          0          0          0
USR    11681058   17374353    6607436       1413    6470858          5
USR           0          0          0          0          0          0
USR      151672     225859      85848         24      84555          1
SYS           0          0          0          0          0          0
SYS      159249    1335578      49406       4476     153477         10
SYS           0          0          0          0          0          0
SYS         743       1883        388          4       1084          7
46  [core 2] exiting
MODE     instrs     cycles l1d access l1d refill l1i access l1i refill
USR           0          0          0          0          0          0
USR           0          0          0          0          0          0
USR    11833064   17607798    6693474       1855    6555215          5
USR           0          0          0          0          0          0
SYS           0          0          0          0          0          0
SYS           0          0          0          0          0          0
SYS      187452    1639742      61633       7047     197915         12
SYS           0          0          0          0          0          0
waiting (5/64)
63  [core 2] exiting
MODE     instrs     cycles l1d access l1d refill l1i access l1i refill
USR           0          0          0          0          0          0
USR           0          0          0          0          0          0
USR    11833554   17613404    6693731       1825    6555365          9
USR           0          0          0          0          0          0
SYS           0          0          0          0          0          0
SYS           0          0          0          0          0          0
SYS      306981    2917954     112986      17504     383258         17
SYS           0          0          0          0          0          0
61  [core 1] exiting
MODE     instrs     cycles l1d access l1d refill l1i access l1i refill
USR           0          0          0          0          0          0
USR    11833259   17601001    6693606       1367    6555860          4
USR           0          0          0          0          0          0
USR           0          0          0          0          0          0
SYS           0          0          0          0          0          0
SYS      188742    1636538      62006       6716     198791          7
SYS           0          0          0          0          0          0
SYS           0          0          0          0          0          0
64  [core 3] exiting
MODE     instrs     cycles l1d access l1d refill l1i access l1i refill
USR           0          0          0          0          0          0
USR           0          0          0          0          0          0
USR           0          0          0          0          0          0
USR    11833515   17610062    6693794       1861    6556395         11
SYS           0          0          0          0          0          0
SYS           0          0          0          0          0          0
SYS           0          0          0          0          0          0
SYS      159376    1338284      49568       4423     155421         17
58  [core 0] exiting
MODE     instrs     cycles l1d access l1d refill l1i access l1i refill
USR    11832894   17615910    6693358       2292    6555050          4
USR           0          0          0          0          0          0
USR           0          0          0          0          0          0
USR           0          0          0          0          0          0
SYS      357117    3219913     132353      20317     452547         12
SYS           0          0          0          0          0          0
SYS           0          0          0          0          0          0
SYS           0          0          0          0          0          0
55  [core 2] exiting
MODE     instrs     cycles l1d access l1d refill l1i access l1i refill
USR           0          0          0          0          0          0
USR           0          0          0          0          0          0
USR    11833642   17614255    6693794       2075    6556056          5
USR           0          0          0          0          0          0
SYS           0          0          0          0          0          0
SYS           0          0          0          0          0          0
SYS      335464    3218924     125013      19910     424218         10
SYS           0          0          0          0          0          0
35  [core 0] exiting
MODE     instrs     cycles l1d access l1d refill l1i access l1i refill
USR    11821506   17594683    6686895       2094    6548372          3
USR           0          0          0          0          0          0
USR         177        617        135          8        532          1
USR           0          0          0          0          0          0
SYS      185625    1639253      61168       7140     195179         12
SYS           0          0          0          0          0          0
SYS           0          0          0          0          0          0
SYS           0          0          0          0          0          0
19  [core 1] exiting
MODE     instrs     cycles l1d access l1d refill l1i access l1i refill
USR    11674119   17373748    6603560       1868    6467406          8
USR      158092     236617      89479         77      88093          1
USR           0          0          0          0          0          0
USR           0          0          0          0          0          0
SYS      325467    3102543     120486      18928     407563         16
SYS         732       1285        387          8        998          0
SYS           0          0          0          0          0          0
SYS           0          0          0          0          0          0
waiting (6/64)
waiting (7/64)
waiting (8/64)
waiting (9/64)
waiting (10/64)
waiting (11/64)
waiting (12/64)
waiting (13/64)
waiting (14/64)
waiting (15/64)
waiting (16/64)
waiting (17/64)
waiting (18/64)
waiting (19/64)
waiting (20/64)
waiting (21/64)
waiting (22/64)
waiting (23/64)
waiting (24/64)
waiting (25/64)
waiting (26/64)
waiting (27/64)
waiting (28/64)
waiting (29/64)
waiting (30/64)
waiting (31/64)
waiting (32/64)
waiting (33/64)
waiting (34/64)
waiting (35/64)
waiting (36/64)
waiting (37/64)
waiting (38/64)
waiting (39/64)
waiting (40/64)
waiting (41/64)
waiting (42/64)
waiting (43/64)
waiting (44/64)
waiting (45/64)
waiting (46/64)
waiting (47/64)
waiting (48/64)
waiting (49/64)
waiting (50/64)
waiting (51/64)
waiting (52/64)
waiting (53/64)
waiting (54/64)
waiting (55/64)
waiting (56/64)
waiting (57/64)
waiting (58/64)
waiting (59/64)
waiting (60/64)
waiting (61/64)
waiting (62/64)
waiting (63/64)
thread_pool - done
9   [core 0] exiting
MODE     instrs     cycles l1d access l1d refill l1i access l1i refill
USR      167454     299442      80546        216     245440        557
USR           0          0          0          0          0          0
USR           0          0          0          0          0          0
USR           0          0          0          0          0          0
SYS    73109537  595694438   27685505    4124200   89310296       1616
SYS           0          0          0          0          0          0
SYS           0          0          0          0          0          0
SYS           0          0          0          0          0          0
perf_root - death (468090069)

