



















[core0] Executing from 0x84AD0
[core3] Executing from 0x84B7C!
[core2] Executing from 0x84B7C!
[interrupt] releasing core 3
[interrupt] releasing core 2
[core1] Executing from 0x84B7C!
[interrupt] releasing core 0
[interrupt] releasing core 1
thread_pool
pooled_worker - 3
pooled_worker - 4
empty
pooled_worker - 5
pooled_worker - 0
empty
empty
pooled_worker - 1
empty
empty
empty
empty
empty
pooled_worker - 2
empty
empty
empty
empty
empty
empty
empty
empty
pooled_worker - 6
empty
empty
empty
empty
empty
empty
empty
empty
empty
empty
empty
empty
empty
empty
empty
empty
empty
empty
empty
empty
empty
empty
pooled_worker - 7
15  [core 3] exiting
MODE     instrs     cycles l1d access l1d refill l1i access l1i refill
USR           0          0          0          0          0          0
USR           0          0          0          0          0          0
USR           0          0          0          0          0          0
USR    13176220   20602466    7416825      14261    7181317        110
SYS           0          0          0          0          0          0
SYS           0          0          0          0          0          0
SYS           0          0          0          0          0          0
SYS     2068810   20962200     719105     120728    2584528        256
16  [core 1] exiting
MODE     instrs     cycles l1d access l1d refill l1i access l1i refill
USR           0          0          0          0          0          0
USR     5697457    8577786    3189806       1644    3034762         34
USR           0          0          0          0          0          0
USR           0          0          0          0          0          0
SYS           0          0          0          0          0          0
SYS      496442    5071770     177067      30465     631780         45
SYS           0          0          0          0          0          0
SYS           0          0          0          0          0          0
14  [core 2] exiting
MODE     instrs     cycles l1d access l1d refill l1i access l1i refill
USR           0          0          0          0          0          0
USR           0          0          0          0          0          0
USR    13003944   19602695    7350414       5435    6940334         99
USR           0          0          0          0          0          0
SYS           0          0          0          0          0          0
SYS           0          0          0          0          0          0
SYS     1938239   19875985     694742     120550    2492417        214
SYS           0          0          0          0          0          0
13  [core 1] exiting
MODE     instrs     cycles l1d access l1d refill l1i access l1i refill
USR           0          0          0          0          0          0
USR     5579746    8571179    3152508       3578    2990259         93
USR           0          0          0          0          0          0
USR           0          0          0          0          0          0
SYS           0          0          0          0          0          0
SYS     1189287   12355485     444491      81457    1595970        135
SYS           0          0          0          0          0          0
SYS           0          0          0          0          0          0
17  [core 2] exiting
MODE     instrs     cycles l1d access l1d refill l1i access l1i refill
USR           0          0          0          0          0          0
USR     4438187    6594547    2509126       1155    2358552         19
USR     1126155    1677940     636806        745     598877          0
USR           0          0          0          0          0          0
SYS           0          0          0          0          0          0
SYS      186679    1450949      48923       3955     171743         26
SYS        3925       7039       1981         45       4647          7
SYS           0          0          0          0          0          0
12  [core 0] exiting
MODE     instrs     cycles l1d access l1d refill l1i access l1i refill
USR     5748809    8876859    3209422       5342    3103478         18
USR           0          0          0          0          0          0
USR           0          0          0          0          0          0
USR           0          0          0          0          0          0
SYS      666329    6816579     239357      41646     856754         62
SYS           0          0          0          0          0          0
SYS           0          0          0          0          0          0
SYS           0          0          0          0          0          0
11  [core 0] exiting
MODE     instrs     cycles l1d access l1d refill l1i access l1i refill
USR     5624346    8742392    3169255       5976    3049119         30
USR           0          0          0          0          0          0
USR           0          0          0          0          0          0
USR           0          0          0          0          0          0
SYS      644539    6549689     219469      36583     781923         77
SYS           0          0          0          0          0          0
SYS           0          0          0          0          0          0
SYS           0          0          0          0          0          0
10  [core 0] exiting
MODE     instrs     cycles l1d access l1d refill l1i access l1i refill
USR     5671833    8873791    3185940       5952    3086034         84
USR           0          0          0          0          0          0
USR           0          0          0          0          0          0
USR           0          0          0          0          0          0
SYS      520301    5333725     168203      26890     601038         95
SYS           0          0          0          0          0          0
SYS           0          0          0          0          0          0
SYS           0          0          0          0          0          0
thread_pool - done
7   [core 0] exiting
MODE     instrs     cycles l1d access l1d refill l1i access l1i refill
USR        5958      16020       4505         31      14156         27
USR        1199       4160        904         11       2993         12
USR       10587      23327       7191         31      18512         20
USR           0          0          0          0          0          0
SYS      382331    3694058     113229      16179     408909        122
SYS      271998    2839237     116530      23207     416706         56
SYS      612485    2113717     215281       9499     483371         10
SYS           0          0          0          0          0          0

