



















































































































































































































































































































































































































































































































































































































































































































































































































































































































































































































































































































































































































































































































































































































































































































































































































































































































































































































































































































































































































































































































































































































































































































































































































































































































































































































































































































































































































































































































































































































































































































































































































































































































































































































































































































































































































































































































































































































































































































































































































































































































































































































































































































































































































































































































































































































































































































































































































































































































































































































































































































































































































































































































































































































































































































































































































































































































































































































































































































































































































































































































































































































































































































































































































































































































































































































































































































































































































































































































































































































































































































































































































































































































































































































































































































































































































































































































































































































































































































































































































































































































































































































































































































































































































































































































































































































































































































































































































































































































































































































































































































































































































































































































































































































































































































































































































































































































































































[core0] Executing from 0x84AD0
[core2] Executing from 0x84B7C!
[core1] Executing from 0x84B7C!
[interrupt] releasing core 0
[interrupt] releasing core 2
[core3] Executing from 0x84B7C!
[interrupt] releasing core 3
[interrupt] releasing core 1
perf_root - begin (164049737)
runtime
runtime_task - 100d
runtime_task - 1000d
runtime_task - 1000d
runtime_task - 10000d
runtime_task - 100d
runtime_task - 1000d
runtime_task - 10000d
runtime_task - 100d
runtime_task - 100d
runtime_task - 10000d
runtime_task - 100d
runtime_task - 1000d
runtime_task - 10000d
runtime_task - 100d
runtime_task - 1000d
runtime_task - 1000d
runtime_task - 10000d
runtime_task - 10000d
runtime_task - 1000d
runtime_task - 100d
runtime_task - 10000d
runtime_task - 100d
runtime_task - 1000d
runtime_task - 1000d
runtime_task - 10000d
runtime_task - 10000d
runtime_task - 10000d
runtime_task - 100d
runtime_task - 100d
runtime_task - 100d
runtime_task - 1000d
runtime_task - 100d
runtime_task - 10000d
runtime_task - 1000d
runtime_task - 100d
runtime_task - 10000d
runtime_task - 1000d
runtime_task - 100d
runtime_task - 100d
runtime_task - 1000d
runtime_task - 1000d
runtime_task - 1000d
runtime_task - 10000d
runtime_task - 10000d
runtime_task - 100d
runtime_task - 10000d
runtime_task - 1000d
runtime_task - 100d
runtime_task - 1000d
runtime_task - 10000d
runtime_task - 10000d
runtime_task - 10000d
runtime_task - 100d
runtime_task - 100d
runtime_task - 100d
runtime_task - 1000d
runtime_task - 1000d
runtime_task - 1000d
runtime_task - 10000d
runtime_task - 10000d
10  [core 2] exiting
MODE     instrs     cycles l1d access l1d refill l1i access l1i refill
USR        1756       8441        653         18       2106         39
USR           0          0          0          0          0          0
USR    18634895   27711377   10536227       6308    9897650          7
USR           0          0          0          0          0          0
SYS      971201    4623478     322039      19430     815660         38
SYS           0          0          0          0          0          0
SYS       59685     101731      30097       1042      65986          5
SYS           0          0          0          0          0          0
13  [core 1] exiting
MODE     instrs     cycles l1d access l1d refill l1i access l1i refill
USR           0          0          0          0          0          0
USR    18530642   27536196   10476922       4388    9842633         93
USR           0          0          0          0          0          0
USR           0          0          0          0          0          0
SYS           0          0          0          0          0          0
SYS      171417    1179017      46340       1257     128081         63
SYS           0          0          0          0          0          0
SYS           0          0          0          0          0          0
28  [core 3] exiting
MODE     instrs     cycles l1d access l1d refill l1i access l1i refill
USR           0          0          0          0          0          0
USR           0          0          0          0          0          0
USR           0          0          0          0          0          0
USR    18536702   27536543   10480367       4689    9845902         16
SYS           0          0          0          0          0          0
SYS           0          0          0          0          0          0
SYS           0          0          0          0          0          0
SYS     2254865   23273048     937275     181604    3324592         32
34  [core 2] exiting
MODE     instrs     cycles l1d access l1d refill l1i access l1i refill
USR           0          0          0          0          0          0
USR           0          0          0          0          0          0
USR    18490805   27477571   10454415       5326    9821252          8
USR           0          0          0          0          0          0
SYS           0          0          0          0          0          0
SYS           0          0          0          0          0          0
SYS      604765    5889484     233802      39757     797343         25
SYS           0          0          0          0          0          0
40  [core 3] exiting
MODE     instrs     cycles l1d access l1d refill l1i access l1i refill
USR           0          0          0          0          0          0
USR           0          0          0          0          0          0
USR           0          0          0          0          0          0
USR    18533603   27535907   10478605       4805    9843900         15
SYS           0          0          0          0          0          0
SYS           0          0          0          0          0          0
SYS           0          0          0          0          0          0
SYS      271499    2358707      91231      10754     289661         30
16  [core 0] exiting
MODE     instrs     cycles l1d access l1d refill l1i access l1i refill
USR    18533345   27542523   10478450       5262    9844189         12
USR           0          0          0          0          0          0
USR           0          0          0          0          0          0
USR           0          0          0          0          0          0
SYS      176698    1202626      46971       1287     131278         28
SYS           0          0          0          0          0          0
SYS           0          0          0          0          0          0
SYS           0          0          0          0          0          0
52  [core 3] exiting
MODE     instrs     cycles l1d access l1d refill l1i access l1i refill
USR           0          0          0          0          0          0
USR           0          0          0          0          0          0
USR           0          0          0          0          0          0
USR    18536825   27533220   10480443       4334    9845678         11
SYS           0          0          0          0          0          0
SYS           0          0          0          0          0          0
SYS           0          0          0          0          0          0
SYS      281122    2411470      94554      10917     302328         24
46  [core 2] exiting
MODE     instrs     cycles l1d access l1d refill l1i access l1i refill
USR           0          0          0          0          0          0
USR           0          0          0          0          0          0
USR    18530751   27533703   10476993       4915    9842316         14
USR           0          0          0          0          0          0
SYS           0          0          0          0          0          0
SYS           0          0          0          0          0          0
SYS      276478    2411277      93411      11078     294549         28
SYS           0          0          0          0          0          0
25  [core 1] exiting
MODE     instrs     cycles l1d access l1d refill l1i access l1i refill
USR           0          0          0          0          0          0
USR    18529727   27545936   10476408       5623    9842493         14
USR           0          0          0          0          0          0
USR           0          0          0          0          0          0
SYS           0          0          0          0          0          0
SYS      510793    4678546     191864      30120     653444         26
SYS           0          0          0          0          0          0
SYS           0          0          0          0          0          0
31  [core 0] exiting
MODE     instrs     cycles l1d access l1d refill l1i access l1i refill
USR    18532248   27555665   10477822       6048    9843529         10
USR           0          0          0          0          0          0
USR           0          0          0          0          0          0
USR           0          0          0          0          0          0
SYS      500397    4730731     188110      29993     637588         23
SYS           0          0          0          0          0          0
SYS           0          0          0          0          0          0
SYS           0          0          0          0          0          0
55  [core 2] exiting
MODE     instrs     cycles l1d access l1d refill l1i access l1i refill
USR           0          0          0          0          0          0
USR           0          0          0          0          0          0
USR    18528268   27555214   10475596       6731    9841205         16
USR           0          0          0          0          0          0
SYS           0          0          0          0          0          0
SYS           0          0          0          0          0          0
SYS      270029    2304975      90020       9984     284451         30
SYS           0          0          0          0          0          0
43  [core 0] exiting
MODE     instrs     cycles l1d access l1d refill l1i access l1i refill
USR    18531908   27554858   10477647       5937    9843334          8
USR           0          0          0          0          0          0
USR           0          0          0          0          0          0
USR           0          0          0          0          0          0
SYS      270050    2360329      90775      10779     288022         30
SYS           0          0          0          0          0          0
SYS           0          0          0          0          0          0
SYS           0          0          0          0          0          0
49  [core 1] exiting
MODE     instrs     cycles l1d access l1d refill l1i access l1i refill
USR           0          0          0          0          0          0
USR    18528135   27547083   10475511       5864    9840940         11
USR           0          0          0          0          0          0
USR           0          0          0          0          0          0
SYS           0          0          0          0          0          0
SYS      371902    3413270     133849      19310     442136         29
SYS           0          0          0          0          0          0
SYS           0          0          0          0          0          0
58  [core 0] exiting
MODE     instrs     cycles l1d access l1d refill l1i access l1i refill
USR    18531211   27561557   10477281       6723    9843327         10
USR           0          0          0          0          0          0
USR           0          0          0          0          0          0
USR           0          0          0          0          0          0
SYS      362094    2307021     118968      10686     393121         28
SYS           0          0          0          0          0          0
SYS           0          0          0          0          0          0
SYS           0          0          0          0          0          0
61  [core 1] exiting
MODE     instrs     cycles l1d access l1d refill l1i access l1i refill
USR           0          0          0          0          0          0
USR    18533171   27557517   10478390       6109    9843633         10
USR           0          0          0          0          0          0
USR           0          0          0          0          0          0
SYS           0          0          0          0          0          0
SYS      974146    5836504     353420      41241    1227545         32
SYS           0          0          0          0          0          0
SYS           0          0          0          0          0          0
67  [core 2] exiting
MODE     instrs     cycles l1d access l1d refill l1i access l1i refill
USR           0          0          0          0          0          0
USR           0          0          0          0          0          0
USR    18534287   27534671   10479023       4524    9844283         16
USR           0          0          0          0          0          0
SYS           0          0          0          0          0          0
SYS           0          0          0          0          0          0
SYS      270805    2358648      90999      10818     288167         29
SYS           0          0          0          0          0          0
37  [core 1] exiting
MODE     instrs     cycles l1d access l1d refill l1i access l1i refill
USR           0          0          0          0          0          0
USR    18537159   27592976   10480645       7990    9845936         13
USR           0          0          0          0          0          0
USR           0          0          0          0          0          0
SYS           0          0          0          0          0          0
SYS      272800    2360177      91624      10724     290349         24
SYS           0          0          0          0          0          0
SYS           0          0          0          0          0          0
64  [core 3] exiting
MODE     instrs     cycles l1d access l1d refill l1i access l1i refill
USR           0          0          0          0          0          0
USR           0          0          0          0          0          0
USR           0          0          0          0          0          0
USR    18532663   27553320   10478071       6219    9843449          6
SYS           0          0          0          0          0          0
SYS           0          0          0          0          0          0
SYS           0          0          0          0          0          0
SYS      379974    2411762     125861      11814     413644         28
22  [core 2] exiting
MODE     instrs     cycles l1d access l1d refill l1i access l1i refill
USR           0          0          0          0          0          0
USR           0          0          0          0          0          0
USR    18632154   27698858   10534342       5757    9899331         17
USR           0          0          0          0          0          0
SYS           0          0          0          0          0          0
SYS           0          0          0          0          0          0
SYS      470741    3178319     160733      18513     438498         40
SYS           0          0          0          0          0          0
19  [core 3] exiting
MODE     instrs     cycles l1d access l1d refill l1i access l1i refill
USR           0          0          0          0          0          0
USR           0          0          0          0          0          0
USR           0          0          0          0          0          0
USR    18600262   27669527   10516309       7111    9882695         20
SYS           0          0          0          0          0          0
SYS           0          0          0          0          0          0
SYS           0          0          0          0          0          0
SYS      143304     907253      42487        389     113098         34
14  [core 2] exiting
MODE     instrs     cycles l1d access l1d refill l1i access l1i refill
USR           0          0          0          0          0          0
USR           0          0          0          0          0          0
USR   185290564  275444261  104762989      60804   98401724         89
USR           0          0          0          0          0          0
SYS           0          0          0          0          0          0
SYS           0          0          0          0          0          0
SYS      866791    3199178     373565      20364     922745         58
SYS           0          0          0          0          0          0
26  [core 2] exiting
MODE     instrs     cycles l1d access l1d refill l1i access l1i refill
USR           0          0          0          0          0          0
USR           0          0          0          0          0          0
USR   185249656  275382862  104739764      60165   98386227         22
USR           0          0          0          0          0          0
SYS           0          0          0          0          0          0
SYS           0          0          0          0          0          0
SYS      981890    5294407     430468      36762    1138679         31
SYS           0          0          0          0          0          0
38  [core 2] exiting
MODE     instrs     cycles l1d access l1d refill l1i access l1i refill
USR           0          0          0          0          0          0
USR           0          0          0          0          0          0
USR   185299199  275450594  104767748      60375   98408575         12
USR           0          0          0          0          0          0
SYS           0          0          0          0          0          0
SYS           0          0          0          0          0          0
SYS      790137    3274414     348664      19952     835778         27
SYS           0          0          0          0          0          0
50  [core 2] exiting
MODE     instrs     cycles l1d access l1d refill l1i access l1i refill
USR           0          0          0          0          0          0
USR           0          0          0          0          0          0
USR   185197157  275290923  104710207      59378   98354078         17
USR           0          0          0          0          0          0
SYS           0          0          0          0          0          0
SYS           0          0          0          0          0          0
SYS     1550229   11280471     672948      85727    1999973         29
SYS           0          0          0          0          0          0
59  [core 2] exiting
MODE     instrs     cycles l1d access l1d refill l1i access l1i refill
USR           0          0          0          0          0          0
USR           0          0          0          0          0          0
USR   185335324  275583112  104788349      68074   98428399         21
USR           0          0          0          0          0          0
SYS           0          0          0          0          0          0
SYS           0          0          0          0          0          0
SYS      903621    4431066     396564      30441    1006274         25
SYS           0          0          0          0          0          0
29  [core 1] exiting
MODE     instrs     cycles l1d access l1d refill l1i access l1i refill
USR           0          0          0          0          0          0
USR   185296952  275492445  104766489      62248   98404678         16
USR           0          0          0          0          0          0
USR           0          0          0          0          0          0
SYS           0          0          0          0          0          0
SYS      790895    3302335     348747      21949     854801         24
SYS           0          0          0          0          0          0
SYS           0          0          0          0          0          0
47  [core 2] exiting
MODE     instrs     cycles l1d access l1d refill l1i access l1i refill
USR    13696360   20372876    7743570       5065    7274878          9
USR           0          0          0          0          0          0
USR   171712589  255232715   97086294      55645   91207570          2
USR           0          0          0          0          0          0
SYS      582186    5809700     222019      38562     768641         22
SYS           0          0          0          0          0          0
SYS      527293     813404     267052       4329     566732         12
SYS           0          0          0          0          0          0
53  [core 1] exiting
MODE     instrs     cycles l1d access l1d refill l1i access l1i refill
USR           0          0          0          0          0          0
USR   185298989  275499351  104767569      61110   98400676         14
USR           0          0          0          0          0          0
USR           0          0          0          0          0          0
SYS           0          0          0          0          0          0
SYS     2433265   20680409    1050590     164264    3355355         25
SYS           0          0          0          0          0          0
SYS           0          0          0          0          0          0
17  [core 3] exiting
MODE     instrs     cycles l1d access l1d refill l1i access l1i refill
USR           0          0          0          0          0          0
USR           0          0          0          0          0          0
USR           0          0          0          0          0          0
USR   185302995  275480749  104770236      60130   98408369         89
SYS           0          0          0          0          0          0
SYS           0          0          0          0          0          0
SYS           0          0          0          0          0          0
SYS      794562    3260144     349245      19997     837611         64
65  [core 1] exiting
MODE     instrs     cycles l1d access l1d refill l1i access l1i refill
USR           0          0          0          0          0          0
USR   185307895  275492129  104772648      63885   98405237         11
USR           0          0          0          0          0          0
USR           0          0          0          0          0          0
SYS           0          0          0          0          0          0
SYS     1414880    4452901     554108      21770    1245137         34
SYS           0          0          0          0          0          0
SYS           0          0          0          0          0          0
11  [core 0] exiting
MODE     instrs     cycles l1d access l1d refill l1i access l1i refill
USR   185176962  275313990  104699044      67371   98338704         21
USR           0          0          0          0          0          0
USR           0          0          0          0          0          0
USR           0          0          0          0          0          0
SYS      694337    2116860     303790      11112     678961         37
SYS           0          0          0          0          0          0
SYS           0          0          0          0          0          0
SYS           0          0          0          0          0          0
32  [core 3] exiting
MODE     instrs     cycles l1d access l1d refill l1i access l1i refill
USR           0          0          0          0          0          0
USR           0          0          0          0          0          0
USR           0          0          0          0          0          0
USR   185259167  275477188  104745138      64548   98393884         19
SYS           0          0          0          0          0          0
SYS           0          0          0          0          0          0
SYS           0          0          0          0          0          0
SYS      799420    3320366     352036      20643     850061         32
41  [core 1] exiting
MODE     instrs     cycles l1d access l1d refill l1i access l1i refill
USR           0          0          0          0          0          0
USR   185289657  275621407  104762399      70616   98397666         14
USR           0          0          0          0          0          0
USR           0          0          0          0          0          0
SYS           0          0          0          0          0          0
SYS      902834    4460668     396229      31167    1015766         28
SYS           0          0          0          0          0          0
SYS           0          0          0          0          0          0
68  [core 3] exiting
MODE     instrs     cycles l1d access l1d refill l1i access l1i refill
USR           0          0          0          0          0          0
USR           0          0          0          0          0          0
USR           0          0          0          0          0          0
USR   185225983  275309861  104726402      56605   98367893         15
SYS           0          0          0          0          0          0
SYS           0          0          0          0          0          0
SYS           0          0          0          0          0          0
SYS     1072462    4331798     449982      31550    1199351         28
20  [core 0] exiting
MODE     instrs     cycles l1d access l1d refill l1i access l1i refill
USR   185317279  275473033  104777949      57800   98412994         16
USR           0          0          0          0          0          0
USR           0          0          0          0          0          0
USR           0          0          0          0          0          0
SYS     1238429    7982885     539167      60184    1520599         42
SYS           0          0          0          0          0          0
SYS           0          0          0          0          0          0
SYS           0          0          0          0          0          0
23  [core 3] exiting
MODE     instrs     cycles l1d access l1d refill l1i access l1i refill
USR           0          0          0          0          0          0
USR           0          0          0          0          0          0
USR           0          0          0          0          0          0
USR   185307335  275666139  104772620      72984   98430486         22
SYS           0          0          0          0          0          0
SYS           0          0          0          0          0          0
SYS           0          0          0          0          0          0
SYS      914782    4382874     404520      23501    1029812         38
35  [core 0] exiting
MODE     instrs     cycles l1d access l1d refill l1i access l1i refill
USR   185288052  275530444  104761577      69423   98398379         13
USR           0          0          0          0          0          0
USR           0          0          0          0          0          0
USR           0          0          0          0          0          0
SYS      784890    3235282     346095      21184     831171         30
SYS           0          0          0          0          0          0
SYS           0          0          0          0          0          0
SYS           0          0          0          0          0          0
56  [core 3] exiting
MODE     instrs     cycles l1d access l1d refill l1i access l1i refill
USR           0          0          0          0          0          0
USR           0          0          0          0          0          0
USR           0          0          0          0          0          0
USR   185332039  275661771  104786454      69722   98427170          9
SYS           0          0          0          0          0          0
SYS           0          0          0          0          0          0
SYS           0          0          0          0          0          0
SYS     1019165    5583561     444047      39507    1174212         28
62  [core 0] exiting
MODE     instrs     cycles l1d access l1d refill l1i access l1i refill
USR   185321266  275657268  104780344      70443   98416503         13
USR           0          0          0          0          0          0
USR           0          0          0          0          0          0
USR           0          0          0          0          0          0
SYS     1084219    4383542     453388      30691    1214735         28
SYS           0          0          0          0          0          0
SYS           0          0          0          0          0          0
SYS           0          0          0          0          0          0
44  [core 3] exiting
MODE     instrs     cycles l1d access l1d refill l1i access l1i refill
USR           0          0          0          0          0          0
USR           0          0          0          0          0          0
USR           0          0          0          0          0          0
USR   185294066  275322707  104764923      49887   98409589         12
SYS           0          0          0          0          0          0
SYS           0          0          0          0          0          0
SYS           0          0          0          0          0          0
SYS      896393    4381336     393953      30307     997253         31
48  [core 3] exiting
MODE     instrs     cycles l1d access l1d refill l1i access l1i refill
USR           0          0          0          0          0          0
USR           0          0          0          0          0          0
USR           0          0          0          0          0          0
USR  1852937063 2753499730 1047652384     535752  984085978         16
SYS           0          0          0          0          0          0
SYS           0          0          0          0          0          0
SYS           0          0          0          0          0          0
SYS     6040985   11344794    2997119      47461    6480610         37
60  [core 3] exiting
MODE     instrs     cycles l1d access l1d refill l1i access l1i refill
USR           0          0          0          0          0          0
USR           0          0          0          0          0          0
USR           0          0          0          0          0          0
USR  1853112816 2753790153 1047749745     538758  984088667         15
SYS           0          0          0          0          0          0
SYS           0          0          0          0          0          0
SYS           0          0          0          0          0          0
SYS     6035816   11892100    2949718     111226    6388362         28
18  [core 3] exiting
MODE     instrs     cycles l1d access l1d refill l1i access l1i refill
USR    18136990   26964223   10254321       5609    9633415         23
USR           0          0          0          0          0          0
USR           0          0          0          0          0          0
USR  1834960461 2727150478 1037487552     552662  974494241          6
SYS      544094    4982330     202122      31454     689951         39
SYS           0          0          0          0          0          0
SYS           0          0          0          0          0          0
SYS     5646084    9478752    2823124     100416    5998438         12
45  [core 3] exiting
MODE     instrs     cycles l1d access l1d refill l1i access l1i refill
USR           0          0          0          0          0          0
USR  1055261046 1568681392  596643309     340893  560370922         12
USR           0          0          0          0          0          0
USR   797926550 1185341617  451147254     200405  423813774          1
SYS           0          0          0          0          0          0
SYS     3704002   10394779    1786847     101395    4046394         25
SYS           0          0          0          0          0          0
SYS     2509499    3733555    1266637       3697    2684738          8
63  [core 2] exiting
MODE     instrs     cycles l1d access l1d refill l1i access l1i refill
USR           0          0          0          0          0          0
USR           0          0          0          0          0          0
USR  1853102317 2754250033 1047743670     587977  984017181         17
USR           0          0          0          0          0          0
SYS           0          0          0          0          0          0
SYS           0          0          0          0          0          0
SYS     6159479   14342827    3014878     142393    6601293         31
SYS           0          0          0          0          0          0
30  [core 2] exiting
MODE     instrs     cycles l1d access l1d refill l1i access l1i refill
USR           0          0          0          0          0          0
USR           0          0          0          0          0          0
USR  1853079806 2754187940 1047734669     574569  984043362         12
USR           0          0          0          0          0          0
SYS           0          0          0          0          0          0
SYS           0          0          0          0          0          0
SYS     5929643   12096418    2917685     123872    6288269         33
SYS           0          0          0          0          0          0
36  [core 2] exiting
MODE     instrs     cycles l1d access l1d refill l1i access l1i refill
USR           0          0          0          0          0          0
USR           0          0          0          0          0          0
USR  1673846608 2488708845  946407159     591887  888883949          0
USR   179301700  266580339  101377060      62739   95226836          8
SYS           0          0          0          0          0          0
SYS           0          0          0          0          0          0
SYS     5157943    8672585    2579649      93326    5510595          2
SYS      777548    3244507     339421      20385     817276         30
66  [core 2] exiting
MODE     instrs     cycles l1d access l1d refill l1i access l1i refill
USR   177691290  264206443  100466247      61439   94361944         12
USR           0          0          0          0          0          0
USR  1675186406 2490575583  947149149     571563  889682074          1
USR           0          0          0          0          0          0
SYS     1194475    3285401     465423      10240     944772         30
SYS           0          0          0          0          0          0
SYS     5267651    8154453    2659058      34760    5559601         12
SYS           0          0          0          0          0          0
33  [core 3] exiting
MODE     instrs     cycles l1d access l1d refill l1i access l1i refill
USR           0          0          0          0          0          0
USR  1651987446 2455855918  934032129     546020  877249787         13
USR           0          0          0          0          0          0
USR   201350573  299304550  113843722      65772  106941507          0
SYS           0          0          0          0          0          0
SYS     5318686   11214376    2609971     124211    5702063         26
SYS           0          0          0          0          0          0
SYS      622921    1035846     311683      10419     664495          4
27  [core 3] exiting
MODE     instrs     cycles l1d access l1d refill l1i access l1i refill
USR  1531223422 2276588383  865752772     540942  813073480         10
USR           0          0          0          0          0          0
USR           0          0          0          0          0          0
USR   321675672  477956944  181875500      89500  170857031          0
SYS     5152971   12731781    2511854     127875    5536818         32
SYS           0          0          0          0          0          0
SYS           0          0          0          0          0          0
SYS     1011991    1526758     510795       2980    1093708          7
57  [core 2] exiting
MODE     instrs     cycles l1d access l1d refill l1i access l1i refill
USR           0          0          0          0          0          0
USR  1788636310 2659305568 1011293808     616854  949784668         12
USR    64397571   95702789   36410394      19118   34203711          0
USR           0          0          0          0          0          0
SYS           0          0          0          0          0          0
SYS     5938749   12945821    2894475     136936    6357447         27
SYS      202066     305997     102070        730     214993          6
SYS           0          0          0          0          0          0
15  [core 1] exiting
MODE     instrs     cycles l1d access l1d refill l1i access l1i refill
USR           0          0          0          0          0          0
USR  1852950908 2755524309 1047657449     687411  983908935         26
USR           0          0          0          0          0          0
USR           0          0          0          0          0          0
SYS           0          0          0          0          0          0
SYS     6146022   13288739    2997983     138590    6557161         34
SYS           0          0          0          0          0          0
SYS           0          0          0          0          0          0
69  [core 1] exiting
MODE     instrs     cycles l1d access l1d refill l1i access l1i refill
USR           0          0          0          0          0          0
USR  1852836160 2754178148 1047604346     602150  983855048         14
USR           0          0          0          0          0          0
USR           0          0          0          0          0          0
SYS           0          0          0          0          0          0
SYS     6382299   12202646    3055806     122324    6426136         28
SYS           0          0          0          0          0          0
SYS           0          0          0          0          0          0
54  [core 3] exiting
MODE     instrs     cycles l1d access l1d refill l1i access l1i refill
USR  1640721583 2439498839  927675006     582962  871214626         10
USR           0          0          0          0          0          0
USR           0          0          0          0          0          0
USR   212220451  315337422  119989403      54634  112717502          0
SYS     6227781   17975758    2966377     166936    6917127         29
SYS           0          0          0          0          0          0
SYS           0          0          0          0          0          0
SYS      667729     998539     337036       1395     716537          8
21  [core 1] exiting
MODE     instrs     cycles l1d access l1d refill l1i access l1i refill
USR           0          0          0          0          0          0
USR  1852937250 2754737047 1047648649     633614  984046289         15
USR           0          0          0          0          0          0
USR           0          0          0          0          0          0
SYS           0          0          0          0          0          0
SYS     5971349   10852706    2964571      67221    6293745         63
SYS           0          0          0          0          0          0
SYS           0          0          0          0          0          0
51  [core 2] exiting
MODE     instrs     cycles l1d access l1d refill l1i access l1i refill
USR  1699824450 2527324198  961079769     603342  902598047         16
USR           0          0          0          0          0          0
USR   153263576  227922688   86655172      63927   81404957          0
USR           0          0          0          0          0          0
SYS     5679843   13662986    2776579     133390    6095758         35
SYS           0          0          0          0          0          0
SYS      482600     777844     243609       5154     514186          6
SYS           0          0          0          0          0          0
39  [core 0] exiting
MODE     instrs     cycles l1d access l1d refill l1i access l1i refill
USR  1852772101 2755253117 1047556646     705201  983812849         14
USR           0          0          0          0          0          0
USR           0          0          0          0          0          0
USR           0          0          0          0          0          0
SYS     5928853   12087475    2917352     127154    6253191         33
SYS           0          0          0          0          0          0
SYS           0          0          0          0          0          0
SYS           0          0          0          0          0          0
24  [core 0] exiting
MODE     instrs     cycles l1d access l1d refill l1i access l1i refill
USR  1853179600 2755406145 1047786641     656874  984028929         14
USR           0          0          0          0          0          0
USR           0          0          0          0          0          0
USR           0          0          0          0          0          0
SYS     5934362   12144206    2918831     129612    6264451         36
SYS           0          0          0          0          0          0
SYS           0          0          0          0          0          0
SYS           0          0          0          0          0          0
12  [core 0] exiting
MODE     instrs     cycles l1d access l1d refill l1i access l1i refill
USR  1853212695 2755777745 1047805675     674880  984044284         23
USR           0          0          0          0          0          0
USR           0          0          0          0          0          0
USR           0          0          0          0          0          0
SYS     5842208   10876831    2876337     107500    6107875         32
SYS           0          0          0          0          0          0
SYS           0          0          0          0          0          0
SYS           0          0          0          0          0          0
42  [core 2] exiting
MODE     instrs     cycles l1d access l1d refill l1i access l1i refill
USR           0          0          0          0          0          0
USR           0          0          0          0          0          0
USR  3347532040 4976631035 1892695156    1208178 1777763012         31
USR           0          0          0          0          0          0
SYS           0          0          0          0          0          0
SYS           0          0          0          0          0          0
SYS    10584805   19424182    5266788     156463   11257892         39
SYS           0          0          0          0          0          0

