






















































































































































































































































































































































































































































































































































































































































































































































































































































































































































































































































































































































































































































































































































































































































































































































































































































































































































































































































































































































































































































































































































































































































































































































































































































































































































































































































































































































































































































































































































































































































































































































































































































































































































































































































































































































































































































































































































































































































































































































































































































































































































































































































































































































































































































































































































































































































































































































































































































































































































































































































































































































































































































































































































































































































































































































































































































































































































































































































































































































































































































































































































































































































































































































































































































































































































































































































































































































































































































































































































































































































































































































































































































































































































































































































































































































































































































































































































































































































































































































































































































































































































































































































































































































































































































































































































































































































































































































































































































































































































































































































































































































































































































































































































































































































































































































[core0] Executing from 0x84AD0
[core2] Executing from 0x84B7C!
[core3] Executing from 0x84B7C!
[core1] Executing from 0x84B7C!
[interrupt] releasing core 0
[interrupt] releasing core 1
[interrupt] releasing core 2
[interrupt] releasing core 3
perf_root - begin (194724071)
death
runtime_task - 100d
runtime_task - 100d
runtime_task - 10000d
runtime_task - 10000d
runtime_task - 100d
runtime_task - 100d
runtime_task - 100d
runtime_task - 100d
runtime_task - 100d
runtime_task - 100d
runtime_task - 100d
runtime_task - 100d
runtime_task - 100d
runtime_task - 100d
runtime_task - 10000d
runtime_task - 100d
runtime_task - 10000d
runtime_task - 100d
runtime_task - 100d
runtime_task - 100d
runtime_task - 10000d
runtime_task - 100d
runtime_task - 100d
runtime_task - 100d
runtime_task - 10000d
runtime_task - 100d
runtime_task - 100d
runtime_task - 100d
runtime_task - 100d
runtime_task - 100d
runtime_task - 100d
runtime_task - 100d
runtime_task - 10000d
runtime_task - 10000d
runtime_task - 100d
runtime_task - 10000d
runtime_task - 10000d
runtime_task - 100d
runtime_task - 100d
runtime_task - 100d
runtime_task - 100d
runtime_task - 100d
runtime_task - 100d
runtime_task - 100d
runtime_task - 100d
runtime_task - 100d
runtime_task - 100d
runtime_task - 100d
runtime_task - 10000d
runtime_task - 100d
runtime_task - 100d
runtime_task - 100d
runtime_task - 100d
runtime_task - 100d
runtime_task - 100d
runtime_task - 100d
runtime_task - 100d
runtime_task - 100d
runtime_task - 100d
runtime_task - 10000d
runtime_task - 100d
runtime_task - 10000d
runtime_task - 100d
runtime_task - 100d
runtime_task - 10000d
runtime_task - 100d
runtime_task - 100d
runtime_task - 100d
runtime_task - 100d
runtime_task - 10000d
runtime_task - 100d
runtime_task - 100d
runtime_task - 100d
runtime_task - 100d
runtime_task - 100d
runtime_task - 100d
runtime_task - 100d
runtime_task - 100d
runtime_task - 10000d
runtime_task - 100d
14  [core 2] exiting
MODE     instrs     cycles l1d access l1d refill l1i access l1i refill
USR           0          0          0          0          0          0
USR           0          0          0          0          0          0
USR    18526851   27528713   10474781       4419    9840797         91
USR           0          0          0          0          0          0
SYS           0          0          0          0          0          0
SYS           0          0          0          0          0          0
SYS      267381    2279173      87977      10066     276136         63
SYS           0          0          0          0          0          0
13  [core 1] exiting
MODE     instrs     cycles l1d access l1d refill l1i access l1i refill
USR           0          0          0          0          0          0
USR    18533114   27557219   10478336       5908    9844207         89
USR           0          0          0          0          0          0
USR           0          0          0          0          0          0
SYS           0          0          0          0          0          0
SYS      160970    1178915      44359       1314     122881         67
SYS           0          0          0          0          0          0
SYS           0          0          0          0          0          0
19  [core 3] exiting
MODE     instrs     cycles l1d access l1d refill l1i access l1i refill
USR           0          0          0          0          0          0
USR           0          0          0          0          0          0
USR           0          0          0          0          0          0
USR    18531126   27523899   10477205       4058    9843005         24
SYS           0          0          0          0          0          0
SYS           0          0          0          0          0          0
SYS           0          0          0          0          0          0
SYS      155146    1058905      43635       1201     118585         39
17  [core 1] exiting
MODE     instrs     cycles l1d access l1d refill l1i access l1i refill
USR           0          0          0          0          0          0
USR    18538184   27568422   10481255       7435    9846852         24
USR           0          0          0          0          0          0
USR           0          0          0          0          0          0
SYS           0          0          0          0          0          0
SYS      666029    2293983     209930       1079     403721         35
SYS           0          0          0          0          0          0
SYS           0          0          0          0          0          0
36  [core 3] exiting
MODE     instrs     cycles l1d access l1d refill l1i access l1i refill
USR           0          0          0          0          0          0
USR           0          0          0          0          0          0
USR           0          0          0          0          0          0
USR    18528664   27542164   10475838       5344    9841176         14
SYS           0          0          0          0          0          0
SYS           0          0          0          0          0          0
SYS           0          0          0          0          0          0
SYS      587584    5729149     226264      38475     772304         31
34  [core 2] exiting
MODE     instrs     cycles l1d access l1d refill l1i access l1i refill
USR           0          0          0          0          0          0
USR           0          0          0          0          0          0
USR    18525899   27528668   10474232       4896    9839694          8
USR           0          0          0          0          0          0
SYS           0          0          0          0          0          0
SYS           0          0          0          0          0          0
SYS      489089    4623145     183327      28959     621505         30
SYS           0          0          0          0          0          0
48  [core 3] exiting
MODE     instrs     cycles l1d access l1d refill l1i access l1i refill
USR           0          0          0          0          0          0
USR           0          0          0          0          0          0
USR           0          0          0          0          0          0
USR    18534910   27523950   10479372       4083    9844359         11
SYS           0          0          0          0          0          0
SYS           0          0          0          0          0          0
SYS           0          0          0          0          0          0
SYS      677648    5623110     253064      37683     873630         27
46  [core 2] exiting
MODE     instrs     cycles l1d access l1d refill l1i access l1i refill
USR           0          0          0          0          0          0
USR           0          0          0          0          0          0
USR    18531972   27525040   10477688       4247    9842920         13
USR           0          0          0          0          0          0
SYS           0          0          0          0          0          0
SYS           0          0          0          0          0          0
SYS      263880    2304434      87998      10428     278471         22
SYS           0          0          0          0          0          0
11  [core 1] exiting
MODE     instrs     cycles l1d access l1d refill l1i access l1i refill
USR      202831     304198     114339         66     108862         25
USR    18330621   27260575   10364242       7321    9737914          2
USR           0          0          0          0          0          0
USR           0          0          0          0          0          0
SYS      613459    2207226     182605         23     344448         32
SYS       55831      89984      28184        495      61418         19
SYS           0          0          0          0          0          0
SYS           0          0          0          0          0          0
59  [core 2] exiting
MODE     instrs     cycles l1d access l1d refill l1i access l1i refill
USR           0          0          0          0          0          0
USR           0          0          0          0          0          0
USR    18530871   27520128   10477053       4427    9842139          8
USR           0          0          0          0          0          0
SYS           0          0          0          0          0          0
SYS           0          0          0          0          0          0
SYS      477237    4518439     178642      28555     604838         28
SYS           0          0          0          0          0          0
29  [core 1] exiting
MODE     instrs     cycles l1d access l1d refill l1i access l1i refill
USR           0          0          0          0          0          0
USR    18532434   27522902   10477932       4219    9843263          8
USR           0          0          0          0          0          0
USR           0          0          0          0          0          0
SYS           0          0          0          0          0          0
SYS      374842    3412906     134592      19286     442503         29
SYS           0          0          0          0          0          0
SYS           0          0          0          0          0          0
22  [core 2] exiting
MODE     instrs     cycles l1d access l1d refill l1i access l1i refill
USR           0          0          0          0          0          0
USR           0          0          0          0          0          0
USR    18532227   27565137   10477873       6570    9843783         21
USR           0          0          0          0          0          0
SYS           0          0          0          0          0          0
SYS           0          0          0          0          0          0
SYS      250797    1875290      78231       6633     243825         40
SYS           0          0          0          0          0          0
56  [core 3] exiting
MODE     instrs     cycles l1d access l1d refill l1i access l1i refill
USR           0          0          0          0          0          0
USR           0          0          0          0          0          0
USR           0          0          0          0          0          0
USR    18537573   27528118   10480851       4014    9845590         14
SYS           0          0          0          0          0          0
SYS           0          0          0          0          0          0
SYS           0          0          0          0          0          0
SYS      671299    2304102     211563       1094     405672         33
37  [core 1] exiting
MODE     instrs     cycles l1d access l1d refill l1i access l1i refill
USR           0          0          0          0          0          0
USR    18530960   27515935   10477100       3861    9842411         10
USR           0          0          0          0          0          0
USR           0          0          0          0          0          0
SYS           0          0          0          0          0          0
SYS      268179    2306605      89129      10180     284597         33
SYS           0          0          0          0          0          0
SYS           0          0          0          0          0          0
38  [core 2] exiting
MODE     instrs     cycles l1d access l1d refill l1i access l1i refill
USR           0          0          0          0          0          0
USR           0          0          0          0          0          0
USR    18495055   27481359   10456838       4969    9823871         18
USR           0          0          0          0          0          0
SYS           0          0          0          0          0          0
SYS           0          0          0          0          0          0
SYS      381797    3516353     137915      20230     453948         29
SYS           0          0          0          0          0          0
12  [core 0] exiting
MODE     instrs     cycles l1d access l1d refill l1i access l1i refill
USR    18536360   27579651   10480184       7584    9845685         20
USR           0          0          0          0          0          0
USR           0          0          0          0          0          0
USR           0          0          0          0          0          0
SYS      177080    1199920      47060       1087     131623         34
SYS           0          0          0          0          0          0
SYS           0          0          0          0          0          0
SYS           0          0          0          0          0          0
26  [core 2] exiting
MODE     instrs     cycles l1d access l1d refill l1i access l1i refill
USR           0          0          0          0          0          0
USR           0          0          0          0          0          0
USR    18542398   27582174   10483638       6952    9849437         12
USR           0          0          0          0          0          0
SYS           0          0          0          0          0          0
SYS           0          0          0          0          0          0
SYS      370550    3412141     133518      19423     439582         35
SYS           0          0          0          0          0          0
41  [core 1] exiting
MODE     instrs     cycles l1d access l1d refill l1i access l1i refill
USR           0          0          0          0          0          0
USR    18531309   27531714   10477308       4921    9842768         13
USR           0          0          0          0          0          0
USR           0          0          0          0          0          0
SYS           0          0          0          0          0          0
SYS      269481    2306809      89446      10118     283456         36
SYS           0          0          0          0          0          0
SYS           0          0          0          0          0          0
42  [core 2] exiting
MODE     instrs     cycles l1d access l1d refill l1i access l1i refill
USR           0          0          0          0          0          0
USR           0          0          0          0          0          0
USR    18536872   27561367   10480546       7057    9846293         10
USR           0          0          0          0          0          0
SYS           0          0          0          0          0          0
SYS           0          0          0          0          0          0
SYS      694632    6836020     271926      47432     933766         36
SYS           0          0          0          0          0          0
53  [core 1] exiting
MODE     instrs     cycles l1d access l1d refill l1i access l1i refill
USR           0          0          0          0          0          0
USR    18411131   27342176   10409371       4204    9779270          8
USR           0          0          0          0          0          0
USR           0          0          0          0          0          0
SYS           0          0          0          0          0          0
SYS      493647    4729957     186014      30257     629525         33
SYS           0          0          0          0          0          0
SYS           0          0          0          0          0          0
23  [core 3] exiting
MODE     instrs     cycles l1d access l1d refill l1i access l1i refill
USR           0          0          0          0          0          0
USR           0          0          0          0          0          0
USR           0          0          0          0          0          0
USR    18527061   27517007   10474969       3959    9841171         20
SYS           0          0          0          0          0          0
SYS           0          0          0          0          0          0
SYS           0          0          0          0          0          0
SYS      655584    5622050     247369      37408     847638         39
21  [core 1] exiting
MODE     instrs     cycles l1d access l1d refill l1i access l1i refill
USR           0          0          0          0          0          0
USR    18535468   27542530   10479679       5290    9845924         11
USR           0          0          0          0          0          0
USR           0          0          0          0          0          0
SYS           0          0          0          0          0          0
SYS      486715    3900782     176147      24011     593585         29
SYS           0          0          0          0          0          0
SYS           0          0          0          0          0          0
16  [core 2] exiting
MODE     instrs     cycles l1d access l1d refill l1i access l1i refill
USR    18535058   27558927   10479440       6536    9844978         17
USR           0          0          0          0          0          0
USR         209        611        161          8        516          0
USR           0          0          0          0          0          0
SYS      176548    1201014      46758       1252     130801         31
SYS           0          0          0          0          0          0
SYS         650       1119        326         16        677          0
SYS           0          0          0          0          0          0
32  [core 3] exiting
MODE     instrs     cycles l1d access l1d refill l1i access l1i refill
USR           0          0          0          0          0          0
USR           0          0          0          0          0          0
USR           0          0          0          0          0          0
USR    18533407   27572939   10478518       6927    9844362         12
SYS           0          0          0          0          0          0
SYS           0          0          0          0          0          0
SYS           0          0          0          0          0          0
SYS      280492    2410676      94220      10935     301296         27
18  [core 0] exiting
MODE     instrs     cycles l1d access l1d refill l1i access l1i refill
USR    18531048   27559566   10477159       7137    9842337         17
USR           0          0          0          0          0          0
USR           0          0          0          0          0          0
USR           0          0          0          0          0          0
SYS      182311    1401260      52681       2956     151355         49
SYS           0          0          0          0          0          0
SYS           0          0          0          0          0          0
SYS           0          0          0          0          0          0
33  [core 1] exiting
MODE     instrs     cycles l1d access l1d refill l1i access l1i refill
USR           0          0          0          0          0          0
USR    18536371   27538207   10480191       4838    9846093         14
USR           0          0          0          0          0          0
USR           0          0          0          0          0          0
SYS           0          0          0          0          0          0
SYS      380208    3518518     137629      20182     456335         35
SYS           0          0          0          0          0          0
SYS           0          0          0          0          0          0
44  [core 3] exiting
MODE     instrs     cycles l1d access l1d refill l1i access l1i refill
USR           0          0          0          0          0          0
USR           0          0          0          0          0          0
USR           0          0          0          0          0          0
USR    18627208   27661931   10531543       4112    9893510         13
SYS           0          0          0          0          0          0
SYS           0          0          0          0          0          0
SYS           0          0          0          0          0          0
SYS     1484112   14896604     606292     113488    2134511         37
49  [core 1] exiting
MODE     instrs     cycles l1d access l1d refill l1i access l1i refill
USR           0          0          0          0          0          0
USR    18599739   27618474   10516008       3864    9879501          8
USR           0          0          0          0          0          0
USR           0          0          0          0          0          0
SYS           0          0          0          0          0          0
SYS      281600    2413383      94191      11154     300425         34
SYS           0          0          0          0          0          0
SYS           0          0          0          0          0          0
63  [core 2] exiting
MODE     instrs     cycles l1d access l1d refill l1i access l1i refill
USR           0          0          0          0          0          0
USR           0          0          0          0          0          0
USR    18532459   27528274   10477951       4545    9845617         14
USR           0          0          0          0          0          0
SYS           0          0          0          0          0          0
SYS           0          0          0          0          0          0
SYS      338074    1731841     104745       2619     255214         45
SYS           0          0          0          0          0          0
57  [core 1] exiting
MODE     instrs     cycles l1d access l1d refill l1i access l1i refill
USR           0          0          0          0          0          0
USR    18531551   27530961   10477512       4919    9843741         15
USR           0          0          0          0          0          0
USR           0          0          0          0          0          0
SYS           0          0          0          0          0          0
SYS      761801    5625661     281062      38672     974092         27
SYS           0          0          0          0          0          0
SYS           0          0          0          0          0          0
71  [core 2] exiting
MODE     instrs     cycles l1d access l1d refill l1i access l1i refill
USR           0          0          0          0          0          0
USR           0          0          0          0          0          0
USR    18530262   27524909   10476734       4711    9842593         10
USR           0          0          0          0          0          0
SYS           0          0          0          0          0          0
SYS           0          0          0          0          0          0
SYS      704807    6941808     276155      48497     951759         32
SYS           0          0          0          0          0          0
52  [core 3] exiting
MODE     instrs     cycles l1d access l1d refill l1i access l1i refill
USR           0          0          0          0          0          0
USR           0          0          0          0          0          0
USR           0          0          0          0          0          0
USR    18533215   27521169   10478432       3954    9843792         13
SYS           0          0          0          0          0          0
SYS           0          0          0          0          0          0
SYS           0          0          0          0          0          0
SYS      363743    2304380     118758      10844     392112         26
24  [core 0] exiting
MODE     instrs     cycles l1d access l1d refill l1i access l1i refill
USR    18532572   27535734   10478024       5006    9843249         11
USR           0          0          0          0          0          0
USR           0          0          0          0          0          0
USR           0          0          0          0          0          0
SYS      371579    3413851     133679      19498     439657         33
SYS           0          0          0          0          0          0
SYS           0          0          0          0          0          0
SYS           0          0          0          0          0          0
79  [core 2] exiting
MODE     instrs     cycles l1d access l1d refill l1i access l1i refill
USR           0          0          0          0          0          0
USR           0          0          0          0          0          0
USR    18532811   27527748   10478152       4624    9843640          9
USR           0          0          0          0          0          0
SYS           0          0          0          0          0          0
SYS           0          0          0          0          0          0
SYS      795333    6836626     303414      48252    1050809         28
SYS           0          0          0          0          0          0
69  [core 1] exiting
MODE     instrs     cycles l1d access l1d refill l1i access l1i refill
USR           0          0          0          0          0          0
USR    18530209   27524401   10476678       4419    9842402         10
USR           0          0          0          0          0          0
USR           0          0          0          0          0          0
SYS           0          0          0          0          0          0
SYS      487540    4626024     182774      29358     619511         29
SYS           0          0          0          0          0          0
SYS           0          0          0          0          0          0
28  [core 3] exiting
MODE     instrs     cycles l1d access l1d refill l1i access l1i refill
USR           0          0          0          0          0          0
USR           0          0          0          0          0          0
USR           0          0          0          0          0          0
USR    18535732   27562171   10479891       6159    9845790         13
SYS           0          0          0          0          0          0
SYS           0          0          0          0          0          0
SYS           0          0          0          0          0          0
SYS      276566    2409408      93216      11019     295929         36
78  [core 1] exiting
MODE     instrs     cycles l1d access l1d refill l1i access l1i refill
USR           0          0          0          0          0          0
USR    18532074   27548699   10477744       6120    9843436         11
USR           0          0          0          0          0          0
USR           0          0          0          0          0          0
SYS           0          0          0          0          0          0
SYS      267871    2306436      89131      10413     281742         32
SYS           0          0          0          0          0          0
SYS           0          0          0          0          0          0
31  [core 0] exiting
MODE     instrs     cycles l1d access l1d refill l1i access l1i refill
USR    18526875   27529847   10474796       5335    9840061         10
USR           0          0          0          0          0          0
USR           0          0          0          0          0          0
USR           0          0          0          0          0          0
SYS      690838    6731189     269178      46286     932596         31
SYS           0          0          0          0          0          0
SYS           0          0          0          0          0          0
SYS           0          0          0          0          0          0
72  [core 3] exiting
MODE     instrs     cycles l1d access l1d refill l1i access l1i refill
USR           0          0          0          0          0          0
USR           0          0          0          0          0          0
USR           0          0          0          0          0          0
USR    18531422   27525812   10477359       4850    9842394         10
SYS           0          0          0          0          0          0
SYS           0          0          0          0          0          0
SYS           0          0          0          0          0          0
SYS      268877    2304337      89323      10171     283649         30
87  [core 2] exiting
MODE     instrs     cycles l1d access l1d refill l1i access l1i refill
USR           0          0          0          0          0          0
USR           0          0          0          0          0          0
USR    18530443   27518217   10476815       4322    9842341          6
USR           0          0          0          0          0          0
SYS           0          0          0          0          0          0
SYS           0          0          0          0          0          0
SYS      552797    3412267     191836      20406     652921         29
SYS           0          0          0          0          0          0
39  [core 0] exiting
MODE     instrs     cycles l1d access l1d refill l1i access l1i refill
USR    18535843   27540606   10479866       5143    9844753          6
USR           0          0          0          0          0          0
USR           0          0          0          0          0          0
USR           0          0          0          0          0          0
SYS      487465    4623426     182892      28982     618905         27
SYS           0          0          0          0          0          0
SYS           0          0          0          0          0          0
SYS           0          0          0          0          0          0
86  [core 1] exiting
MODE     instrs     cycles l1d access l1d refill l1i access l1i refill
USR           0          0          0          0          0          0
USR    18527650   27515461   10475252       4133    9840810         11
USR           0          0          0          0          0          0
USR           0          0          0          0          0          0
SYS           0          0          0          0          0          0
SYS      364427    2305881     118875      10859     392779         36
SYS           0          0          0          0          0          0
SYS           0          0          0          0          0          0
67  [core 2] exiting
MODE     instrs     cycles l1d access l1d refill l1i access l1i refill
USR           0          0          0          0          0          0
USR           0          0          0          0          0          0
USR    18528149   27526277   10475587       5103    9841806         13
USR           0          0          0          0          0          0
SYS           0          0          0          0          0          0
SYS           0          0          0          0          0          0
SYS      479258    4518086     179040      28348     606932         31
SYS           0          0          0          0          0          0
84  [core 3] exiting
MODE     instrs     cycles l1d access l1d refill l1i access l1i refill
USR           0          0          0          0          0          0
USR           0          0          0          0          0          0
USR           0          0          0          0          0          0
USR    18533013   27513543   10478271       3647    9843235         13
SYS           0          0          0          0          0          0
SYS           0          0          0          0          0          0
SYS           0          0          0          0          0          0
SYS      590955    5728276     227367      38296     777274         30
27  [core 1] exiting
MODE     instrs     cycles l1d access l1d refill l1i access l1i refill
USR    18344547   27263443   10371681       5564    9743313         12
USR      182519     273690     103254        228      97401          0
USR           0          0          0          0          0          0
USR           0          0          0          0          0          0
SYS      705280    6938892     275911      48053     956074         22
SYS         743       1983        388         19       1006          6
SYS           0          0          0          0          0          0
SYS           0          0          0          0          0          0
64  [core 3] exiting
MODE     instrs     cycles l1d access l1d refill l1i access l1i refill
USR           0          0          0          0          0          0
USR           0          0          0          0          0          0
USR           0          0          0          0          0          0
USR    18535466   27544756   10479689       5661    9845093         13
SYS           0          0          0          0          0          0
SYS           0          0          0          0          0          0
SYS           0          0          0          0          0          0
SYS      126211     735167      39502       1270     101909         35
47  [core 0] exiting
MODE     instrs     cycles l1d access l1d refill l1i access l1i refill
USR    18534700   27540586   10479218       5169    9844184          9
USR           0          0          0          0          0          0
USR           0          0          0          0          0          0
USR           0          0          0          0          0          0
SYS     1054346    4518510     358568      20230     932240         30
SYS           0          0          0          0          0          0
SYS           0          0          0          0          0          0
SYS           0          0          0          0          0          0
82  [core 1] exiting
MODE     instrs     cycles l1d access l1d refill l1i access l1i refill
USR           0          0          0          0          0          0
USR    18533253   27530229   10478447       4235    9844303         17
USR           0          0          0          0          0          0
USR           0          0          0          0          0          0
SYS           0          0          0          0          0          0
SYS     1244743    7943823     462340      59584    1627203         34
SYS           0          0          0          0          0          0
SYS           0          0          0          0          0          0
83  [core 2] exiting
MODE     instrs     cycles l1d access l1d refill l1i access l1i refill
USR           0          0          0          0          0          0
USR           0          0          0          0          0          0
USR    18533669   27522522   10478676       4122    9844692          9
USR           0          0          0          0          0          0
SYS           0          0          0          0          0          0
SYS           0          0          0          0          0          0
SYS      362058    2305595     118674      10817     389271         31
SYS           0          0          0          0          0          0
88  [core 3] exiting
MODE     instrs     cycles l1d access l1d refill l1i access l1i refill
USR           0          0          0          0          0          0
USR           0          0          0          0          0          0
USR           0          0          0          0          0          0
USR    18530813   27513445   10477060       3828    9842346         14
SYS           0          0          0          0          0          0
SYS           0          0          0          0          0          0
SYS           0          0          0          0          0          0
SYS      269205    2304421      89565      10174     284466         29
43  [core 2] exiting
MODE     instrs     cycles l1d access l1d refill l1i access l1i refill
USR    18348639   27262754   10373996       5103    9745378         13
USR           0          0          0          0          0          0
USR      180920     269375     102349         78      96532          0
USR           0          0          0          0          0          0
SYS      275936    2303567      90047      10258     286394         26
SYS           0          0          0          0          0          0
SYS         732       1824        385          9        982          8
SYS           0          0          0          0          0          0
68  [core 3] exiting
MODE     instrs     cycles l1d access l1d refill l1i access l1i refill
USR           0          0          0          0          0          0
USR           0          0          0          0          0          0
USR           0          0          0          0          0          0
USR    18670367   27750439   10555978       5452    9916804         11
SYS           0          0          0          0          0          0
SYS           0          0          0          0          0          0
SYS           0          0          0          0          0          0
SYS      271311    2305134      90455      10365     285419         33
73  [core 1] exiting
MODE     instrs     cycles l1d access l1d refill l1i access l1i refill
USR           0          0          0          0          0          0
USR    18515376   27511882   10468390       4781    9835135         17
USR           0          0          0          0          0          0
USR           0          0          0          0          0          0
SYS           0          0          0          0          0          0
SYS      280109    2411682      93883      10920     301939         28
SYS           0          0          0          0          0          0
SYS           0          0          0          0          0          0
54  [core 0] exiting
MODE     instrs     cycles l1d access l1d refill l1i access l1i refill
USR    18532605   27540129   10478029       5287    9842947         11
USR           0          0          0          0          0          0
USR           0          0          0          0          0          0
USR           0          0          0          0          0          0
SYS      719238    2410705     227503       1108     432222         26
SYS           0          0          0          0          0          0
SYS           0          0          0          0          0          0
SYS           0          0          0          0          0          0
76  [core 3] exiting
MODE     instrs     cycles l1d access l1d refill l1i access l1i refill
USR           0          0          0          0          0          0
USR           0          0          0          0          0          0
USR           0          0          0          0          0          0
USR    18533143   27577099   10478443       8534    9844548         16
SYS           0          0          0          0          0          0
SYS           0          0          0          0          0          0
SYS           0          0          0          0          0          0
SYS      268510    2306497      89366      10287     280657         33
51  [core 0] exiting
MODE     instrs     cycles l1d access l1d refill l1i access l1i refill
USR    18532173   27536502   10477833       5189    9843514          8
USR           0          0          0          0          0          0
USR           0          0          0          0          0          0
USR           0          0          0          0          0          0
SYS      671391    2305940     211724       1111     405467         31
SYS           0          0          0          0          0          0
SYS           0          0          0          0          0          0
SYS           0          0          0          0          0          0
66  [core 1] exiting
MODE     instrs     cycles l1d access l1d refill l1i access l1i refill
USR    11694645   17376519    6611796       3160    6211347          9
USR     6832518   10187098    3863258       4584    3630383          4
USR           0          0          0          0          0          0
USR           0          0          0          0          0          0
SYS      258624    2373218      83048      10430     277623         22
SYS       22675      39532      11382        545      24182          4
SYS           0          0          0          0          0          0
SYS           0          0          0          0          0          0
62  [core 0] exiting
MODE     instrs     cycles l1d access l1d refill l1i access l1i refill
USR    18509116   27505772   10464745       5272    9830870         13
USR           0          0          0          0          0          0
USR           0          0          0          0          0          0
USR           0          0          0          0          0          0
SYS      470894    4518533     176804      28639     597695         41
SYS           0          0          0          0          0          0
SYS           0          0          0          0          0          0
SYS           0          0          0          0          0          0
58  [core 3] exiting
MODE     instrs     cycles l1d access l1d refill l1i access l1i refill
USR    18339683   27261956   10368950       5944    9740627          9
USR           0          0          0          0          0          0
USR           0          0          0          0          0          0
USR      192263     286197     108758         87     102557          0
SYS      175818    1196741      46362       1043     129608         21
SYS           0          0          0          0          0          0
SYS           0          0          0          0          0          0
SYS         764       1895        400         21       1004          6
74  [core 0] exiting
MODE     instrs     cycles l1d access l1d refill l1i access l1i refill
USR    18535431   27544892   10479636       5299    9844557         12
USR           0          0          0          0          0          0
USR           0          0          0          0          0          0
USR           0          0          0          0          0          0
SYS      363311    2305163     118977      10543     390944         32
SYS           0          0          0          0          0          0
SYS           0          0          0          0          0          0
SYS           0          0          0          0          0          0
81  [core 2] exiting
MODE     instrs     cycles l1d access l1d refill l1i access l1i refill
USR    15526319   23066777    8778219       4105    8246198         12
USR           0          0          0          0          0          0
USR     3003748    4471997    1698369       1440    1595967          0
USR           0          0          0          0          0          0
SYS     1042543    4501841     353290      20277     918074         20
SYS           0          0          0          0          0          0
SYS        9803      17410       4933        182      11079         14
SYS           0          0          0          0          0          0
89  [core 0] exiting
MODE     instrs     cycles l1d access l1d refill l1i access l1i refill
USR    18530959   27554687   10477142       6846    9842297         10
USR           0          0          0          0          0          0
USR           0          0          0          0          0          0
USR           0          0          0          0          0          0
SYS      176497    1199990      46725       1257     130574         28
SYS           0          0          0          0          0          0
SYS           0          0          0          0          0          0
SYS           0          0          0          0          0          0
77  [core 0] exiting
MODE     instrs     cycles l1d access l1d refill l1i access l1i refill
USR    18531808   27545947   10477617       6065    9843036         12
USR           0          0          0          0          0          0
USR           0          0          0          0          0          0
USR           0          0          0          0          0          0
SYS      362535    2303978     118795      10694     389242         26
SYS           0          0          0          0          0          0
SYS           0          0          0          0          0          0
SYS           0          0          0          0          0          0
61  [core 0] exiting
MODE     instrs     cycles l1d access l1d refill l1i access l1i refill
USR    18530377   27548674   10476879       6430    9842883         23
USR           0          0          0          0          0          0
USR           0          0          0          0          0          0
USR           0          0          0          0          0          0
SYS      367140    3349383     131583      18780     434065         47
SYS           0          0          0          0          0          0
SYS           0          0          0          0          0          0
SYS           0          0          0          0          0          0
85  [core 0] exiting
MODE     instrs     cycles l1d access l1d refill l1i access l1i refill
USR  1852817113 2753415741 1047580959     557497  983893347          9
USR           0          0          0          0          0          0
USR           0          0          0          0          0          0
USR           0          0          0          0          0          0
SYS     5720157   10482610    2796715     100984    6106571         36
SYS           0          0          0          0          0          0
SYS           0          0          0          0          0          0
SYS           0          0          0          0          0          0
70  [core 0] exiting
MODE     instrs     cycles l1d access l1d refill l1i access l1i refill
USR  1853150315 2754237804 1047769504     574744  984070382         16
USR           0          0          0          0          0          0
USR           0          0          0          0          0          0
USR           0          0          0          0          0          0
SYS     6574001   19602604    3162244     173562    7415594         33
SYS           0          0          0          0          0          0
SYS           0          0          0          0          0          0
SYS           0          0          0          0          0          0
35  [core 0] exiting
MODE     instrs     cycles l1d access l1d refill l1i access l1i refill
USR  1080404270 1605888032  610859339     359080  573764180         12
USR   772955442 1148728186  437028645     235998  410455219          4
USR           0          0          0          0          0          0
USR           0          0          0          0          0          0
SYS     3736699   10147821    1788237      83435    4109994         30
SYS     2333219    4028708    1159050      54750    2507103          0
SYS           0          0          0          0          0          0
SYS           0          0          0          0          0          0
10  [core 0] exiting
MODE     instrs     cycles l1d access l1d refill l1i access l1i refill
USR  1078155615 1602656402  609600014     366067  572567753         41
USR           0          0          0          0          0          0
USR   774813027 1151349570  438078859     219479  411464085          1
USR           0          0          0          0          0          0
SYS     3381672    6627211    1635010      55096    3569281         50
SYS           0          0          0          0          0          0
SYS     2340301    3931894    1162699      45788    2518858          6
SYS           0          0          0          0          0          0
60  [core 3] exiting
MODE     instrs     cycles l1d access l1d refill l1i access l1i refill
USR           0          0          0          0          0          0
USR           0          0          0          0          0          0
USR           0          0          0          0          0          0
USR  1853303076 2755694389 1047855898     663473  984208479         14
SYS           0          0          0          0          0          0
SYS           0          0          0          0          0          0
SYS           0          0          0          0          0          0
SYS     6320233   11226365    3064239      61943    6613648         41
40  [core 3] exiting
MODE     instrs     cycles l1d access l1d refill l1i access l1i refill
USR           0          0          0          0          0          0
USR           0          0          0          0          0          0
USR           0          0          0          0          0          0
USR  1852987466 2755267890 1047677812     665156  984022250         21
SYS           0          0          0          0          0          0
SYS           0          0          0          0          0          0
SYS           0          0          0          0          0          0
SYS     5817838   11788212    2841963     126162    6238781         27
80  [core 3] exiting
MODE     instrs     cycles l1d access l1d refill l1i access l1i refill
USR           0          0          0          0          0          0
USR           0          0          0          0          0          0
USR           0          0          0          0          0          0
USR  1853350854 2755112268 1047884312     608075  984159113         19
SYS           0          0          0          0          0          0
SYS           0          0          0          0          0          0
SYS           0          0          0          0          0          0
SYS     6040106   14088969    2936247     145953    6611275         35
25  [core 0] exiting
MODE     instrs     cycles l1d access l1d refill l1i access l1i refill
USR   171433046  254621661   96928179      40149   91043545          0
USR  1681665115 2500504349  950811742     600436  893041491         18
USR           0          0          0          0          0          0
USR           0          0          0          0          0          0
SYS      517525     853866     257078       8494     559096          7
SYS     6057594   18236422    2947314     113091    6898342         37
SYS           0          0          0          0          0          0
SYS           0          0          0          0          0          0
20  [core 1] exiting
MODE     instrs     cycles l1d access l1d refill l1i access l1i refill
USR    18343640   27261757   10371167       5471    9742735         15
USR  1834966565 2728060143 1037489080     613066  974414788          0
USR           0          0          0          0          0          0
USR           0          0          0          0          0          0
SYS      707199    6939128     273870      47176     944913         25
SYS     5547341    9409929    2759044     108026    5988164          6
SYS           0          0          0          0          0          0
SYS           0          0          0          0          0          0
65  [core 1] exiting
MODE     instrs     cycles l1d access l1d refill l1i access l1i refill
USR           0          0          0          0          0          0
USR  1853234482 2756026749 1047816707     683786  984097383         14
USR           0          0          0          0          0          0
USR           0          0          0          0          0          0
SYS           0          0          0          0          0          0
SYS     6496243   18799050    3129597     187580    7280972         43
SYS           0          0          0          0          0          0
SYS           0          0          0          0          0          0
50  [core 2] exiting
MODE     instrs     cycles l1d access l1d refill l1i access l1i refill
USR           0          0          0          0          0          0
USR           0          0          0          0          0          0
USR  1852765571 2754343011 1047551951     602900  983886708         15
USR           0          0          0          0          0          0
SYS           0          0          0          0          0          0
SYS           0          0          0          0          0          0
SYS     6028687   14064226    2932657     134816    6578309         33
SYS           0          0          0          0          0          0
75  [core 0] exiting
MODE     instrs     cycles l1d access l1d refill l1i access l1i refill
USR    12184803   18115552    6889344       3807    6471309          1
USR           0          0          0          0          0          0
USR  1841009705 2737169136 1040905176     624803  977698219         16
USR           0          0          0          0          0          0
SYS       37202      62509      18496        665      40472          6
SYS           0          0          0          0          0          0
SYS     5938380   11120038    2935097      50135    6350639         20
SYS           0          0          0          0          0          0
30  [core 2] exiting
MODE     instrs     cycles l1d access l1d refill l1i access l1i refill
USR           0          0          0          0          0          0
USR           0          0          0          0          0          0
USR  2193412239 3261077321 1240159273     738962 1164784430         13
USR           0          0          0          0          0          0
SYS           0          0          0          0          0          0
SYS           0          0          0          0          0          0
SYS     6861880   13343330    3367676     120531    7379316         36
SYS           0          0          0          0          0          0
55  [core 0] exiting
MODE     instrs     cycles l1d access l1d refill l1i access l1i refill
USR   702162092 1043819938  397003030     222043  372888682          4
USR           0          0          0          0          0          0
USR  1662278299 2471347909  939852164     576509  882690680         12
USR           0          0          0          0          0          0
SYS     2118994    3480992    1052544      31822    2297433         11
SYS           0          0          0          0          0          0
SYS     5323707   11649856    2591267     120908    5750291         30
SYS           0          0          0          0          0          0
15  [core 3] exiting
MODE     instrs     cycles l1d access l1d refill l1i access l1i refill
USR           0          0          0          0          0          0
USR           0          0          0          0          0          0
USR           0          0          0          0          0          0
USR  3027763666 4499332102 1711895724     889292 1607852240         92
SYS           0          0          0          0          0          0
SYS           0          0          0          0          0          0
SYS           0          0          0          0          0          0
SYS     9708125   18430092    4766811     138196   10496886         72
perf_root - death (1186181485)
45  [core 1] exiting
MODE     instrs     cycles l1d access l1d refill l1i access l1i refill
USR           0          0          0          0          0          0
USR  2521270299 3748273039 1425524247     874091 1338915675         15
USR           0          0          0          0          0          0
USR           0          0          0          0          0          0
SYS           0          0          0          0          0          0
SYS     7830856   15171239    3857969     147352    8446568         31
SYS           0          0          0          0          0          0
SYS           0          0          0          0          0          0

