






















































































































































































































































































































































































































































































































































































































































































































































































































































































































































































































































































































































































































































































































































































































































































































































































































































































































































































































































































































































































































































































































































































































































































































































































































































































































































































































































































































































































































































































































































































































































































































































































































































































































































































































































































































































































































































































































































































































































































































































































































































































































































































































































































































































































































































































































































































































































































































































































































































































































































































































































































































































































































































































































































































































































































































































































































































































































































































































































































































































































































































































































































































































































































































































































































































































































































































































































































































































































































































































































































































































































































































































































































































































































































































































































































































































































































































































































































































































































































































































































































































































































































































































































































































































































































































































































































































































































































































































































































































































































































































































































































































































































































































































































































































































































































































































































































































































































[core0] Executing from 0x84AD0
[core3] Executing from 0x84B7C!
[core2] Executing from 0x84B7C!
[interrupt] releasing core 0
[interrupt] releasing core 3
[interrupt] releasing core 2
[core1] Executing from 0x84B7C!
[interrupt] releasing core 1
perf_root - begin (384504714)
death
runtime_task - 3, 100
runtime_task - 4, 100
runtime_task - 5, 10000
runtime_task - 7, 100
runtime_task - 0, 10000
13  [core 1] exiting
MODE     instrs     cycles l1d access l1d refill l1i access l1i refill
USR           0          0          0          0          0          0
USR     1185313    1769480     669465         52     658660         86
USR           0          0          0          0          0          0
USR           0          0          0          0          0          0
SYS           0          0          0          0          0          0
SYS      116702    1184441      18700         42      70528         53
SYS           0          0          0          0          0          0
SYS           0          0          0          0          0          0
runtime_task - 1, 100
14  [core 2] exiting
MODE     instrs     cycles l1d access l1d refill l1i access l1i refill
USR           0          0          0          0          0          0
USR           0          0          0          0          0          0
USR     1185309    1769902     669461         78     658772         86
USR           0          0          0          0          0          0
SYS           0          0          0          0          0          0
SYS           0          0          0          0          0          0
SYS      239852    2393751      67773       9695     247985         48
SYS           0          0          0          0          0          0
runtime_task - 2, 100
17  [core 1] exiting
MODE     instrs     cycles l1d access l1d refill l1i access l1i refill
USR           0          0          0          0          0          0
USR     1185265    1763935     669438         68     658519         20
USR           0          0          0          0          0          0
USR           0          0          0          0          0          0
SYS           0          0          0          0          0          0
SYS      355703    2521460     106970      11284     386950         34
SYS           0          0          0          0          0          0
SYS           0          0          0          0          0          0
runtime_task - 6, 100
waiting - 10
11  [core 1] exiting
MODE     instrs     cycles l1d access l1d refill l1i access l1i refill
USR        2094       4981        766         24       2338         20
USR     1183214    1759896     668696        121     656198          1
USR           0          0          0          0          0          0
USR           0          0          0          0          0          0
SYS     6178839   36501747    2345994     309796    8479469         16
SYS        3764       6369       1912          6       4490          6
SYS           0          0          0          0          0          0
SYS           0          0          0          0          0          0
runtime_task - 4, 100
runtime_task - 2, 10000
runtime_task - 0, 100
runtime_task - 3, 100
runtime_task - 1, 100
runtime_task - 0, 100
runtime_task - 7, 10000
runtime_task - 5, 100
runtime_task - 5, 100
runtime_task - 3, 100
runtime_task - 6, 100
runtime_task - 1, 10000
runtime_task - 7, 100
runtime_task - 5, 100
runtime_task - 3, 100
runtime_task - 2, 100
runtime_task - 7, 100
runtime_task - 1, 100
runtime_task - 3, 10000
runtime_task - 1, 100
runtime_task - 7, 100
runtime_task - 5, 100
runtime_task - 4, 10000
runtime_task - 3, 100
runtime_task - 0, 100
runtime_task - 6, 100
runtime_task - 1, 100
runtime_task - 4, 100
runtime_task - 2, 100
runtime_task - 5, 10000
runtime_task - 0, 100
runtime_task - 6, 10000
runtime_task - 4, 100
runtime_task - 2, 100
runtime_task - 1, 100
runtime_task - 6, 100
runtime_task - 0, 10000
runtime_task - 5, 100
runtime_task - 2, 100
runtime_task - 4, 100
runtime_task - 1, 100
runtime_task - 6, 100
runtime_task - 0, 100
runtime_task - 7, 100
runtime_task - 2, 10000
runtime_task - 4, 100
runtime_task - 3, 100
runtime_task - 6, 100
runtime_task - 0, 100
runtime_task - 7, 10000
runtime_task - 2, 100
runtime_task - 3, 100
16  [core 3] exiting
MODE     instrs     cycles l1d access l1d refill l1i access l1i refill
USR      203453     303016     114551         40     113863          7
USR           0          0          0          0          0          0
USR           0          0          0          0          0          0
USR      981851    1461822     554915        187     544460          6
SYS    16011420   36504815    5313079         24    8899138         13
SYS           0          0          0          0          0          0
SYS           0          0          0          0          0          0
SYS        3285       5608       1665         20       3848          7
18  [core 0] exiting
MODE     instrs     cycles l1d access l1d refill l1i access l1i refill
USR     1185144    1767466     669372        384     658271         17
USR           0          0          0          0          0          0
USR           0          0          0          0          0          0
USR           0          0          0          0          0          0
SYS     3646683   38434899    1521582     302827    5503650         29
SYS           0          0          0          0          0          0
SYS           0          0          0          0          0          0
SYS           0          0          0          0          0          0
24  [core 1] exiting
MODE     instrs     cycles l1d access l1d refill l1i access l1i refill
USR           0          0          0          0          0          0
USR     1185301    1764027     669458        184     658151         12
USR           0          0          0          0          0          0
USR           0          0          0          0          0          0
SYS           0          0          0          0          0          0
SYS     1045317   11010461     414072      80105    1490982         20
SYS           0          0          0          0          0          0
SYS           0          0          0          0          0          0
23  [core 0] exiting
MODE     instrs     cycles l1d access l1d refill l1i access l1i refill
USR     1185307    1763786     669455        199     658351          9
USR           0          0          0          0          0          0
USR           0          0          0          0          0          0
USR           0          0          0          0          0          0
SYS      355699    3741770     120091      20916     432431         30
SYS           0          0          0          0          0          0
SYS           0          0          0          0          0          0
SYS           0          0          0          0          0          0
32  [core 1] exiting
MODE     instrs     cycles l1d access l1d refill l1i access l1i refill
USR           0          0          0          0          0          0
USR     1185306    1766251     669463        307     658326         11
USR           0          0          0          0          0          0
USR           0          0          0          0          0          0
SYS           0          0          0          0          0          0
SYS     1162088   12328186     464934      91414    1676979         23
SYS           0          0          0          0          0          0
SYS           0          0          0          0          0          0
12  [core 2] exiting
MODE     instrs     cycles l1d access l1d refill l1i access l1i refill
USR      203053     302485     114330         40     113712         11
USR           0          0          0          0          0          0
USR      982256    1463411     555137        275     544710          1
USR           0          0          0          0          0          0
SYS     6352501   36504914    2397933     303737    8478229         14
SYS           0          0          0          0          0          0
SYS        3204       5447       1630         19       3816          3
SYS           0          0          0          0          0          0
44  [core 1] exiting
MODE     instrs     cycles l1d access l1d refill l1i access l1i refill
USR           0          0          0          0          0          0
USR     1185308    1763079     669462        150     658238          8
USR           0          0          0          0          0          0
USR           0          0          0          0          0          0
SYS           0          0          0          0          0          0
SYS      232817    2423774      67361       9918     245056         16
SYS           0          0          0          0          0          0
SYS           0          0          0          0          0          0
26  [core 3] exiting
MODE     instrs     cycles l1d access l1d refill l1i access l1i refill
USR           0          0          0          0          0          0
USR           0          0          0          0          0          0
USR           0          0          0          0          0          0
USR     1185310    1765254     669465        191     658447         19
SYS           0          0          0          0          0          0
SYS           0          0          0          0          0          0
SYS           0          0          0          0          0          0
SYS      586602    6164410     218319      40485     790955         27
52  [core 1] exiting
MODE     instrs     cycles l1d access l1d refill l1i access l1i refill
USR           0          0          0          0          0          0
USR     1185304    1764467     669463        228     658300          4
USR           0          0          0          0          0          0
USR           0          0          0          0          0          0
SYS           0          0          0          0          0          0
SYS      355550    3741823     120110      20830     431506         24
SYS           0          0          0          0          0          0
SYS           0          0          0          0          0          0
29  [core 2] exiting
MODE     instrs     cycles l1d access l1d refill l1i access l1i refill
USR           0          0          0          0          0          0
USR           0          0          0          0          0          0
USR     1174704    1747936     663458        185     652393         10
USR           0          0          0          0          0          0
SYS           0          0          0          0          0          0
SYS           0          0          0          0          0          0
SYS      349393    3635485     116867      19778     426334         15
SYS           0          0          0          0          0          0
64  [core 1] exiting
MODE     instrs     cycles l1d access l1d refill l1i access l1i refill
USR           0          0          0          0          0          0
USR     1185303    1763307     669461        133     658242         12
USR           0          0          0          0          0          0
USR           0          0          0          0          0          0
SYS           0          0          0          0          0          0
SYS      544707    3635646     180061      21314     655683         13
SYS           0          0          0          0          0          0
SYS           0          0          0          0          0          0
37  [core 2] exiting
MODE     instrs     cycles l1d access l1d refill l1i access l1i refill
USR           0          0          0          0          0          0
USR           0          0          0          0          0          0
USR     1185302    1763875     669459        209     658333          8
USR           0          0          0          0          0          0
SYS           0          0          0          0          0          0
SYS           0          0          0          0          0          0
SYS      235244    2424143      67969       9817     248689         24
SYS           0          0          0          0          0          0
34  [core 0] exiting
MODE     instrs     cycles l1d access l1d refill l1i access l1i refill
USR     1185303    1763037     669457        139     658275          7
USR           0          0          0          0          0          0
USR           0          0          0          0          0          0
USR           0          0          0          0          0          0
SYS      233741    2424170      67576       9969     245450         15
SYS           0          0          0          0          0          0
SYS           0          0          0          0          0          0
SYS           0          0          0          0          0          0
49  [core 2] exiting
MODE     instrs     cycles l1d access l1d refill l1i access l1i refill
USR           0          0          0          0          0          0
USR           0          0          0          0          0          0
USR     1185303    1764221     669461        216     658217          9
USR           0          0          0          0          0          0
SYS           0          0          0          0          0          0
SYS           0          0          0          0          0          0
SYS      235838    2423595      68188       9776     251139         11
SYS           0          0          0          0          0          0
39  [core 3] exiting
MODE     instrs     cycles l1d access l1d refill l1i access l1i refill
USR           0          0          0          0          0          0
USR           0          0          0          0          0          0
USR           0          0          0          0          0          0
USR     1185307    1763011     669468        130     658290          7
SYS           0          0          0          0          0          0
SYS           0          0          0          0          0          0
SYS           0          0          0          0          0          0
SYS      231748    2423644      67105      10036     242183         13
42  [core 0] exiting
MODE     instrs     cycles l1d access l1d refill l1i access l1i refill
USR     1184820    1762290     669186        134     658104          8
USR           0          0          0          0          0          0
USR           0          0          0          0          0          0
USR           0          0          0          0          0          0
SYS      356210    3741260     120053      20802     433414         19
SYS           0          0          0          0          0          0
SYS           0          0          0          0          0          0
SYS           0          0          0          0          0          0
28  [core 1] exiting
MODE     instrs     cycles l1d access l1d refill l1i access l1i refill
USR           0          0          0          0          0          0
USR     1185482    1764001     669595        126     658802         11
USR           0          0          0          0          0          0
USR           0          0          0          0          0          0
SYS           0          0          0          0          0          0
SYS      590702    6164588     219750      40354     792526         15
SYS           0          0          0          0          0          0
SYS           0          0          0          0          0          0
54  [core 0] exiting
MODE     instrs     cycles l1d access l1d refill l1i access l1i refill
USR     1185301    1763285     669450        167     658225          8
USR           0          0          0          0          0          0
USR           0          0          0          0          0          0
USR           0          0          0          0          0          0
SYS      344314    3635423     115539      20010     419872         12
SYS           0          0          0          0          0          0
SYS           0          0          0          0          0          0
SYS           0          0          0          0          0          0
48  [core 1] exiting
MODE     instrs     cycles l1d access l1d refill l1i access l1i refill
USR           0          0          0          0          0          0
USR     1185435    1763155     669561         89     658713         13
USR           0          0          0          0          0          0
USR           0          0          0          0          0          0
SYS           0          0          0          0          0          0
SYS      232996    2423629      67480       9959     245620         12
SYS           0          0          0          0          0          0
SYS           0          0          0          0          0          0
58  [core 2] exiting
MODE     instrs     cycles l1d access l1d refill l1i access l1i refill
USR           0          0          0          0          0          0
USR           0          0          0          0          0          0
USR     1185305    1763482     669458        134     658232          9
USR           0          0          0          0          0          0
SYS           0          0          0          0          0          0
SYS           0          0          0          0          0          0
SYS     2306220   23339037     942267     182293    3392441         20
SYS           0          0          0          0          0          0
68  [core 1] exiting
MODE     instrs     cycles l1d access l1d refill l1i access l1i refill
USR           0          0          0          0          0          0
USR     1185482    1763921     669596        157     658849          7
USR           0          0          0          0          0          0
USR           0          0          0          0          0          0
SYS           0          0          0          0          0          0
SYS      932286    3741034     298027      10611     695201         17
SYS           0          0          0          0          0          0
SYS           0          0          0          0          0          0
66  [core 2] exiting
MODE     instrs     cycles l1d access l1d refill l1i access l1i refill
USR           0          0          0          0          0          0
USR           0          0          0          0          0          0
USR     1185305    1766863     669457        368     658370          8
USR           0          0          0          0          0          0
SYS           0          0          0          0          0          0
SYS           0          0          0          0          0          0
SYS      548356    3636533     180912      20995     655588         19
SYS           0          0          0          0          0          0
47  [core 3] exiting
MODE     instrs     cycles l1d access l1d refill l1i access l1i refill
USR           0          0          0          0          0          0
USR           0          0          0          0          0          0
USR           0          0          0          0          0          0
USR     1185307    1762542     669459        115     658236          8
SYS           0          0          0          0          0          0
SYS           0          0          0          0          0          0
SYS           0          0          0          0          0          0
SYS      230898    2424728      66816      10104     244012         19
21  [core 2] exiting
MODE     instrs     cycles l1d access l1d refill l1i access l1i refill
USR           0          0          0          0          0          0
USR           0          0          0          0          0          0
USR     1185486    1765496     669600        175     659190         17
USR           0          0          0          0          0          0
SYS           0          0          0          0          0          0
SYS           0          0          0          0          0          0
SYS     3862005   40753017    1616388     331319    5754941         28
SYS           0          0          0          0          0          0
59  [core 3] exiting
MODE     instrs     cycles l1d access l1d refill l1i access l1i refill
USR           0          0          0          0          0          0
USR           0          0          0          0          0          0
USR           0          0          0          0          0          0
USR     1185056    1761871     669321        114     658084          7
SYS           0          0          0          0          0          0
SYS           0          0          0          0          0          0
SYS           0          0          0          0          0          0
SYS      590864    6164432     219681      40292     797313         12
36  [core 1] exiting
MODE     instrs     cycles l1d access l1d refill l1i access l1i refill
USR           0          0          0          0          0          0
USR     1185544    1763473     669666        111     659186         11
USR           0          0          0          0          0          0
USR           0          0          0          0          0          0
SYS           0          0          0          0          0          0
SYS      345593    3635296     115863      20047     421403         13
SYS           0          0          0          0          0          0
SYS           0          0          0          0          0          0
33  [core 2] exiting
MODE     instrs     cycles l1d access l1d refill l1i access l1i refill
USR           0          0          0          0          0          0
USR           0          0          0          0          0          0
USR     1185486    1763881     669599        151     658890         12
USR           0          0          0          0          0          0
SYS           0          0          0          0          0          0
SYS           0          0          0          0          0          0
SYS      358715    3740806     120894      20594     441774         17
SYS           0          0          0          0          0          0
56  [core 1] exiting
MODE     instrs     cycles l1d access l1d refill l1i access l1i refill
USR           0          0          0          0          0          0
USR     1185497    1764480     669640        169     659219         15
USR           0          0          0          0          0          0
USR           0          0          0          0          0          0
SYS           0          0          0          0          0          0
SYS      356660    3635786     117633      19988     425297         21
SYS           0          0          0          0          0          0
SYS           0          0          0          0          0          0
53  [core 2] exiting
MODE     instrs     cycles l1d access l1d refill l1i access l1i refill
USR           0          0          0          0          0          0
USR           0          0          0          0          0          0
USR     1185481    1764929     669592        247     658826          7
USR           0          0          0          0          0          0
SYS           0          0          0          0          0          0
SYS           0          0          0          0          0          0
SYS      359407    3741388     121146      20672     439441         14
SYS           0          0          0          0          0          0
51  [core 1] exiting
MODE     instrs     cycles l1d access l1d refill l1i access l1i refill
USR           0          0          0          0          0          0
USR      175127     260503      99026         20      97460          0
USR           0          0          0          0          0          0
USR     1010034    1502196     570393         95     561062          7
SYS           0          0          0          0          0          0
SYS         743       1405        388          2       1023          1
SYS           0          0          0          0          0          0
SYS      592219    6163011     219725      40139     798374          8
67  [core 3] exiting
MODE     instrs     cycles l1d access l1d refill l1i access l1i refill
USR           0          0          0          0          0          0
USR           0          0          0          0          0          0
USR           0          0          0          0          0          0
USR     1185305    1762694     669462         95     658582          8
SYS           0          0          0          0          0          0
SYS           0          0          0          0          0          0
SYS           0          0          0          0          0          0
SYS      349069    3635772     116773      19681     420216         19
61  [core 0] exiting
MODE     instrs     cycles l1d access l1d refill l1i access l1i refill
USR     1185304    1764394     669461        246     658321          6
USR           0          0          0          0          0          0
USR           0          0          0          0          0          0
USR           0          0          0          0          0          0
SYS      564572    3741524     187492      22177     680690         15
SYS           0          0          0          0          0          0
SYS           0          0          0          0          0          0
SYS           0          0          0          0          0          0
22  [core 3] exiting
MODE     instrs     cycles l1d access l1d refill l1i access l1i refill
USR           0          0          0          0          0          0
USR           0          0          0          0          0          0
USR           0          0          0          0          0          0
USR     1185485    1764886     669597        177     659003         15
SYS           0          0          0          0          0          0
SYS           0          0          0          0          0          0
SYS           0          0          0          0          0          0
SYS     3565813   36958242    1481196     296386    5289597         22
69  [core 0] exiting
MODE     instrs     cycles l1d access l1d refill l1i access l1i refill
USR     1184845    1763069     669201        172     658017         11
USR           0          0          0          0          0          0
USR           0          0          0          0          0          0
USR           0          0          0          0          0          0
SYS      675988    2424187     201823         76     381212         16
SYS           0          0          0          0          0          0
SYS           0          0          0          0          0          0
SYS           0          0          0          0          0          0
43  [core 3] exiting
MODE     instrs     cycles l1d access l1d refill l1i access l1i refill
USR           0          0          0          0          0          0
USR           0          0          0          0          0          0
USR           0          0          0          0          0          0
USR     1185296    1763075     669491        138     658690          6
SYS           0          0          0          0          0          0
SYS           0          0          0          0          0          0
SYS           0          0          0          0          0          0
SYS      699928    7376100     267134      50521     972298         13
41  [core 2] exiting
MODE     instrs     cycles l1d access l1d refill l1i access l1i refill
USR           0          0          0          0          0          0
USR           0          0          0          0          0          0
USR     1185655    1764156     669726        139     659271         11
USR           0          0          0          0          0          0
SYS           0          0          0          0          0          0
SYS           0          0          0          0          0          0
SYS      233279    2423167      67502       9918     246496         10
SYS           0          0          0          0          0          0
27  [core 0] exiting
MODE     instrs     cycles l1d access l1d refill l1i access l1i refill
USR     1185481    1764694     669593        214     658780         11
USR           0          0          0          0          0          0
USR           0          0          0          0          0          0
USR           0          0          0          0          0          0
SYS     1154642   12222959     462018      90721    1664767         17
SYS           0          0          0          0          0          0
SYS           0          0          0          0          0          0
SYS           0          0          0          0          0          0
63  [core 3] exiting
MODE     instrs     cycles l1d access l1d refill l1i access l1i refill
USR           0          0          0          0          0          0
USR           0          0          0          0          0          0
USR           0          0          0          0          0          0
USR     1185481    1763193     669597        109     658935          9
SYS           0          0          0          0          0          0
SYS           0          0          0          0          0          0
SYS           0          0          0          0          0          0
SYS      360527    3741531     121523      20587     441543         21
62  [core 2] exiting
MODE     instrs     cycles l1d access l1d refill l1i access l1i refill
USR           0          0          0          0          0          0
USR           0          0          0          0          0          0
USR     1185524    1765896     669655        236     659286          8
USR           0          0          0          0          0          0
SYS           0          0          0          0          0          0
SYS           0          0          0          0          0          0
SYS      563807    3741491     187273      22161     678420         20
SYS           0          0          0          0          0          0
20  [core 1] exiting
MODE     instrs     cycles l1d access l1d refill l1i access l1i refill
USR           0          0          0          0          0          0
USR    40532269   60212720   22904743        276   22461214         23
USR           0          0          0          0          0          0
USR           0          0          0          0          0          0
SYS           0          0          0          0          0          0
SYS      361304    2704423     128546       9953     381771         35
SYS           0          0          0          0          0          0
SYS           0          0          0          0          0          0
31  [core 3] exiting
MODE     instrs     cycles l1d access l1d refill l1i access l1i refill
USR           0          0          0          0          0          0
USR           0          0          0          0          0          0
USR           0          0          0          0          0          0
USR     1185661    1764596     669731        160     659450          6
SYS           0          0          0          0          0          0
SYS           0          0          0          0          0          0
SYS           0          0          0          0          0          0
SYS      356352    3740797     120232      20794     435242         14
38  [core 0] exiting
MODE     instrs     cycles l1d access l1d refill l1i access l1i refill
USR     1185023    1763469     669337        138     658528         12
USR           0          0          0          0          0          0
USR           0          0          0          0          0          0
USR           0          0          0          0          0          0
SYS      346320    3635431     116021      20015     423287         18
SYS           0          0          0          0          0          0
SYS           0          0          0          0          0          0
SYS           0          0          0          0          0          0
57  [core 0] exiting
MODE     instrs     cycles l1d access l1d refill l1i access l1i refill
USR     1185478    1765991     669593        257     658766         12
USR           0          0          0          0          0          0
USR           0          0          0          0          0          0
USR           0          0          0          0          0          0
SYS      657751    4846676     228559      31328     827159         12
SYS           0          0          0          0          0          0
SYS           0          0          0          0          0          0
SYS           0          0          0          0          0          0
46  [core 0] exiting
MODE     instrs     cycles l1d access l1d refill l1i access l1i refill
USR     1185199    1763703     669470        163     659006          7
USR           0          0          0          0          0          0
USR           0          0          0          0          0          0
USR           0          0          0          0          0          0
SYS      246050    2529193      72399      10620     264782         13
SYS           0          0          0          0          0          0
SYS           0          0          0          0          0          0
SYS           0          0          0          0          0          0
19  [core 0] exiting
MODE     instrs     cycles l1d access l1d refill l1i access l1i refill
USR     1185836    1765889     669867        236     659817         15
USR           0          0          0          0          0          0
USR           0          0          0          0          0          0
USR           0          0          0          0          0          0
SYS      233436    2424126      67552       9993     246203         22
SYS           0          0          0          0          0          0
SYS           0          0          0          0          0          0
SYS           0          0          0          0          0          0
15  [core 3] exiting
MODE     instrs     cycles l1d access l1d refill l1i access l1i refill
USR           0          0          0          0          0          0
USR           0          0          0          0          0          0
USR           0          0          0          0          0          0
USR   118286083  175728261   66843849       2243   65532419         89
SYS           0          0          0          0          0          0
SYS           0          0          0          0          0          0
SYS           0          0          0          0          0          0
SYS      821749    4255361     331224      21056     932911         43
60  [core 1] exiting
MODE     instrs     cycles l1d access l1d refill l1i access l1i refill
USR           0          0          0          0          0          0
USR   118268012  175794224   66833096       9544   65518584         11
USR           0          0          0          0          0          0
USR           0          0          0          0          0          0
SYS           0          0          0          0          0          0
SYS      920397    4302732     362085      22357    1042525         26
SYS           0          0          0          0          0          0
SYS           0          0          0          0          0          0
waiting - 11
10  [core 2] exiting
MODE     instrs     cycles l1d access l1d refill l1i access l1i refill
USR        2126       6748        772         26       2540         32
USR           0          0          0          0          0          0
USR   118284624  176011450   66843531      19975   65531525          7
USR           0          0          0          0          0          0
SYS      701995    3835703     226156      18029     687600         39
SYS           0          0          0          0          0          0
SYS      363132     570246     181241       2452     389441         14
SYS           0          0          0          0          0          0
waiting - 12
40  [core 1] exiting
MODE     instrs     cycles l1d access l1d refill l1i access l1i refill
USR           0          0          0          0          0          0
USR   118272353  175848131   66836351      12098   65526379          9
USR           0          0          0          0          0          0
USR           0          0          0          0          0          0
SYS           0          0          0          0          0          0
SYS      726894    4415497     301250      23134     826076         31
SYS           0          0          0          0          0          0
SYS           0          0          0          0          0          0
waiting - 13
waiting - 14
waiting - 15
waiting - 16
waiting - 17
waiting - 18
waiting - 19
waiting - 20
waiting - 21
waiting - 22
waiting - 23
waiting - 24
waiting - 25
65  [core 1] exiting
MODE     instrs     cycles l1d access l1d refill l1i access l1i refill
USR     1009490    1502124     570070        168     560737          6
USR   117264785  174328581   66268304       9909   64972384          3
USR           0          0          0          0          0          0
USR           0          0          0          0          0          0
SYS      559970    3739614     182227      21267     661031          9
SYS      355170     534170     178855        414     386931         12
SYS           0          0          0          0          0          0
SYS           0          0          0          0          0          0
35  [core 3] exiting
MODE     instrs     cycles l1d access l1d refill l1i access l1i refill
USR           0          0          0          0          0          0
USR           0          0          0          0          0          0
USR           0          0          0          0          0          0
USR   118279051  175812655   66839915       8600   65540464         13
SYS           0          0          0          0          0          0
SYS           0          0          0          0          0          0
SYS           0          0          0          0          0          0
SYS      722874    4287083     301785      20168     822837         29
waiting - 26
25  [core 2] exiting
MODE     instrs     cycles l1d access l1d refill l1i access l1i refill
USR           0          0          0          0          0          0
USR           0          0          0          0          0          0
USR   118250858  175943362   66824972      19990   65524099         12
USR           0          0          0          0          0          0
SYS           0          0          0          0          0          0
SYS           0          0          0          0          0          0
SYS      719549    4289465     299798      20961     825824         39
SYS           0          0          0          0          0          0
55  [core 3] exiting
MODE     instrs     cycles l1d access l1d refill l1i access l1i refill
USR           0          0          0          0          0          0
USR           0          0          0          0          0          0
USR           0          0          0          0          0          0
USR   118285278  175798715   66843399       7440   65531084          7
SYS           0          0          0          0          0          0
SYS           0          0          0          0          0          0
SYS           0          0          0          0          0          0
SYS      715548    4297015     295058      21514     807382         27
45  [core 2] exiting
MODE     instrs     cycles l1d access l1d refill l1i access l1i refill
USR           0          0          0          0          0          0
USR           0          0          0          0          0          0
USR   118287662  175889069   66844899      14484   65535851         11
USR           0          0          0          0          0          0
SYS           0          0          0          0          0          0
SYS           0          0          0          0          0          0
SYS      602087    3110220     247515      13503     637734         22
SYS           0          0          0          0          0          0
waiting - 27
waiting - 28
waiting - 29
waiting - 30
50  [core 1] exiting
MODE     instrs     cycles l1d access l1d refill l1i access l1i refill
USR    80474849  119815733   45476264      17086   44584449          8
USR    37787013   56129354   21353799        313   20938016          0
USR           0          0          0          0          0          0
USR           0          0          0          0          0          0
SYS      711732    5330093     285582      31424     861769         25
SYS      118270     188227      59417        837     126832          1
SYS           0          0          0          0          0          0
SYS           0          0          0          0          0          0
30  [core 0] exiting
MODE     instrs     cycles l1d access l1d refill l1i access l1i refill
USR   118284383  175823034   66842651       9669   65533117         11
USR           0          0          0          0          0          0
USR           0          0          0          0          0          0
USR           0          0          0          0          0          0
SYS      947939    6846424     395251      44703    1174661         48
SYS           0          0          0          0          0          0
SYS           0          0          0          0          0          0
SYS           0          0          0          0          0          0
waiting - 31
waiting - 32
waiting - 33
waiting - 34
waiting - 35
waiting - 36
waiting - 37
waiting - 38
waiting - 39
waiting - 40
waiting - 41
waiting - 42
waiting - 43
waiting - 44
waiting - 45
waiting - 46
waiting - 47
waiting - 48
waiting - 49
waiting - 50
waiting - 51
waiting - 52
waiting - 53
waiting - 54
waiting - 55
waiting - 56
waiting - 57
waiting - 58
waiting - 59
waiting - 60
waiting - 61
waiting - 62
waiting - 63
waiting - 64
waiting - 65
waiting - 66
waiting - 67
waiting - 68
waiting - 69
perf_root - death (541309070)

